17:26:28.182 [INFO] [org.gradle.launcher.daemon.server.Daemon] start() called on daemon - DefaultDaemonContext[uid=3602ba4d-de19-4942-a64f-ad02df0e7c10,javaHome=/System/Library/Java/JavaVirtualMachines/1.6.0.jdk/Contents/Home,daemonRegistryDir=/Users/Vikramjeet/Documents/AndroidProjects/SimpleTodo/gradle/daemon,pid=30680,idleTimeout=10800000,daemonOpts=-XX:MaxPermSize=256m,-XX:+HeapDumpOnOutOfMemoryError,-Xmx1024m,-Dfile.encoding=UTF-8,-Duser.country=US,-Duser.language=en,-Duser.variant]
17:26:28.193 [DEBUG] [org.gradle.launcher.daemon.server.DaemonStateCoordinator] updating lastActivityAt to 1420680388193
17:26:28.213 [DEBUG] [org.gradle.messaging.remote.internal.inet.InetAddressFactory] Adding IP addresses for network interface utun0
17:26:28.214 [DEBUG] [org.gradle.messaging.remote.internal.inet.InetAddressFactory] Is this a loopback interface? false
17:26:28.215 [DEBUG] [org.gradle.messaging.remote.internal.inet.InetAddressFactory] Is this a multicast interface? true
17:26:28.215 [DEBUG] [org.gradle.messaging.remote.internal.inet.InetAddressFactory] Adding remote address /fe80:0:0:0:bb71:8217:fd5b:dd96%13
17:26:28.215 [DEBUG] [org.gradle.messaging.remote.internal.inet.InetAddressFactory] Adding remote multicast interface utun0
17:26:28.216 [DEBUG] [org.gradle.messaging.remote.internal.inet.InetAddressFactory] Adding IP addresses for network interface awdl0
17:26:28.220 [DEBUG] [org.gradle.messaging.remote.internal.inet.InetAddressFactory] Is this a loopback interface? false
17:26:28.221 [DEBUG] [org.gradle.messaging.remote.internal.inet.InetAddressFactory] Is this a multicast interface? true
17:26:28.221 [DEBUG] [org.gradle.messaging.remote.internal.inet.InetAddressFactory] Adding remote address /fe80:0:0:0:7c35:f7ff:fe67:1c1a%11
17:26:28.222 [DEBUG] [org.gradle.messaging.remote.internal.inet.InetAddressFactory] Adding remote multicast interface awdl0
17:26:28.222 [DEBUG] [org.gradle.messaging.remote.internal.inet.InetAddressFactory] Adding IP addresses for network interface utun1
17:26:28.223 [DEBUG] [org.gradle.messaging.remote.internal.inet.InetAddressFactory] Is this a loopback interface? false
17:26:28.223 [DEBUG] [org.gradle.messaging.remote.internal.inet.InetAddressFactory] Is this a multicast interface? true
17:26:28.224 [DEBUG] [org.gradle.messaging.remote.internal.inet.InetAddressFactory] Adding remote address /fe80:0:0:0:9686:a460:7315:95b3%14
17:26:28.224 [DEBUG] [org.gradle.messaging.remote.internal.inet.InetAddressFactory] Adding remote address /17.153.53.86
17:26:28.224 [DEBUG] [org.gradle.messaging.remote.internal.inet.InetAddressFactory] Adding remote multicast interface utun1
17:26:28.225 [DEBUG] [org.gradle.messaging.remote.internal.inet.InetAddressFactory] Adding IP addresses for network interface en0
17:26:28.225 [DEBUG] [org.gradle.messaging.remote.internal.inet.InetAddressFactory] Is this a loopback interface? false
17:26:28.226 [DEBUG] [org.gradle.messaging.remote.internal.inet.InetAddressFactory] Is this a multicast interface? true
17:26:28.226 [DEBUG] [org.gradle.messaging.remote.internal.inet.InetAddressFactory] Adding remote address /fe80:0:0:0:3e15:c2ff:feda:3dda%4
17:26:28.227 [DEBUG] [org.gradle.messaging.remote.internal.inet.InetAddressFactory] Adding remote address /192.168.1.6
17:26:28.227 [DEBUG] [org.gradle.messaging.remote.internal.inet.InetAddressFactory] Adding remote multicast interface en0
17:26:28.227 [DEBUG] [org.gradle.messaging.remote.internal.inet.InetAddressFactory] Adding IP addresses for network interface lo0
17:26:28.228 [DEBUG] [org.gradle.messaging.remote.internal.inet.InetAddressFactory] Is this a loopback interface? true
17:26:28.228 [DEBUG] [org.gradle.messaging.remote.internal.inet.InetAddressFactory] Is this a multicast interface? true
17:26:28.229 [DEBUG] [org.gradle.messaging.remote.internal.inet.InetAddressFactory] Ignoring remote address on loopback interface /fe80:0:0:0:0:0:0:1%1
17:26:28.229 [DEBUG] [org.gradle.messaging.remote.internal.inet.InetAddressFactory] Adding loopback address /0:0:0:0:0:0:0:1
17:26:28.230 [DEBUG] [org.gradle.messaging.remote.internal.inet.InetAddressFactory] Adding loopback address /127.0.0.1
17:26:28.230 [DEBUG] [org.gradle.messaging.remote.internal.inet.InetAddressFactory] Adding loopback multicast interface lo0
17:26:28.236 [DEBUG] [org.gradle.messaging.remote.internal.inet.TcpIncomingConnector] Listening on [133e0e4c-72c8-4f5c-9987-710d1bdf7c9b port:49935, addresses:[/0:0:0:0:0:0:0:1, /127.0.0.1]].
17:26:28.239 [DEBUG] [org.gradle.launcher.daemon.server.Daemon] Daemon starting at: Wed Jan 07 17:26:28 PST 2015, with address: [133e0e4c-72c8-4f5c-9987-710d1bdf7c9b port:49935, addresses:[/0:0:0:0:0:0:0:1, /127.0.0.1]]
17:26:28.240 [INFO] [org.gradle.launcher.daemon.server.DomainRegistryUpdater] Advertising the daemon address to the clients: [133e0e4c-72c8-4f5c-9987-710d1bdf7c9b port:49935, addresses:[/0:0:0:0:0:0:0:1, /127.0.0.1]]
17:26:28.240 [DEBUG] [org.gradle.launcher.daemon.server.DomainRegistryUpdater] Advertised daemon context: DefaultDaemonContext[uid=3602ba4d-de19-4942-a64f-ad02df0e7c10,javaHome=/System/Library/Java/JavaVirtualMachines/1.6.0.jdk/Contents/Home,daemonRegistryDir=/Users/Vikramjeet/Documents/AndroidProjects/SimpleTodo/gradle/daemon,pid=30680,idleTimeout=10800000,daemonOpts=-XX:MaxPermSize=256m,-XX:+HeapDumpOnOutOfMemoryError,-Xmx1024m,-Dfile.encoding=UTF-8,-Duser.country=US,-Duser.language=en,-Duser.variant]
17:26:28.241 [DEBUG] [org.gradle.launcher.daemon.registry.PersistentDaemonRegistry] Storing daemon address: [133e0e4c-72c8-4f5c-9987-710d1bdf7c9b port:49935, addresses:[/0:0:0:0:0:0:0:1, /127.0.0.1]], context: DefaultDaemonContext[uid=3602ba4d-de19-4942-a64f-ad02df0e7c10,javaHome=/System/Library/Java/JavaVirtualMachines/1.6.0.jdk/Contents/Home,daemonRegistryDir=/Users/Vikramjeet/Documents/AndroidProjects/SimpleTodo/gradle/daemon,pid=30680,idleTimeout=10800000,daemonOpts=-XX:MaxPermSize=256m,-XX:+HeapDumpOnOutOfMemoryError,-Xmx1024m,-Dfile.encoding=UTF-8,-Duser.country=US,-Duser.language=en,-Duser.variant]
17:26:28.257 [DEBUG] [org.gradle.cache.internal.DefaultFileLockManager] Waiting to acquire exclusive lock on daemon addresses registry.
17:26:28.265 [DEBUG] [org.gradle.cache.internal.DefaultFileLockManager] Lock acquired.
17:26:28.295 [DEBUG] [org.gradle.cache.internal.DefaultFileLockManager] Releasing lock on daemon addresses registry.
17:26:28.297 [LIFECYCLE] [org.gradle.launcher.daemon.server.Daemon] Daemon server started.
17:26:28.300 [DEBUG] [org.gradle.launcher.daemon.bootstrap.DaemonStartupCommunication] Completed writing the daemon greeting. Closing streams...
17:26:28.300 [DEBUG] [org.gradle.launcher.daemon.server.Daemon] requestStopOnIdleTimeout(10800000 MILLISECONDS) called on daemon
17:26:28.301 [DEBUG] [org.gradle.launcher.daemon.server.DaemonStateCoordinator] Idle timeout: waiting for daemon to stop or be idle for 10800000ms
17:26:28.302 [DEBUG] [org.gradle.launcher.daemon.server.DaemonStateCoordinator] Daemon is idle, sleeping until state change or idle timeout at Wed Jan 07 20:26:28 PST 2015
17:26:28.321 [DEBUG] [org.gradle.messaging.remote.internal.inet.TcpIncomingConnector] Accepted connection from /127.0.0.1:49939 to /127.0.0.1:49935.
17:26:28.363 [DEBUG] [org.gradle.launcher.daemon.server.SynchronizedDispatchConnection] thread 15: received class org.gradle.launcher.daemon.protocol.Build
17:26:28.364 [DEBUG] [org.gradle.launcher.daemon.server.DefaultDaemonConnection] Received non-IO message from client: Build{id=84ecd360-0f5e-4f77-970d-4293c4b2fc74.1, currentDir=/Users/Vikramjeet/Documents/AndroidProjects/SimpleToDo}
17:26:28.364 [INFO] [org.gradle.launcher.daemon.server.DefaultIncomingConnectionHandler] Received command: Build{id=84ecd360-0f5e-4f77-970d-4293c4b2fc74.1, currentDir=/Users/Vikramjeet/Documents/AndroidProjects/SimpleToDo}.
17:26:28.365 [DEBUG] [org.gradle.launcher.daemon.server.DefaultIncomingConnectionHandler] Starting executing command: Build{id=84ecd360-0f5e-4f77-970d-4293c4b2fc74.1, currentDir=/Users/Vikramjeet/Documents/AndroidProjects/SimpleToDo} with connection: socket connection from /127.0.0.1:49935 to /127.0.0.1:49939.
17:26:28.372 [DEBUG] [org.gradle.launcher.daemon.server.DaemonStateCoordinator] Command execution: started DaemonCommandExecution[command = Build{id=84ecd360-0f5e-4f77-970d-4293c4b2fc74.1, currentDir=/Users/Vikramjeet/Documents/AndroidProjects/SimpleToDo}, connection = org.gradle.launcher.daemon.server.DefaultDaemonConnection@45cbda0a] after 0.0 minutes of idle
17:26:28.373 [INFO] [org.gradle.launcher.daemon.server.DomainRegistryUpdater] Marking the daemon as busy, address: [133e0e4c-72c8-4f5c-9987-710d1bdf7c9b port:49935, addresses:[/0:0:0:0:0:0:0:1, /127.0.0.1]]
17:26:28.374 [DEBUG] [org.gradle.launcher.daemon.registry.PersistentDaemonRegistry] Marking busy by address: [133e0e4c-72c8-4f5c-9987-710d1bdf7c9b port:49935, addresses:[/0:0:0:0:0:0:0:1, /127.0.0.1]]
17:26:28.375 [DEBUG] [org.gradle.cache.internal.DefaultFileLockManager] Waiting to acquire exclusive lock on daemon addresses registry.
17:26:28.375 [DEBUG] [org.gradle.cache.internal.DefaultFileLockManager] Lock acquired.
17:26:28.385 [DEBUG] [org.gradle.cache.internal.DefaultFileLockManager] Releasing lock on daemon addresses registry.
17:26:28.386 [DEBUG] [org.gradle.launcher.daemon.server.DaemonStateCoordinator] updating lastActivityAt to 1420680388386
17:26:28.387 [DEBUG] [org.gradle.launcher.daemon.server.DaemonStateCoordinator] Daemon is busy, sleeping until state changes.
17:26:28.387 [INFO] [org.gradle.launcher.daemon.server.exec.StartBuildOrRespondWithBusy] Daemon is about to start building Build{id=84ecd360-0f5e-4f77-970d-4293c4b2fc74.1, currentDir=/Users/Vikramjeet/Documents/AndroidProjects/SimpleToDo}. Dispatching build started information...
17:26:28.388 [DEBUG] [org.gradle.launcher.daemon.server.SynchronizedDispatchConnection] thread 17: dispatching class org.gradle.launcher.daemon.protocol.BuildStarted
17:26:28.393 [DEBUG] [org.gradle.launcher.daemon.server.exec.EstablishBuildEnvironment] Configuring env variables: {SHELL=/bin/bash, HOME=/Users/Vikramjeet, TMPDIR=/var/folders/gy/zqdwc_qd0y3c65fhbfyddf000000gn/T/, XPC_SERVICE_NAME=com.google.android.studio.15084, LOGNAME=Vikramjeet, Apple_PubSub_Socket_Render=/private/tmp/com.apple.launchd.J5DpZzNJqd/Render, __CF_USER_TEXT_ENCODING=0x1F5:0x0:0x0, PATH=/usr/bin:/bin:/usr/sbin:/sbin, XPC_FLAGS=0x0, SSH_AUTH_SOCK=/private/tmp/com.apple.launchd.J9Wj49aUI8/Listeners, USER=Vikramjeet}
17:26:28.404 [DEBUG] [org.gradle.launcher.daemon.server.SynchronizedDispatchConnection] thread 15: received class org.gradle.launcher.daemon.protocol.CloseInput
17:26:28.405 [DEBUG] [org.gradle.launcher.daemon.server.DefaultDaemonConnection] Received IO message from client: CloseInput[id=84ecd360-0f5e-4f77-970d-4293c4b2fc74.2]
17:26:28.411 [INFO] [org.gradle.launcher.daemon.server.exec.LogToClient] About to start relaying all logs to the client via the connection.
17:26:28.411 [INFO] [org.gradle.launcher.daemon.server.exec.LogToClient] The client will now receive all logging from the daemon (pid: 30680). The daemon log file: /Users/Vikramjeet/Documents/AndroidProjects/SimpleTodo/gradle/daemon/2.2.1/daemon-30680.out.log
17:26:28.413 [INFO] [org.gradle.launcher.daemon.server.exec.ForwardClientInput] Closing daemon's stdin at end of input.
17:26:28.413 [INFO] [org.gradle.launcher.daemon.server.exec.ForwardClientInput] The daemon will no longer process any standard input.
17:26:28.416 [DEBUG] [org.gradle.launcher.daemon.server.exec.ExecuteBuild] The daemon has started executing the build.
17:26:28.416 [INFO] [org.gradle.launcher.daemon.server.exec.ExecuteBuild] Executing build with daemon context: DefaultDaemonContext[uid=3602ba4d-de19-4942-a64f-ad02df0e7c10,javaHome=/System/Library/Java/JavaVirtualMachines/1.6.0.jdk/Contents/Home,daemonRegistryDir=/Users/Vikramjeet/Documents/AndroidProjects/SimpleTodo/gradle/daemon,pid=30680,idleTimeout=10800000,daemonOpts=-XX:MaxPermSize=256m,-XX:+HeapDumpOnOutOfMemoryError,-Xmx1024m,-Dfile.encoding=UTF-8,-Duser.country=US,-Duser.language=en,-Duser.variant]
17:26:29.045 [DEBUG] [org.gradle.internal.resource.transport.http.JavaSystemPropertiesHttpProxySettings] Found java system property 'http.nonProxyHosts': local|*.local|169.254/16|*.169.254/16. Will ignore proxy settings for these hosts.
17:26:29.182 [INFO] [org.gradle.tooling.internal.provider.DefaultPayloadClassLoaderRegistry] Creating ClassLoader 0efa7cd2-9b1b-45aa-9669-3d72fbff406a from [Spec classpath:[file:/Applications/Android%20Studio.app/Contents/plugins/gradle/lib/gradle-tooling-api-2.2.jar, file:/Applications/Android%20Studio.app/Contents/plugins/gradle/lib/guava-jdk5-17.0.jar, file:/Applications/Android%20Studio.app/Contents/plugins/gradle/lib/gradle-base-services-2.2.jar, file:/Applications/Android%20Studio.app/Contents/plugins/gradle/lib/gradle-tooling-extension-api.jar, file:/Applications/Android%20Studio.app/Contents/lib/openapi.jar, file:/Applications/Android%20Studio.app/Contents/plugins/google-cloud-tools/lib/gradle-appengine-builder-model-0.1.0.jar, file:/Applications/Android%20Studio.app/Contents/plugins/android/lib/builder-model-1.0.0.jar]] and [org.gradle.internal.classloader.FilteringClassLoader@7182c2d9].
17:26:29.183 [DEBUG] [org.gradle.cache.internal.DefaultFileLockManager] Waiting to acquire exclusive lock on jars (/Users/Vikramjeet/Documents/AndroidProjects/SimpleToDo/gradle/caches/jars-1).
17:26:29.184 [DEBUG] [org.gradle.cache.internal.DefaultFileLockManager] Lock acquired.
17:26:29.186 [DEBUG] [org.gradle.cache.internal.locklistener.DefaultFileLockContentionHandler] Starting file lock listener thread.

BUILD SUCCESSFUL

Total time: 10.962 secs
17:26:37.150 [DEBUG] [org.gradle.api.internal.tasks.compile.daemon.CompilerDaemonManager] Stopping 0 compiler daemon(s).
17:26:37.151 [INFO] [org.gradle.api.internal.tasks.compile.daemon.CompilerDaemonManager] Stopped 0 compiler daemon(s).
17:26:37.152 [DEBUG] [org.gradle.cache.internal.DefaultCacheAccess] Cache Plugin Resolution Cache (/Users/Vikramjeet/Documents/AndroidProjects/SimpleToDo/gradle/caches/2.2.1/plugin-resolution) was closed 0 times.
17:26:37.154 [DEBUG] [org.gradle.cache.internal.btree.BTreePersistentIndexedCache] Closing cache module-metadata.bin (/Users/Vikramjeet/Documents/AndroidProjects/SimpleToDo/gradle/caches/modules-2/metadata-2.14/module-metadata.bin)
17:26:37.155 [DEBUG] [org.gradle.cache.internal.DefaultFileLockManager] Releasing lock on artifact cache (/Users/Vikramjeet/Documents/AndroidProjects/SimpleToDo/gradle/caches/modules-2).
17:26:37.156 [DEBUG] [org.gradle.cache.internal.DefaultFileLockManager] Releasing lock on jars (/Users/Vikramjeet/Documents/AndroidProjects/SimpleToDo/gradle/caches/jars-1).
17:26:37.157 [DEBUG] [org.gradle.cache.internal.DefaultFileLockManager] Releasing lock on initscript class cache for initialization script '/private/var/folders/gy/zqdwc_qd0y3c65fhbfyddf000000gn/T/asLocalRepo1457060037126568216.gradle' (/Users/Vikramjeet/Documents/AndroidProjects/SimpleToDo/gradle/caches/2.2.1/scripts/asLocalRepo1457060037126568216_97dmp2cu0npxsz9jfki01gbx/InitScript/initscript).
17:26:37.158 [DEBUG] [org.gradle.cache.internal.DefaultFileLockManager] Releasing lock on no_initscript class cache for initialization script '/private/var/folders/gy/zqdwc_qd0y3c65fhbfyddf000000gn/T/asLocalRepo1457060037126568216.gradle' (/Users/Vikramjeet/Documents/AndroidProjects/SimpleToDo/gradle/caches/2.2.1/scripts/asLocalRepo1457060037126568216_97dmp2cu0npxsz9jfki01gbx/InitScript/no_initscript).
17:26:37.159 [DEBUG] [org.gradle.cache.internal.DefaultFileLockManager] Releasing lock on buildscript class cache for settings file '/Users/Vikramjeet/Documents/AndroidProjects/SimpleToDo/settings.gradle' (/Users/Vikramjeet/Documents/AndroidProjects/SimpleToDo/gradle/caches/2.2.1/scripts/settings_2ksub8sug2juxkcbthlqept78/SettingsScript/buildscript).
17:26:37.160 [DEBUG] [org.gradle.cache.internal.DefaultFileLockManager] Releasing lock on no_buildscript class cache for settings file '/Users/Vikramjeet/Documents/AndroidProjects/SimpleToDo/settings.gradle' (/Users/Vikramjeet/Documents/AndroidProjects/SimpleToDo/gradle/caches/2.2.1/scripts/settings_2ksub8sug2juxkcbthlqept78/SettingsScript/no_buildscript).
17:26:37.161 [DEBUG] [org.gradle.cache.internal.DefaultFileLockManager] Releasing lock on buildscript class cache for build file '/Users/Vikramjeet/Documents/AndroidProjects/SimpleToDo/build.gradle' (/Users/Vikramjeet/Documents/AndroidProjects/SimpleToDo/gradle/caches/2.2.1/scripts/build_6x6g0yfrgfziqg4ywgsogn59p/ProjectScript/buildscript).
17:26:37.162 [DEBUG] [org.gradle.cache.internal.DefaultFileLockManager] Releasing lock on no_buildscript class cache for build file '/Users/Vikramjeet/Documents/AndroidProjects/SimpleToDo/build.gradle' (/Users/Vikramjeet/Documents/AndroidProjects/SimpleToDo/gradle/caches/2.2.1/scripts/build_6x6g0yfrgfziqg4ywgsogn59p/ProjectScript/no_buildscript).
17:26:37.163 [DEBUG] [org.gradle.cache.internal.DefaultFileLockManager] Releasing lock on buildscript class cache for build file '/Users/Vikramjeet/Documents/AndroidProjects/SimpleToDo/app/build.gradle' (/Users/Vikramjeet/Documents/AndroidProjects/SimpleToDo/gradle/caches/2.2.1/scripts/build_52nh8bbnxm23a3r1wvbuzil45/ProjectScript/buildscript).
17:26:37.163 [DEBUG] [org.gradle.cache.internal.DefaultFileLockManager] Releasing lock on no_buildscript class cache for build file '/Users/Vikramjeet/Documents/AndroidProjects/SimpleToDo/app/build.gradle' (/Users/Vikramjeet/Documents/AndroidProjects/SimpleToDo/gradle/caches/2.2.1/scripts/build_52nh8bbnxm23a3r1wvbuzil45/ProjectScript/no_buildscript).
17:26:37.179 [DEBUG] [org.gradle.api.internal.artifacts.ivyservice.ivyresolve.memcache.InMemoryCachedRepositoryFactory] In-memory dependency metadata cache closed. Repos cached: 20, cache instances: 4, modules served from cache: 47, artifacts: 29
17:26:37.182 [DEBUG] [org.gradle.api.internal.artifacts.ivyservice.resolveengine.store.CachedStoreFactory] Resolution result cache closed. Cache reads: 2, disk reads: 3 (avg: 0.0020 secs, total: 0.0060 secs)
17:26:37.183 [DEBUG] [org.gradle.api.internal.artifacts.ivyservice.resolveengine.store.CachedStoreFactory] Resolved configuration cache closed. Cache reads: 0, disk reads: 0 (avg: 0.0 secs, total: 0.0 secs)
17:26:37.184 [DEBUG] [org.gradle.api.internal.artifacts.ivyservice.resolveengine.store.ResolutionResultsStoreFactory] Deleted 2 resolution results binary files in 0.0030 secs
17:26:37.185 [DEBUG] [org.gradle.launcher.daemon.server.exec.ExecuteBuild] The daemon has finished executing the build.
17:26:37.425 [DEBUG] [org.gradle.launcher.daemon.server.DaemonStateCoordinator] Daemon is busy, sleeping until state changes.
17:26:37.425 [DEBUG] [org.gradle.launcher.daemon.server.DaemonStateCoordinator] Command execution: finished waiting for DaemonCommandExecution[command = Build{id=84ecd360-0f5e-4f77-970d-4293c4b2fc74.1, currentDir=/Users/Vikramjeet/Documents/AndroidProjects/SimpleToDo}, connection = org.gradle.launcher.daemon.server.DefaultDaemonConnection@45cbda0a]. Result org.gradle.launcher.daemon.server.DaemonStateCoordinator@4bf329a4 with state Running
17:26:37.426 [DEBUG] [org.gradle.launcher.daemon.server.DaemonStateCoordinator] Command execution: completed DaemonCommandExecution[command = Build{id=84ecd360-0f5e-4f77-970d-4293c4b2fc74.1, currentDir=/Users/Vikramjeet/Documents/AndroidProjects/SimpleToDo}, connection = org.gradle.launcher.daemon.server.DefaultDaemonConnection@45cbda0a]
17:26:37.426 [DEBUG] [org.gradle.launcher.daemon.server.DaemonStateCoordinator] updating lastActivityAt to 1420680397426
17:26:37.426 [INFO] [org.gradle.launcher.daemon.server.DomainRegistryUpdater] Marking the daemon as idle, address: [133e0e4c-72c8-4f5c-9987-710d1bdf7c9b port:49935, addresses:[/0:0:0:0:0:0:0:1, /127.0.0.1]]
17:26:37.427 [DEBUG] [org.gradle.launcher.daemon.registry.PersistentDaemonRegistry] Marking idle by address: [133e0e4c-72c8-4f5c-9987-710d1bdf7c9b port:49935, addresses:[/0:0:0:0:0:0:0:1, /127.0.0.1]]
17:26:37.428 [DEBUG] [org.gradle.cache.internal.DefaultFileLockManager] Waiting to acquire exclusive lock on daemon addresses registry.
17:26:37.428 [DEBUG] [org.gradle.cache.internal.DefaultFileLockManager] Lock acquired.
17:26:37.431 [DEBUG] [org.gradle.cache.internal.DefaultFileLockManager] Releasing lock on daemon addresses registry.
17:26:37.432 [DEBUG] [org.gradle.launcher.daemon.server.DaemonStateCoordinator] Daemon is idle, sleeping until state change or idle timeout at Wed Jan 07 20:26:37 PST 2015
17:26:37.432 [DEBUG] [org.gradle.launcher.daemon.server.exec.ReturnResult] Daemon is dispatching the build result: DaemonCommandResult[type=Success, value=org.gradle.tooling.internal.provider.BuildActionResult@347db2f9]
17:26:37.433 [DEBUG] [org.gradle.launcher.daemon.server.SynchronizedDispatchConnection] thread 14: dispatching class org.gradle.launcher.daemon.protocol.Success
17:26:37.448 [DEBUG] [org.gradle.launcher.daemon.server.DefaultIncomingConnectionHandler] Finishing executing command: Build{id=84ecd360-0f5e-4f77-970d-4293c4b2fc74.1, currentDir=/Users/Vikramjeet/Documents/AndroidProjects/SimpleToDo}
17:26:37.467 [DEBUG] [org.gradle.launcher.daemon.server.SynchronizedDispatchConnection] thread 15: received class org.gradle.launcher.daemon.protocol.Finished
17:26:37.467 [DEBUG] [org.gradle.launcher.daemon.server.DefaultDaemonConnection] Received non-IO message from client: org.gradle.launcher.daemon.protocol.Finished@68a9ae3e
17:26:37.468 [DEBUG] [org.gradle.launcher.daemon.server.DefaultIncomingConnectionHandler] Received finished message: org.gradle.launcher.daemon.protocol.Finished@68a9ae3e
17:26:37.468 [DEBUG] [org.gradle.launcher.daemon.server.SynchronizedDispatchConnection] thread 15: received null
17:26:37.469 [DEBUG] [org.gradle.launcher.daemon.server.SynchronizedDispatchConnection] thread 14: stopping connection
17:26:37.469 [DEBUG] [org.gradle.launcher.daemon.server.DefaultDaemonConnection] Received end-of-input from client.
17:26:37.472 [DEBUG] [org.gradle.launcher.daemon.server.SynchronizedDispatchConnection] thread 14: stopping connection
19:48:35.188 [DEBUG] [org.gradle.messaging.remote.internal.inet.TcpIncomingConnector] Accepted connection from /127.0.0.1:52448 to /127.0.0.1:49935.
19:48:35.192 [DEBUG] [org.gradle.launcher.daemon.server.SynchronizedDispatchConnection] thread 23: received class org.gradle.launcher.daemon.protocol.StopWhenIdle
19:48:35.193 [DEBUG] [org.gradle.launcher.daemon.server.DefaultDaemonConnection] Received non-IO message from client: StopWhenIdle[id=c5ef184a-4d65-40cf-8122-28fa07d99cc3.1]
19:48:35.193 [INFO] [org.gradle.launcher.daemon.server.DefaultIncomingConnectionHandler] Received command: StopWhenIdle[id=c5ef184a-4d65-40cf-8122-28fa07d99cc3.1].
19:48:35.193 [DEBUG] [org.gradle.launcher.daemon.server.DefaultIncomingConnectionHandler] Starting executing command: StopWhenIdle[id=c5ef184a-4d65-40cf-8122-28fa07d99cc3.1] with connection: socket connection from /127.0.0.1:49935 to /127.0.0.1:52448.
19:48:35.194 [DEBUG] [org.gradle.launcher.daemon.server.DaemonStateCoordinator] Stop as soon as idle requested. The daemon is busy: false
19:48:35.194 [DEBUG] [org.gradle.launcher.daemon.server.DaemonStateCoordinator] Marking daemon stopped due to stop requested and daemon idle. The daemon is running a build: false
19:48:35.194 [DEBUG] [org.gradle.launcher.daemon.server.SynchronizedDispatchConnection] thread 22: dispatching class org.gradle.launcher.daemon.protocol.Success
19:48:35.194 [DEBUG] [org.gradle.launcher.daemon.server.DaemonStateCoordinator] Idle timeout: daemon has stopped.
19:48:35.195 [DEBUG] [org.gradle.launcher.daemon.server.DefaultIncomingConnectionHandler] Finishing executing command: StopWhenIdle[id=c5ef184a-4d65-40cf-8122-28fa07d99cc3.1]
19:48:35.195 [DEBUG] [org.gradle.launcher.daemon.server.Daemon] stop() called on daemon
19:48:35.195 [INFO] [org.gradle.launcher.daemon.server.Daemon] Stop requested. Daemon is removing its presence from the registry...
19:48:35.196 [DEBUG] [org.gradle.launcher.daemon.server.DomainRegistryUpdater] Removing our presence to clients, eg. removing this address from the registry: [133e0e4c-72c8-4f5c-9987-710d1bdf7c9b port:49935, addresses:[/0:0:0:0:0:0:0:1, /127.0.0.1]]
19:48:35.196 [DEBUG] [org.gradle.launcher.daemon.registry.PersistentDaemonRegistry] Removing daemon address: [133e0e4c-72c8-4f5c-9987-710d1bdf7c9b port:49935, addresses:[/0:0:0:0:0:0:0:1, /127.0.0.1]]
19:48:35.196 [DEBUG] [org.gradle.launcher.daemon.server.SynchronizedDispatchConnection] thread 23: received class org.gradle.launcher.daemon.protocol.Finished
19:48:35.197 [DEBUG] [org.gradle.launcher.daemon.server.DefaultDaemonConnection] Received non-IO message from client: org.gradle.launcher.daemon.protocol.Finished@7495435a
19:48:35.197 [DEBUG] [org.gradle.launcher.daemon.server.DefaultIncomingConnectionHandler] Received finished message: org.gradle.launcher.daemon.protocol.Finished@7495435a
19:48:35.197 [DEBUG] [org.gradle.cache.internal.DefaultFileLockManager] Waiting to acquire exclusive lock on daemon addresses registry.
19:48:35.197 [DEBUG] [org.gradle.launcher.daemon.server.SynchronizedDispatchConnection] thread 23: received null
19:48:35.198 [DEBUG] [org.gradle.launcher.daemon.server.DefaultDaemonConnection] Received end-of-input from client.
19:48:35.197 [DEBUG] [org.gradle.launcher.daemon.server.SynchronizedDispatchConnection] thread 22: stopping connection
19:48:35.198 [DEBUG] [org.gradle.cache.internal.DefaultFileLockManager] Lock acquired.
19:48:35.199 [DEBUG] [org.gradle.launcher.daemon.server.SynchronizedDispatchConnection] thread 22: stopping connection
19:48:35.201 [DEBUG] [org.gradle.cache.internal.DefaultFileLockManager] Releasing lock on daemon addresses registry.
19:48:35.201 [DEBUG] [org.gradle.launcher.daemon.server.DomainRegistryUpdater] Address removed from registry.
Daemon vm is shutting down... The daemon has exited normally or was terminated in response to a user interrupt.
19:48:35.203 [DEBUG] [org.gradle.launcher.daemon.registry.PersistentDaemonRegistry] Removing daemon address: [133e0e4c-72c8-4f5c-9987-710d1bdf7c9b port:49935, addresses:[/0:0:0:0:0:0:0:1, /127.0.0.1]]
19:48:35.203 [DEBUG] [org.gradle.cache.internal.DefaultFileLockManager] Waiting to acquire exclusive lock on daemon addresses registry.
19:48:35.203 [DEBUG] [org.gradle.cache.internal.DefaultFileLockManager] Lock acquired.
19:48:35.204 [DEBUG] [org.gradle.cache.internal.DefaultFileLockManager] Releasing lock on daemon addresses registry.
