14:32:10.618 [INFO] [org.gradle.launcher.daemon.server.Daemon] start() called on daemon - DefaultDaemonContext[uid=e60420e8-82d3-4bf3-b63f-30596149f8d9,javaHome=/System/Library/Java/JavaVirtualMachines/1.6.0.jdk/Contents/Home,daemonRegistryDir=/Users/Vikramjeet/Documents/AndroidProjects/SimpleTodo/gradle/daemon,pid=8014,idleTimeout=10800000,daemonOpts=-XX:MaxPermSize=256m,-XX:+HeapDumpOnOutOfMemoryError,-Xmx1024m,-Dfile.encoding=UTF-8,-Duser.country=US,-Duser.language=en,-Duser.variant]
14:32:10.630 [DEBUG] [org.gradle.launcher.daemon.server.DaemonStateCoordinator] updating lastActivityAt to 1419028330630
14:32:10.653 [DEBUG] [org.gradle.messaging.remote.internal.inet.InetAddressFactory] Adding IP addresses for network interface utun0
14:32:10.654 [DEBUG] [org.gradle.messaging.remote.internal.inet.InetAddressFactory] Is this a loopback interface? false
14:32:10.655 [DEBUG] [org.gradle.messaging.remote.internal.inet.InetAddressFactory] Is this a multicast interface? true
14:32:10.656 [DEBUG] [org.gradle.messaging.remote.internal.inet.InetAddressFactory] Adding remote address /fe80:0:0:0:bb71:8217:fd5b:dd96%13
14:32:10.657 [DEBUG] [org.gradle.messaging.remote.internal.inet.InetAddressFactory] Adding remote multicast interface utun0
14:32:10.658 [DEBUG] [org.gradle.messaging.remote.internal.inet.InetAddressFactory] Adding IP addresses for network interface awdl0
14:32:10.659 [DEBUG] [org.gradle.messaging.remote.internal.inet.InetAddressFactory] Is this a loopback interface? false
14:32:10.659 [DEBUG] [org.gradle.messaging.remote.internal.inet.InetAddressFactory] Is this a multicast interface? true
14:32:10.660 [DEBUG] [org.gradle.messaging.remote.internal.inet.InetAddressFactory] Adding remote address /fe80:0:0:0:7c35:f7ff:fe67:1c1a%11
14:32:10.660 [DEBUG] [org.gradle.messaging.remote.internal.inet.InetAddressFactory] Adding remote multicast interface awdl0
14:32:10.661 [DEBUG] [org.gradle.messaging.remote.internal.inet.InetAddressFactory] Adding IP addresses for network interface utun1
14:32:10.661 [DEBUG] [org.gradle.messaging.remote.internal.inet.InetAddressFactory] Is this a loopback interface? false
14:32:10.662 [DEBUG] [org.gradle.messaging.remote.internal.inet.InetAddressFactory] Is this a multicast interface? true
14:32:10.662 [DEBUG] [org.gradle.messaging.remote.internal.inet.InetAddressFactory] Adding remote address /fe80:0:0:0:7f23:a9f8:9d7c:74d5%14
14:32:10.663 [DEBUG] [org.gradle.messaging.remote.internal.inet.InetAddressFactory] Adding remote address /17.153.60.36
14:32:10.663 [DEBUG] [org.gradle.messaging.remote.internal.inet.InetAddressFactory] Adding remote multicast interface utun1
14:32:10.664 [DEBUG] [org.gradle.messaging.remote.internal.inet.InetAddressFactory] Adding IP addresses for network interface en0
14:32:10.664 [DEBUG] [org.gradle.messaging.remote.internal.inet.InetAddressFactory] Is this a loopback interface? false
14:32:10.664 [DEBUG] [org.gradle.messaging.remote.internal.inet.InetAddressFactory] Is this a multicast interface? true
14:32:10.665 [DEBUG] [org.gradle.messaging.remote.internal.inet.InetAddressFactory] Adding remote address /fe80:0:0:0:3e15:c2ff:feda:3dda%4
14:32:10.665 [DEBUG] [org.gradle.messaging.remote.internal.inet.InetAddressFactory] Adding remote address /192.168.1.6
14:32:10.666 [DEBUG] [org.gradle.messaging.remote.internal.inet.InetAddressFactory] Adding remote multicast interface en0
14:32:10.666 [DEBUG] [org.gradle.messaging.remote.internal.inet.InetAddressFactory] Adding IP addresses for network interface lo0
14:32:10.666 [DEBUG] [org.gradle.messaging.remote.internal.inet.InetAddressFactory] Is this a loopback interface? true
14:32:10.667 [DEBUG] [org.gradle.messaging.remote.internal.inet.InetAddressFactory] Is this a multicast interface? true
14:32:10.667 [DEBUG] [org.gradle.messaging.remote.internal.inet.InetAddressFactory] Ignoring remote address on loopback interface /fe80:0:0:0:0:0:0:1%1
14:32:10.667 [DEBUG] [org.gradle.messaging.remote.internal.inet.InetAddressFactory] Adding loopback address /0:0:0:0:0:0:0:1
14:32:10.668 [DEBUG] [org.gradle.messaging.remote.internal.inet.InetAddressFactory] Adding loopback address /127.0.0.1
14:32:10.668 [DEBUG] [org.gradle.messaging.remote.internal.inet.InetAddressFactory] Adding loopback multicast interface lo0
14:32:10.674 [DEBUG] [org.gradle.messaging.remote.internal.inet.TcpIncomingConnector] Listening on [ee51ab01-3149-4a76-b656-6c0441a5fb07 port:50428, addresses:[/0:0:0:0:0:0:0:1, /127.0.0.1]].
14:32:10.676 [DEBUG] [org.gradle.launcher.daemon.server.Daemon] Daemon starting at: Fri Dec 19 14:32:10 PST 2014, with address: [ee51ab01-3149-4a76-b656-6c0441a5fb07 port:50428, addresses:[/0:0:0:0:0:0:0:1, /127.0.0.1]]
14:32:10.677 [INFO] [org.gradle.launcher.daemon.server.DomainRegistryUpdater] Advertising the daemon address to the clients: [ee51ab01-3149-4a76-b656-6c0441a5fb07 port:50428, addresses:[/0:0:0:0:0:0:0:1, /127.0.0.1]]
14:32:10.678 [DEBUG] [org.gradle.launcher.daemon.server.DomainRegistryUpdater] Advertised daemon context: DefaultDaemonContext[uid=e60420e8-82d3-4bf3-b63f-30596149f8d9,javaHome=/System/Library/Java/JavaVirtualMachines/1.6.0.jdk/Contents/Home,daemonRegistryDir=/Users/Vikramjeet/Documents/AndroidProjects/SimpleTodo/gradle/daemon,pid=8014,idleTimeout=10800000,daemonOpts=-XX:MaxPermSize=256m,-XX:+HeapDumpOnOutOfMemoryError,-Xmx1024m,-Dfile.encoding=UTF-8,-Duser.country=US,-Duser.language=en,-Duser.variant]
14:32:10.678 [DEBUG] [org.gradle.launcher.daemon.registry.PersistentDaemonRegistry] Storing daemon address: [ee51ab01-3149-4a76-b656-6c0441a5fb07 port:50428, addresses:[/0:0:0:0:0:0:0:1, /127.0.0.1]], context: DefaultDaemonContext[uid=e60420e8-82d3-4bf3-b63f-30596149f8d9,javaHome=/System/Library/Java/JavaVirtualMachines/1.6.0.jdk/Contents/Home,daemonRegistryDir=/Users/Vikramjeet/Documents/AndroidProjects/SimpleTodo/gradle/daemon,pid=8014,idleTimeout=10800000,daemonOpts=-XX:MaxPermSize=256m,-XX:+HeapDumpOnOutOfMemoryError,-Xmx1024m,-Dfile.encoding=UTF-8,-Duser.country=US,-Duser.language=en,-Duser.variant]
14:32:10.691 [DEBUG] [org.gradle.cache.internal.DefaultFileLockManager] Waiting to acquire exclusive lock on daemon addresses registry.
14:32:10.700 [DEBUG] [org.gradle.cache.internal.DefaultFileLockManager] Lock acquired.
14:32:10.731 [DEBUG] [org.gradle.cache.internal.DefaultFileLockManager] Releasing lock on daemon addresses registry.
14:32:10.734 [LIFECYCLE] [org.gradle.launcher.daemon.server.Daemon] Daemon server started.
14:32:10.737 [DEBUG] [org.gradle.launcher.daemon.bootstrap.DaemonStartupCommunication] Completed writing the daemon greeting. Closing streams...
14:32:10.737 [DEBUG] [org.gradle.launcher.daemon.server.Daemon] requestStopOnIdleTimeout(10800000 MILLISECONDS) called on daemon
14:32:10.738 [DEBUG] [org.gradle.launcher.daemon.server.DaemonStateCoordinator] Idle timeout: waiting for daemon to stop or be idle for 10800000ms
14:32:10.739 [DEBUG] [org.gradle.launcher.daemon.server.DaemonStateCoordinator] Daemon is idle, sleeping until state change or idle timeout at Fri Dec 19 17:32:10 PST 2014
14:32:10.756 [DEBUG] [org.gradle.messaging.remote.internal.inet.TcpIncomingConnector] Accepted connection from /127.0.0.1:50429 to /127.0.0.1:50428.
14:32:10.806 [DEBUG] [org.gradle.launcher.daemon.server.SynchronizedDispatchConnection] thread 15: received class org.gradle.launcher.daemon.protocol.Build
14:32:10.806 [DEBUG] [org.gradle.launcher.daemon.server.DefaultDaemonConnection] Received non-IO message from client: Build{id=1dfe48a6-b59a-4892-9050-840bf47af699.1, currentDir=/Users/Vikramjeet/Documents/AndroidProjects/SimpleToDo}
14:32:10.807 [INFO] [org.gradle.launcher.daemon.server.DefaultIncomingConnectionHandler] Received command: Build{id=1dfe48a6-b59a-4892-9050-840bf47af699.1, currentDir=/Users/Vikramjeet/Documents/AndroidProjects/SimpleToDo}.
14:32:10.808 [DEBUG] [org.gradle.launcher.daemon.server.DefaultIncomingConnectionHandler] Starting executing command: Build{id=1dfe48a6-b59a-4892-9050-840bf47af699.1, currentDir=/Users/Vikramjeet/Documents/AndroidProjects/SimpleToDo} with connection: socket connection from /127.0.0.1:50428 to /127.0.0.1:50429.
14:32:10.815 [DEBUG] [org.gradle.launcher.daemon.server.DaemonStateCoordinator] Command execution: started DaemonCommandExecution[command = Build{id=1dfe48a6-b59a-4892-9050-840bf47af699.1, currentDir=/Users/Vikramjeet/Documents/AndroidProjects/SimpleToDo}, connection = org.gradle.launcher.daemon.server.DefaultDaemonConnection@337b4703] after 0.0 minutes of idle
14:32:10.816 [INFO] [org.gradle.launcher.daemon.server.DomainRegistryUpdater] Marking the daemon as busy, address: [ee51ab01-3149-4a76-b656-6c0441a5fb07 port:50428, addresses:[/0:0:0:0:0:0:0:1, /127.0.0.1]]
14:32:10.816 [DEBUG] [org.gradle.launcher.daemon.registry.PersistentDaemonRegistry] Marking busy by address: [ee51ab01-3149-4a76-b656-6c0441a5fb07 port:50428, addresses:[/0:0:0:0:0:0:0:1, /127.0.0.1]]
14:32:10.817 [DEBUG] [org.gradle.cache.internal.DefaultFileLockManager] Waiting to acquire exclusive lock on daemon addresses registry.
14:32:10.818 [DEBUG] [org.gradle.cache.internal.DefaultFileLockManager] Lock acquired.
14:32:10.826 [DEBUG] [org.gradle.cache.internal.DefaultFileLockManager] Releasing lock on daemon addresses registry.
14:32:10.827 [DEBUG] [org.gradle.launcher.daemon.server.DaemonStateCoordinator] updating lastActivityAt to 1419028330827
14:32:10.828 [DEBUG] [org.gradle.launcher.daemon.server.DaemonStateCoordinator] Daemon is busy, sleeping until state changes.
14:32:10.830 [INFO] [org.gradle.launcher.daemon.server.exec.StartBuildOrRespondWithBusy] Daemon is about to start building Build{id=1dfe48a6-b59a-4892-9050-840bf47af699.1, currentDir=/Users/Vikramjeet/Documents/AndroidProjects/SimpleToDo}. Dispatching build started information...
14:32:10.831 [DEBUG] [org.gradle.launcher.daemon.server.SynchronizedDispatchConnection] thread 17: dispatching class org.gradle.launcher.daemon.protocol.BuildStarted
14:32:10.837 [DEBUG] [org.gradle.launcher.daemon.server.exec.EstablishBuildEnvironment] Configuring env variables: {SHELL=/bin/bash, HOME=/Users/Vikramjeet, TMPDIR=/var/folders/gy/zqdwc_qd0y3c65fhbfyddf000000gn/T/, XPC_SERVICE_NAME=com.google.android.studio.15084, LOGNAME=Vikramjeet, Apple_PubSub_Socket_Render=/private/tmp/com.apple.launchd.J5DpZzNJqd/Render, __CF_USER_TEXT_ENCODING=0x1F5:0x0:0x0, PATH=/usr/bin:/bin:/usr/sbin:/sbin, XPC_FLAGS=0x0, SSH_AUTH_SOCK=/private/tmp/com.apple.launchd.J9Wj49aUI8/Listeners, USER=Vikramjeet}
14:32:10.852 [INFO] [org.gradle.launcher.daemon.server.exec.LogToClient] About to start relaying all logs to the client via the connection.
14:32:10.852 [INFO] [org.gradle.launcher.daemon.server.exec.LogToClient] The client will now receive all logging from the daemon (pid: 8014). The daemon log file: /Users/Vikramjeet/Documents/AndroidProjects/SimpleTodo/gradle/daemon/2.2.1/daemon-8014.out.log
14:32:10.860 [DEBUG] [org.gradle.launcher.daemon.server.exec.ExecuteBuild] The daemon has started executing the build.
14:32:10.860 [DEBUG] [org.gradle.launcher.daemon.server.SynchronizedDispatchConnection] thread 15: received class org.gradle.launcher.daemon.protocol.CloseInput
14:32:10.861 [DEBUG] [org.gradle.launcher.daemon.server.DefaultDaemonConnection] Received IO message from client: CloseInput[id=1dfe48a6-b59a-4892-9050-840bf47af699.2]
14:32:10.860 [INFO] [org.gradle.launcher.daemon.server.exec.ExecuteBuild] Executing build with daemon context: DefaultDaemonContext[uid=e60420e8-82d3-4bf3-b63f-30596149f8d9,javaHome=/System/Library/Java/JavaVirtualMachines/1.6.0.jdk/Contents/Home,daemonRegistryDir=/Users/Vikramjeet/Documents/AndroidProjects/SimpleTodo/gradle/daemon,pid=8014,idleTimeout=10800000,daemonOpts=-XX:MaxPermSize=256m,-XX:+HeapDumpOnOutOfMemoryError,-Xmx1024m,-Dfile.encoding=UTF-8,-Duser.country=US,-Duser.language=en,-Duser.variant]
14:32:10.861 [INFO] [org.gradle.launcher.daemon.server.exec.ForwardClientInput] Closing daemon's stdin at end of input.
14:32:10.863 [INFO] [org.gradle.launcher.daemon.server.exec.ForwardClientInput] The daemon will no longer process any standard input.
14:32:11.564 [DEBUG] [org.gradle.internal.resource.transport.http.JavaSystemPropertiesHttpProxySettings] Found java system property 'http.nonProxyHosts': local|*.local|169.254/16|*.169.254/16. Will ignore proxy settings for these hosts.
14:32:11.731 [INFO] [org.gradle.tooling.internal.provider.DefaultPayloadClassLoaderRegistry] Creating ClassLoader 6f6ac4e8-53fb-4a2e-ab9c-5d7bcabc2f8f from [Spec classpath:[file:/Applications/Android%20Studio.app/Contents/plugins/gradle/lib/gradle-tooling-api-2.2.jar, file:/Applications/Android%20Studio.app/Contents/plugins/gradle/lib/guava-jdk5-17.0.jar, file:/Applications/Android%20Studio.app/Contents/plugins/gradle/lib/gradle-base-services-2.2.jar, file:/Applications/Android%20Studio.app/Contents/plugins/gradle/lib/gradle-tooling-extension-api.jar, file:/Applications/Android%20Studio.app/Contents/lib/openapi.jar, file:/Applications/Android%20Studio.app/Contents/plugins/google-cloud-tools/lib/gradle-appengine-builder-model-0.1.0.jar, file:/Applications/Android%20Studio.app/Contents/plugins/android/lib/builder-model-1.0.0.jar]] and [org.gradle.internal.classloader.FilteringClassLoader@1769df00].
14:32:11.733 [DEBUG] [org.gradle.cache.internal.DefaultFileLockManager] Waiting to acquire exclusive lock on jars (/Users/Vikramjeet/Documents/AndroidProjects/SimpleToDo/gradle/caches/jars-1).
14:32:11.734 [DEBUG] [org.gradle.cache.internal.DefaultFileLockManager] Lock acquired.
14:32:11.735 [DEBUG] [org.gradle.cache.internal.locklistener.DefaultFileLockContentionHandler] Starting file lock listener thread.

BUILD SUCCESSFUL

Total time: 9.304 secs
14:32:18.436 [DEBUG] [org.gradle.api.internal.tasks.compile.daemon.CompilerDaemonManager] Stopping 0 compiler daemon(s).
14:32:18.437 [INFO] [org.gradle.api.internal.tasks.compile.daemon.CompilerDaemonManager] Stopped 0 compiler daemon(s).
14:32:18.438 [DEBUG] [org.gradle.cache.internal.DefaultCacheAccess] Cache Plugin Resolution Cache (/Users/Vikramjeet/Documents/AndroidProjects/SimpleToDo/gradle/caches/2.2.1/plugin-resolution) was closed 0 times.
14:32:18.438 [DEBUG] [org.gradle.cache.internal.DefaultFileLockManager] Releasing lock on jars (/Users/Vikramjeet/Documents/AndroidProjects/SimpleToDo/gradle/caches/jars-1).
14:32:18.440 [DEBUG] [org.gradle.cache.internal.btree.BTreePersistentIndexedCache] Closing cache module-metadata.bin (/Users/Vikramjeet/Documents/AndroidProjects/SimpleToDo/gradle/caches/modules-2/metadata-2.14/module-metadata.bin)
14:32:18.441 [DEBUG] [org.gradle.cache.internal.DefaultFileLockManager] Releasing lock on artifact cache (/Users/Vikramjeet/Documents/AndroidProjects/SimpleToDo/gradle/caches/modules-2).
14:32:18.442 [DEBUG] [org.gradle.cache.internal.DefaultFileLockManager] Releasing lock on initscript class cache for initialization script '/private/var/folders/gy/zqdwc_qd0y3c65fhbfyddf000000gn/T/asLocalRepo5340637085683423718.gradle' (/Users/Vikramjeet/Documents/AndroidProjects/SimpleToDo/gradle/caches/2.2.1/scripts/asLocalRepo5340637085683423718_46aabftdkqw0b6o8cpdamurug/InitScript/initscript).
14:32:18.443 [DEBUG] [org.gradle.cache.internal.DefaultFileLockManager] Releasing lock on no_initscript class cache for initialization script '/private/var/folders/gy/zqdwc_qd0y3c65fhbfyddf000000gn/T/asLocalRepo5340637085683423718.gradle' (/Users/Vikramjeet/Documents/AndroidProjects/SimpleToDo/gradle/caches/2.2.1/scripts/asLocalRepo5340637085683423718_46aabftdkqw0b6o8cpdamurug/InitScript/no_initscript).
14:32:18.444 [DEBUG] [org.gradle.cache.internal.DefaultFileLockManager] Releasing lock on buildscript class cache for settings file '/Users/Vikramjeet/Documents/AndroidProjects/SimpleToDo/settings.gradle' (/Users/Vikramjeet/Documents/AndroidProjects/SimpleToDo/gradle/caches/2.2.1/scripts/settings_2ksub8sug2juxkcbthlqept78/SettingsScript/buildscript).
14:32:18.445 [DEBUG] [org.gradle.cache.internal.DefaultFileLockManager] Releasing lock on no_buildscript class cache for settings file '/Users/Vikramjeet/Documents/AndroidProjects/SimpleToDo/settings.gradle' (/Users/Vikramjeet/Documents/AndroidProjects/SimpleToDo/gradle/caches/2.2.1/scripts/settings_2ksub8sug2juxkcbthlqept78/SettingsScript/no_buildscript).
14:32:18.445 [DEBUG] [org.gradle.cache.internal.DefaultFileLockManager] Releasing lock on buildscript class cache for build file '/Users/Vikramjeet/Documents/AndroidProjects/SimpleToDo/build.gradle' (/Users/Vikramjeet/Documents/AndroidProjects/SimpleToDo/gradle/caches/2.2.1/scripts/build_6x6g0yfrgfziqg4ywgsogn59p/ProjectScript/buildscript).
14:32:18.446 [DEBUG] [org.gradle.cache.internal.DefaultFileLockManager] Releasing lock on no_buildscript class cache for build file '/Users/Vikramjeet/Documents/AndroidProjects/SimpleToDo/build.gradle' (/Users/Vikramjeet/Documents/AndroidProjects/SimpleToDo/gradle/caches/2.2.1/scripts/build_6x6g0yfrgfziqg4ywgsogn59p/ProjectScript/no_buildscript).
14:32:18.447 [DEBUG] [org.gradle.cache.internal.DefaultFileLockManager] Releasing lock on buildscript class cache for build file '/Users/Vikramjeet/Documents/AndroidProjects/SimpleToDo/app/build.gradle' (/Users/Vikramjeet/Documents/AndroidProjects/SimpleToDo/gradle/caches/2.2.1/scripts/build_52nh8bbnxm23a3r1wvbuzil45/ProjectScript/buildscript).
14:32:18.448 [DEBUG] [org.gradle.cache.internal.DefaultFileLockManager] Releasing lock on no_buildscript class cache for build file '/Users/Vikramjeet/Documents/AndroidProjects/SimpleToDo/app/build.gradle' (/Users/Vikramjeet/Documents/AndroidProjects/SimpleToDo/gradle/caches/2.2.1/scripts/build_52nh8bbnxm23a3r1wvbuzil45/ProjectScript/no_buildscript).
14:32:18.460 [DEBUG] [org.gradle.api.internal.artifacts.ivyservice.ivyresolve.memcache.InMemoryCachedRepositoryFactory] In-memory dependency metadata cache closed. Repos cached: 20, cache instances: 4, modules served from cache: 47, artifacts: 29
14:32:18.464 [DEBUG] [org.gradle.api.internal.artifacts.ivyservice.resolveengine.store.CachedStoreFactory] Resolution result cache closed. Cache reads: 2, disk reads: 3 (avg: 0.0010 secs, total: 0.0040 secs)
14:32:18.465 [DEBUG] [org.gradle.api.internal.artifacts.ivyservice.resolveengine.store.CachedStoreFactory] Resolved configuration cache closed. Cache reads: 0, disk reads: 0 (avg: 0.0 secs, total: 0.0 secs)
14:32:18.466 [DEBUG] [org.gradle.api.internal.artifacts.ivyservice.resolveengine.store.ResolutionResultsStoreFactory] Deleted 2 resolution results binary files in 0.0030 secs
14:32:18.466 [DEBUG] [org.gradle.launcher.daemon.server.exec.ExecuteBuild] The daemon has finished executing the build.
14:32:18.682 [DEBUG] [org.gradle.launcher.daemon.server.DaemonStateCoordinator] Daemon is busy, sleeping until state changes.
14:32:18.683 [DEBUG] [org.gradle.launcher.daemon.server.DaemonStateCoordinator] Command execution: finished waiting for DaemonCommandExecution[command = Build{id=1dfe48a6-b59a-4892-9050-840bf47af699.1, currentDir=/Users/Vikramjeet/Documents/AndroidProjects/SimpleToDo}, connection = org.gradle.launcher.daemon.server.DefaultDaemonConnection@337b4703]. Result org.gradle.launcher.daemon.server.DaemonStateCoordinator@12219138 with state Running
14:32:18.683 [DEBUG] [org.gradle.launcher.daemon.server.DaemonStateCoordinator] Command execution: completed DaemonCommandExecution[command = Build{id=1dfe48a6-b59a-4892-9050-840bf47af699.1, currentDir=/Users/Vikramjeet/Documents/AndroidProjects/SimpleToDo}, connection = org.gradle.launcher.daemon.server.DefaultDaemonConnection@337b4703]
14:32:18.684 [DEBUG] [org.gradle.launcher.daemon.server.DaemonStateCoordinator] updating lastActivityAt to 1419028338684
14:32:18.685 [INFO] [org.gradle.launcher.daemon.server.DomainRegistryUpdater] Marking the daemon as idle, address: [ee51ab01-3149-4a76-b656-6c0441a5fb07 port:50428, addresses:[/0:0:0:0:0:0:0:1, /127.0.0.1]]
14:32:18.685 [DEBUG] [org.gradle.launcher.daemon.registry.PersistentDaemonRegistry] Marking idle by address: [ee51ab01-3149-4a76-b656-6c0441a5fb07 port:50428, addresses:[/0:0:0:0:0:0:0:1, /127.0.0.1]]
14:32:18.686 [DEBUG] [org.gradle.cache.internal.DefaultFileLockManager] Waiting to acquire exclusive lock on daemon addresses registry.
14:32:18.687 [DEBUG] [org.gradle.cache.internal.DefaultFileLockManager] Lock acquired.
14:32:18.690 [DEBUG] [org.gradle.cache.internal.DefaultFileLockManager] Releasing lock on daemon addresses registry.
14:32:18.691 [DEBUG] [org.gradle.launcher.daemon.server.DaemonStateCoordinator] Daemon is idle, sleeping until state change or idle timeout at Fri Dec 19 17:32:18 PST 2014
14:32:18.691 [DEBUG] [org.gradle.launcher.daemon.server.exec.ReturnResult] Daemon is dispatching the build result: DaemonCommandResult[type=Success, value=org.gradle.tooling.internal.provider.BuildActionResult@18a91155]
14:32:18.692 [DEBUG] [org.gradle.launcher.daemon.server.SynchronizedDispatchConnection] thread 14: dispatching class org.gradle.launcher.daemon.protocol.Success
14:32:18.708 [DEBUG] [org.gradle.launcher.daemon.server.DefaultIncomingConnectionHandler] Finishing executing command: Build{id=1dfe48a6-b59a-4892-9050-840bf47af699.1, currentDir=/Users/Vikramjeet/Documents/AndroidProjects/SimpleToDo}
14:32:18.733 [DEBUG] [org.gradle.launcher.daemon.server.SynchronizedDispatchConnection] thread 15: received class org.gradle.launcher.daemon.protocol.Finished
14:32:18.734 [DEBUG] [org.gradle.launcher.daemon.server.DefaultDaemonConnection] Received non-IO message from client: org.gradle.launcher.daemon.protocol.Finished@69acd952
14:32:18.734 [DEBUG] [org.gradle.launcher.daemon.server.SynchronizedDispatchConnection] thread 15: received null
14:32:18.734 [DEBUG] [org.gradle.launcher.daemon.server.DefaultIncomingConnectionHandler] Received finished message: org.gradle.launcher.daemon.protocol.Finished@69acd952
14:32:18.735 [DEBUG] [org.gradle.launcher.daemon.server.SynchronizedDispatchConnection] thread 14: stopping connection
14:32:18.735 [DEBUG] [org.gradle.launcher.daemon.server.DefaultDaemonConnection] Received end-of-input from client.
14:32:18.739 [DEBUG] [org.gradle.launcher.daemon.server.SynchronizedDispatchConnection] thread 14: stopping connection
14:32:26.371 [DEBUG] [org.gradle.messaging.remote.internal.inet.TcpIncomingConnector] Accepted connection from /127.0.0.1:50536 to /127.0.0.1:50428.
14:32:26.378 [DEBUG] [org.gradle.launcher.daemon.server.SynchronizedDispatchConnection] thread 22: received class org.gradle.launcher.daemon.protocol.Build
14:32:26.379 [DEBUG] [org.gradle.launcher.daemon.server.DefaultDaemonConnection] Received non-IO message from client: Build{id=55e5465a-bf57-4a94-92c4-c7736535df8f.1, currentDir=/Users/Vikramjeet/Documents/AndroidProjects/SimpleToDo}
14:32:26.379 [INFO] [org.gradle.launcher.daemon.server.DefaultIncomingConnectionHandler] Received command: Build{id=55e5465a-bf57-4a94-92c4-c7736535df8f.1, currentDir=/Users/Vikramjeet/Documents/AndroidProjects/SimpleToDo}.
14:32:26.379 [DEBUG] [org.gradle.launcher.daemon.server.DefaultIncomingConnectionHandler] Starting executing command: Build{id=55e5465a-bf57-4a94-92c4-c7736535df8f.1, currentDir=/Users/Vikramjeet/Documents/AndroidProjects/SimpleToDo} with connection: socket connection from /127.0.0.1:50428 to /127.0.0.1:50536.
14:32:26.380 [DEBUG] [org.gradle.launcher.daemon.server.DaemonStateCoordinator] Command execution: started DaemonCommandExecution[command = Build{id=55e5465a-bf57-4a94-92c4-c7736535df8f.1, currentDir=/Users/Vikramjeet/Documents/AndroidProjects/SimpleToDo}, connection = org.gradle.launcher.daemon.server.DefaultDaemonConnection@35b0c0b8] after 0.0 minutes of idle
14:32:26.380 [INFO] [org.gradle.launcher.daemon.server.DomainRegistryUpdater] Marking the daemon as busy, address: [ee51ab01-3149-4a76-b656-6c0441a5fb07 port:50428, addresses:[/0:0:0:0:0:0:0:1, /127.0.0.1]]
14:32:26.381 [DEBUG] [org.gradle.launcher.daemon.registry.PersistentDaemonRegistry] Marking busy by address: [ee51ab01-3149-4a76-b656-6c0441a5fb07 port:50428, addresses:[/0:0:0:0:0:0:0:1, /127.0.0.1]]
14:32:26.381 [DEBUG] [org.gradle.cache.internal.DefaultFileLockManager] Waiting to acquire exclusive lock on daemon addresses registry.
14:32:26.382 [DEBUG] [org.gradle.cache.internal.DefaultFileLockManager] Lock acquired.
14:32:26.385 [DEBUG] [org.gradle.cache.internal.DefaultFileLockManager] Releasing lock on daemon addresses registry.
14:32:26.386 [DEBUG] [org.gradle.launcher.daemon.server.DaemonStateCoordinator] updating lastActivityAt to 1419028346386
14:32:26.386 [DEBUG] [org.gradle.launcher.daemon.server.DaemonStateCoordinator] Daemon is busy, sleeping until state changes.
14:32:26.386 [INFO] [org.gradle.launcher.daemon.server.exec.StartBuildOrRespondWithBusy] Daemon is about to start building Build{id=55e5465a-bf57-4a94-92c4-c7736535df8f.1, currentDir=/Users/Vikramjeet/Documents/AndroidProjects/SimpleToDo}. Dispatching build started information...
14:32:26.387 [DEBUG] [org.gradle.launcher.daemon.server.SynchronizedDispatchConnection] thread 17: dispatching class org.gradle.launcher.daemon.protocol.BuildStarted
14:32:26.388 [DEBUG] [org.gradle.launcher.daemon.server.exec.EstablishBuildEnvironment] Configuring env variables: {SHELL=/bin/bash, HOME=/Users/Vikramjeet, TMPDIR=/var/folders/gy/zqdwc_qd0y3c65fhbfyddf000000gn/T/, XPC_SERVICE_NAME=com.google.android.studio.15084, LOGNAME=Vikramjeet, Apple_PubSub_Socket_Render=/private/tmp/com.apple.launchd.J5DpZzNJqd/Render, __CF_USER_TEXT_ENCODING=0x1F5:0x0:0x0, PATH=/usr/bin:/bin:/usr/sbin:/sbin, XPC_FLAGS=0x0, SSH_AUTH_SOCK=/private/tmp/com.apple.launchd.J9Wj49aUI8/Listeners, USER=Vikramjeet}
14:32:26.389 [INFO] [org.gradle.launcher.daemon.server.exec.LogToClient] About to start relaying all logs to the client via the connection.
14:32:26.390 [INFO] [org.gradle.launcher.daemon.server.exec.LogToClient] The client will now receive all logging from the daemon (pid: 8014). The daemon log file: /Users/Vikramjeet/Documents/AndroidProjects/SimpleTodo/gradle/daemon/2.2.1/daemon-8014.out.log
14:32:26.390 [DEBUG] [org.gradle.launcher.daemon.server.exec.ExecuteBuild] The daemon has started executing the build.
14:32:26.391 [DEBUG] [org.gradle.launcher.daemon.server.SynchronizedDispatchConnection] thread 22: received class org.gradle.launcher.daemon.protocol.CloseInput
14:32:26.391 [INFO] [org.gradle.launcher.daemon.server.exec.ExecuteBuild] Executing build with daemon context: DefaultDaemonContext[uid=e60420e8-82d3-4bf3-b63f-30596149f8d9,javaHome=/System/Library/Java/JavaVirtualMachines/1.6.0.jdk/Contents/Home,daemonRegistryDir=/Users/Vikramjeet/Documents/AndroidProjects/SimpleTodo/gradle/daemon,pid=8014,idleTimeout=10800000,daemonOpts=-XX:MaxPermSize=256m,-XX:+HeapDumpOnOutOfMemoryError,-Xmx1024m,-Dfile.encoding=UTF-8,-Duser.country=US,-Duser.language=en,-Duser.variant]
14:32:26.391 [DEBUG] [org.gradle.launcher.daemon.server.DefaultDaemonConnection] Received IO message from client: CloseInput[id=55e5465a-bf57-4a94-92c4-c7736535df8f.2]
14:32:26.392 [INFO] [org.gradle.launcher.daemon.server.exec.ForwardClientInput] Closing daemon's stdin at end of input.
14:32:26.392 [INFO] [org.gradle.launcher.daemon.server.exec.ForwardClientInput] The daemon will no longer process any standard input.
14:32:26.401 [DEBUG] [org.gradle.internal.resource.transport.http.JavaSystemPropertiesHttpProxySettings] Found java system property 'http.nonProxyHosts': local|*.local|169.254/16|*.169.254/16. Will ignore proxy settings for these hosts.

BUILD SUCCESSFUL

Total time: 1.612 secs
14:32:28.207 [DEBUG] [org.gradle.api.internal.tasks.compile.daemon.CompilerDaemonManager] Stopping 0 compiler daemon(s).
14:32:28.207 [INFO] [org.gradle.api.internal.tasks.compile.daemon.CompilerDaemonManager] Stopped 0 compiler daemon(s).
14:32:28.208 [DEBUG] [org.gradle.cache.internal.btree.BTreePersistentIndexedCache] Closing cache module-metadata.bin (/Users/Vikramjeet/Documents/AndroidProjects/SimpleToDo/gradle/caches/modules-2/metadata-2.14/module-metadata.bin)
14:32:28.209 [DEBUG] [org.gradle.cache.internal.DefaultFileLockManager] Releasing lock on artifact cache (/Users/Vikramjeet/Documents/AndroidProjects/SimpleToDo/gradle/caches/modules-2).
14:32:28.209 [DEBUG] [org.gradle.cache.internal.DefaultFileLockManager] Releasing lock on initscript class cache for initialization script '/private/var/folders/gy/zqdwc_qd0y3c65fhbfyddf000000gn/T/asLocalRepo7499013131517988455.gradle' (/Users/Vikramjeet/Documents/AndroidProjects/SimpleToDo/gradle/caches/2.2.1/scripts/asLocalRepo7499013131517988455_ckn9i5nbpr29rbb17nws2codm/InitScript/initscript).
14:32:28.210 [DEBUG] [org.gradle.cache.internal.DefaultFileLockManager] Releasing lock on no_initscript class cache for initialization script '/private/var/folders/gy/zqdwc_qd0y3c65fhbfyddf000000gn/T/asLocalRepo7499013131517988455.gradle' (/Users/Vikramjeet/Documents/AndroidProjects/SimpleToDo/gradle/caches/2.2.1/scripts/asLocalRepo7499013131517988455_ckn9i5nbpr29rbb17nws2codm/InitScript/no_initscript).
14:32:28.210 [DEBUG] [org.gradle.cache.internal.DefaultFileLockManager] Releasing lock on buildscript class cache for settings file '/Users/Vikramjeet/Documents/AndroidProjects/SimpleToDo/settings.gradle' (/Users/Vikramjeet/Documents/AndroidProjects/SimpleToDo/gradle/caches/2.2.1/scripts/settings_2ksub8sug2juxkcbthlqept78/SettingsScript/buildscript).
14:32:28.211 [DEBUG] [org.gradle.cache.internal.DefaultFileLockManager] Releasing lock on no_buildscript class cache for settings file '/Users/Vikramjeet/Documents/AndroidProjects/SimpleToDo/settings.gradle' (/Users/Vikramjeet/Documents/AndroidProjects/SimpleToDo/gradle/caches/2.2.1/scripts/settings_2ksub8sug2juxkcbthlqept78/SettingsScript/no_buildscript).
14:32:28.212 [DEBUG] [org.gradle.cache.internal.DefaultFileLockManager] Releasing lock on buildscript class cache for build file '/Users/Vikramjeet/Documents/AndroidProjects/SimpleToDo/build.gradle' (/Users/Vikramjeet/Documents/AndroidProjects/SimpleToDo/gradle/caches/2.2.1/scripts/build_6x6g0yfrgfziqg4ywgsogn59p/ProjectScript/buildscript).
14:32:28.212 [DEBUG] [org.gradle.cache.internal.DefaultFileLockManager] Releasing lock on no_buildscript class cache for build file '/Users/Vikramjeet/Documents/AndroidProjects/SimpleToDo/build.gradle' (/Users/Vikramjeet/Documents/AndroidProjects/SimpleToDo/gradle/caches/2.2.1/scripts/build_6x6g0yfrgfziqg4ywgsogn59p/ProjectScript/no_buildscript).
14:32:28.213 [DEBUG] [org.gradle.cache.internal.DefaultFileLockManager] Releasing lock on buildscript class cache for build file '/Users/Vikramjeet/Documents/AndroidProjects/SimpleToDo/app/build.gradle' (/Users/Vikramjeet/Documents/AndroidProjects/SimpleToDo/gradle/caches/2.2.1/scripts/build_52nh8bbnxm23a3r1wvbuzil45/ProjectScript/buildscript).
14:32:28.213 [DEBUG] [org.gradle.cache.internal.DefaultFileLockManager] Releasing lock on no_buildscript class cache for build file '/Users/Vikramjeet/Documents/AndroidProjects/SimpleToDo/app/build.gradle' (/Users/Vikramjeet/Documents/AndroidProjects/SimpleToDo/gradle/caches/2.2.1/scripts/build_52nh8bbnxm23a3r1wvbuzil45/ProjectScript/no_buildscript).
14:32:28.214 [DEBUG] [org.gradle.cache.internal.DefaultCacheAccess] Cache jars (/Users/Vikramjeet/Documents/AndroidProjects/SimpleToDo/gradle/caches/jars-1) was closed 0 times.
14:32:28.215 [DEBUG] [org.gradle.cache.internal.DefaultCacheAccess] Cache Plugin Resolution Cache (/Users/Vikramjeet/Documents/AndroidProjects/SimpleToDo/gradle/caches/2.2.1/plugin-resolution) was closed 0 times.
14:32:28.216 [DEBUG] [org.gradle.api.internal.artifacts.ivyservice.ivyresolve.memcache.InMemoryCachedRepositoryFactory] In-memory dependency metadata cache closed. Repos cached: 20, cache instances: 4, modules served from cache: 47, artifacts: 29
14:32:28.217 [DEBUG] [org.gradle.api.internal.artifacts.ivyservice.resolveengine.store.CachedStoreFactory] Resolution result cache closed. Cache reads: 2, disk reads: 3 (avg: 0.0 secs, total: 0.0010 secs)
14:32:28.218 [DEBUG] [org.gradle.api.internal.artifacts.ivyservice.resolveengine.store.CachedStoreFactory] Resolved configuration cache closed. Cache reads: 0, disk reads: 0 (avg: 0.0 secs, total: 0.0 secs)
14:32:28.219 [DEBUG] [org.gradle.api.internal.artifacts.ivyservice.resolveengine.store.ResolutionResultsStoreFactory] Deleted 2 resolution results binary files in 0.0020 secs
14:32:28.219 [DEBUG] [org.gradle.launcher.daemon.server.exec.ExecuteBuild] The daemon has finished executing the build.
14:32:28.221 [DEBUG] [org.gradle.launcher.daemon.server.DaemonStateCoordinator] Command execution: finished waiting for DaemonCommandExecution[command = Build{id=55e5465a-bf57-4a94-92c4-c7736535df8f.1, currentDir=/Users/Vikramjeet/Documents/AndroidProjects/SimpleToDo}, connection = org.gradle.launcher.daemon.server.DefaultDaemonConnection@35b0c0b8]. Result org.gradle.launcher.daemon.server.DaemonStateCoordinator@12219138 with state Running
14:32:28.221 [DEBUG] [org.gradle.launcher.daemon.server.DaemonStateCoordinator] Command execution: completed DaemonCommandExecution[command = Build{id=55e5465a-bf57-4a94-92c4-c7736535df8f.1, currentDir=/Users/Vikramjeet/Documents/AndroidProjects/SimpleToDo}, connection = org.gradle.launcher.daemon.server.DefaultDaemonConnection@35b0c0b8]
14:32:28.221 [DEBUG] [org.gradle.launcher.daemon.server.DaemonStateCoordinator] updating lastActivityAt to 1419028348221
14:32:28.222 [INFO] [org.gradle.launcher.daemon.server.DomainRegistryUpdater] Marking the daemon as idle, address: [ee51ab01-3149-4a76-b656-6c0441a5fb07 port:50428, addresses:[/0:0:0:0:0:0:0:1, /127.0.0.1]]
14:32:28.222 [DEBUG] [org.gradle.launcher.daemon.registry.PersistentDaemonRegistry] Marking idle by address: [ee51ab01-3149-4a76-b656-6c0441a5fb07 port:50428, addresses:[/0:0:0:0:0:0:0:1, /127.0.0.1]]
14:32:28.222 [DEBUG] [org.gradle.cache.internal.DefaultFileLockManager] Waiting to acquire exclusive lock on daemon addresses registry.
14:32:28.223 [DEBUG] [org.gradle.cache.internal.DefaultFileLockManager] Lock acquired.
14:32:28.226 [DEBUG] [org.gradle.cache.internal.DefaultFileLockManager] Releasing lock on daemon addresses registry.
14:32:28.227 [DEBUG] [org.gradle.launcher.daemon.server.exec.ReturnResult] Daemon is dispatching the build result: DaemonCommandResult[type=Success, value=org.gradle.tooling.internal.provider.BuildActionResult@7d1dd0b7]
14:32:28.227 [DEBUG] [org.gradle.launcher.daemon.server.DaemonStateCoordinator] Daemon is idle, sleeping until state change or idle timeout at Fri Dec 19 17:32:28 PST 2014
14:32:28.227 [DEBUG] [org.gradle.launcher.daemon.server.SynchronizedDispatchConnection] thread 14: dispatching class org.gradle.launcher.daemon.protocol.Success
14:32:28.239 [DEBUG] [org.gradle.launcher.daemon.server.DefaultIncomingConnectionHandler] Finishing executing command: Build{id=55e5465a-bf57-4a94-92c4-c7736535df8f.1, currentDir=/Users/Vikramjeet/Documents/AndroidProjects/SimpleToDo}
14:32:28.241 [DEBUG] [org.gradle.launcher.daemon.server.SynchronizedDispatchConnection] thread 22: received class org.gradle.launcher.daemon.protocol.Finished
14:32:28.242 [DEBUG] [org.gradle.launcher.daemon.server.DefaultDaemonConnection] Received non-IO message from client: org.gradle.launcher.daemon.protocol.Finished@56fe8d80
14:32:28.242 [DEBUG] [org.gradle.launcher.daemon.server.DefaultIncomingConnectionHandler] Received finished message: org.gradle.launcher.daemon.protocol.Finished@56fe8d80
14:32:28.242 [DEBUG] [org.gradle.launcher.daemon.server.SynchronizedDispatchConnection] thread 22: received null
14:32:28.243 [DEBUG] [org.gradle.launcher.daemon.server.SynchronizedDispatchConnection] thread 14: stopping connection
14:32:28.243 [DEBUG] [org.gradle.launcher.daemon.server.DefaultDaemonConnection] Received end-of-input from client.
14:32:28.244 [DEBUG] [org.gradle.launcher.daemon.server.SynchronizedDispatchConnection] thread 14: stopping connection
14:32:35.592 [DEBUG] [org.gradle.messaging.remote.internal.inet.TcpIncomingConnector] Accepted connection from /127.0.0.1:50543 to /127.0.0.1:50428.
14:32:35.602 [DEBUG] [org.gradle.launcher.daemon.server.SynchronizedDispatchConnection] thread 25: received class org.gradle.launcher.daemon.protocol.Build
14:32:35.602 [DEBUG] [org.gradle.launcher.daemon.server.DefaultDaemonConnection] Received non-IO message from client: Build{id=7a1c777e-21d5-4c71-b201-e72840885a82.1, currentDir=/Users/Vikramjeet/Documents/AndroidProjects/SimpleToDo}
14:32:35.603 [INFO] [org.gradle.launcher.daemon.server.DefaultIncomingConnectionHandler] Received command: Build{id=7a1c777e-21d5-4c71-b201-e72840885a82.1, currentDir=/Users/Vikramjeet/Documents/AndroidProjects/SimpleToDo}.
14:32:35.603 [DEBUG] [org.gradle.launcher.daemon.server.DefaultIncomingConnectionHandler] Starting executing command: Build{id=7a1c777e-21d5-4c71-b201-e72840885a82.1, currentDir=/Users/Vikramjeet/Documents/AndroidProjects/SimpleToDo} with connection: socket connection from /127.0.0.1:50428 to /127.0.0.1:50543.
14:32:35.603 [DEBUG] [org.gradle.launcher.daemon.server.DaemonStateCoordinator] Command execution: started DaemonCommandExecution[command = Build{id=7a1c777e-21d5-4c71-b201-e72840885a82.1, currentDir=/Users/Vikramjeet/Documents/AndroidProjects/SimpleToDo}, connection = org.gradle.launcher.daemon.server.DefaultDaemonConnection@7ef4ec00] after 0.0 minutes of idle
14:32:35.604 [INFO] [org.gradle.launcher.daemon.server.DomainRegistryUpdater] Marking the daemon as busy, address: [ee51ab01-3149-4a76-b656-6c0441a5fb07 port:50428, addresses:[/0:0:0:0:0:0:0:1, /127.0.0.1]]
14:32:35.604 [DEBUG] [org.gradle.launcher.daemon.registry.PersistentDaemonRegistry] Marking busy by address: [ee51ab01-3149-4a76-b656-6c0441a5fb07 port:50428, addresses:[/0:0:0:0:0:0:0:1, /127.0.0.1]]
14:32:35.604 [DEBUG] [org.gradle.cache.internal.DefaultFileLockManager] Waiting to acquire exclusive lock on daemon addresses registry.
14:32:35.605 [DEBUG] [org.gradle.cache.internal.DefaultFileLockManager] Lock acquired.
14:32:35.607 [DEBUG] [org.gradle.cache.internal.DefaultFileLockManager] Releasing lock on daemon addresses registry.
14:32:35.608 [DEBUG] [org.gradle.launcher.daemon.server.DaemonStateCoordinator] updating lastActivityAt to 1419028355608
14:32:35.608 [DEBUG] [org.gradle.launcher.daemon.server.DaemonStateCoordinator] Daemon is busy, sleeping until state changes.
14:32:35.608 [INFO] [org.gradle.launcher.daemon.server.exec.StartBuildOrRespondWithBusy] Daemon is about to start building Build{id=7a1c777e-21d5-4c71-b201-e72840885a82.1, currentDir=/Users/Vikramjeet/Documents/AndroidProjects/SimpleToDo}. Dispatching build started information...
14:32:35.608 [DEBUG] [org.gradle.launcher.daemon.server.SynchronizedDispatchConnection] thread 17: dispatching class org.gradle.launcher.daemon.protocol.BuildStarted
14:32:35.609 [DEBUG] [org.gradle.launcher.daemon.server.exec.EstablishBuildEnvironment] Configuring env variables: {SHELL=/bin/bash, HOME=/Users/Vikramjeet, TMPDIR=/var/folders/gy/zqdwc_qd0y3c65fhbfyddf000000gn/T/, XPC_SERVICE_NAME=com.google.android.studio.15084, LOGNAME=Vikramjeet, Apple_PubSub_Socket_Render=/private/tmp/com.apple.launchd.J5DpZzNJqd/Render, __CF_USER_TEXT_ENCODING=0x1F5:0x0:0x0, PATH=/usr/bin:/bin:/usr/sbin:/sbin, XPC_FLAGS=0x0, SSH_AUTH_SOCK=/private/tmp/com.apple.launchd.J9Wj49aUI8/Listeners, USER=Vikramjeet}
14:32:35.610 [INFO] [org.gradle.launcher.daemon.server.exec.LogToClient] About to start relaying all logs to the client via the connection.
14:32:35.611 [INFO] [org.gradle.launcher.daemon.server.exec.LogToClient] The client will now receive all logging from the daemon (pid: 8014). The daemon log file: /Users/Vikramjeet/Documents/AndroidProjects/SimpleTodo/gradle/daemon/2.2.1/daemon-8014.out.log
14:32:35.611 [DEBUG] [org.gradle.launcher.daemon.server.exec.ExecuteBuild] The daemon has started executing the build.
14:32:35.611 [DEBUG] [org.gradle.launcher.daemon.server.SynchronizedDispatchConnection] thread 25: received class org.gradle.launcher.daemon.protocol.CloseInput
14:32:35.611 [INFO] [org.gradle.launcher.daemon.server.exec.ExecuteBuild] Executing build with daemon context: DefaultDaemonContext[uid=e60420e8-82d3-4bf3-b63f-30596149f8d9,javaHome=/System/Library/Java/JavaVirtualMachines/1.6.0.jdk/Contents/Home,daemonRegistryDir=/Users/Vikramjeet/Documents/AndroidProjects/SimpleTodo/gradle/daemon,pid=8014,idleTimeout=10800000,daemonOpts=-XX:MaxPermSize=256m,-XX:+HeapDumpOnOutOfMemoryError,-Xmx1024m,-Dfile.encoding=UTF-8,-Duser.country=US,-Duser.language=en,-Duser.variant]
14:32:35.612 [DEBUG] [org.gradle.launcher.daemon.server.DefaultDaemonConnection] Received IO message from client: CloseInput[id=7a1c777e-21d5-4c71-b201-e72840885a82.2]
14:32:35.612 [INFO] [org.gradle.launcher.daemon.server.exec.ForwardClientInput] Closing daemon's stdin at end of input.
14:32:35.613 [INFO] [org.gradle.launcher.daemon.server.exec.ForwardClientInput] The daemon will no longer process any standard input.
14:32:35.621 [DEBUG] [org.gradle.internal.resource.transport.http.JavaSystemPropertiesHttpProxySettings] Found java system property 'http.nonProxyHosts': local|*.local|169.254/16|*.169.254/16. Will ignore proxy settings for these hosts.
Configuration on demand is an incubating feature.
:app:preBuild
:app:compileDebugNdk UP-TO-DATE
:app:preDebugBuild
:app:checkDebugManifest
:app:preReleaseBuild
:app:prepareComAndroidSupportAppcompatV72103Library UP-TO-DATE
:app:prepareComAndroidSupportSupportV42103Library UP-TO-DATE
:app:prepareDebugDependencies
:app:compileDebugAidl UP-TO-DATE
:app:compileDebugRenderscript UP-TO-DATE
:app:generateDebugBuildConfig UP-TO-DATE
:app:generateDebugAssets UP-TO-DATE
:app:mergeDebugAssets UP-TO-DATE
:app:generateDebugResValues UP-TO-DATE
:app:generateDebugResources UP-TO-DATE
:app:mergeDebugResources UP-TO-DATE
:app:processDebugManifest UP-TO-DATE
:app:processDebugResources UP-TO-DATE
:app:generateDebugSources UP-TO-DATE
:app:compileDebugJava UP-TO-DATE
:app:preDexDebug UP-TO-DATE
:app:dexDebug UP-TO-DATE
:app:processDebugJavaRes UP-TO-DATE
:app:validateDebugSigning
:app:packageDebug UP-TO-DATE
:app:zipalignDebug UP-TO-DATE
:app:assembleDebug UP-TO-DATE
:app:checkReleaseManifest
:app:prepareReleaseDependencies
:app:compileReleaseAidl UP-TO-DATE
:app:compileReleaseRenderscript UP-TO-DATE
:app:generateReleaseBuildConfig UP-TO-DATE
:app:generateReleaseAssets UP-TO-DATE
:app:mergeReleaseAssets UP-TO-DATE
:app:generateReleaseResValues UP-TO-DATE
:app:generateReleaseResources UP-TO-DATE
:app:mergeReleaseResources UP-TO-DATE
:app:processReleaseManifest UP-TO-DATE
:app:processReleaseResources UP-TO-DATE
:app:generateReleaseSources UP-TO-DATE
:app:compileReleaseJava UP-TO-DATE
:app:lintVitalRelease
:app:compileReleaseNdk UP-TO-DATE
:app:preDexRelease UP-TO-DATE
:app:dexRelease UP-TO-DATE
:app:processReleaseJavaRes UP-TO-DATE
:app:packageRelease UP-TO-DATE
:app:assembleRelease
:app:assemble

BUILD SUCCESSFUL

Total time: 3.613 secs
14:32:39.199 [DEBUG] [org.gradle.api.internal.tasks.compile.daemon.CompilerDaemonManager] Stopping 0 compiler daemon(s).
14:32:39.199 [INFO] [org.gradle.api.internal.tasks.compile.daemon.CompilerDaemonManager] Stopped 0 compiler daemon(s).
14:32:39.200 [DEBUG] [org.gradle.cache.internal.btree.BTreePersistentIndexedCache] Closing cache module-metadata.bin (/Users/Vikramjeet/Documents/AndroidProjects/SimpleToDo/gradle/caches/modules-2/metadata-2.14/module-metadata.bin)
14:32:39.200 [DEBUG] [org.gradle.cache.internal.DefaultFileLockManager] Releasing lock on artifact cache (/Users/Vikramjeet/Documents/AndroidProjects/SimpleToDo/gradle/caches/modules-2).
14:32:39.200 [DEBUG] [org.gradle.cache.internal.DefaultFileLockManager] Releasing lock on initscript class cache for initialization script '/private/var/folders/gy/zqdwc_qd0y3c65fhbfyddf000000gn/T/asLocalRepo6462864216759562936.gradle' (/Users/Vikramjeet/Documents/AndroidProjects/SimpleToDo/gradle/caches/2.2.1/scripts/asLocalRepo6462864216759562936_1x5kss819ycd0k22dg77h8agl/InitScript/initscript).
14:32:39.201 [DEBUG] [org.gradle.cache.internal.DefaultFileLockManager] Releasing lock on no_initscript class cache for initialization script '/private/var/folders/gy/zqdwc_qd0y3c65fhbfyddf000000gn/T/asLocalRepo6462864216759562936.gradle' (/Users/Vikramjeet/Documents/AndroidProjects/SimpleToDo/gradle/caches/2.2.1/scripts/asLocalRepo6462864216759562936_1x5kss819ycd0k22dg77h8agl/InitScript/no_initscript).
14:32:39.201 [DEBUG] [org.gradle.cache.internal.DefaultFileLockManager] Releasing lock on buildscript class cache for settings file '/Users/Vikramjeet/Documents/AndroidProjects/SimpleToDo/settings.gradle' (/Users/Vikramjeet/Documents/AndroidProjects/SimpleToDo/gradle/caches/2.2.1/scripts/settings_2ksub8sug2juxkcbthlqept78/SettingsScript/buildscript).
14:32:39.201 [DEBUG] [org.gradle.cache.internal.DefaultFileLockManager] Releasing lock on no_buildscript class cache for settings file '/Users/Vikramjeet/Documents/AndroidProjects/SimpleToDo/settings.gradle' (/Users/Vikramjeet/Documents/AndroidProjects/SimpleToDo/gradle/caches/2.2.1/scripts/settings_2ksub8sug2juxkcbthlqept78/SettingsScript/no_buildscript).
14:32:39.202 [DEBUG] [org.gradle.cache.internal.DefaultFileLockManager] Releasing lock on buildscript class cache for build file '/Users/Vikramjeet/Documents/AndroidProjects/SimpleToDo/build.gradle' (/Users/Vikramjeet/Documents/AndroidProjects/SimpleToDo/gradle/caches/2.2.1/scripts/build_6x6g0yfrgfziqg4ywgsogn59p/ProjectScript/buildscript).
14:32:39.202 [DEBUG] [org.gradle.cache.internal.DefaultFileLockManager] Releasing lock on no_buildscript class cache for build file '/Users/Vikramjeet/Documents/AndroidProjects/SimpleToDo/build.gradle' (/Users/Vikramjeet/Documents/AndroidProjects/SimpleToDo/gradle/caches/2.2.1/scripts/build_6x6g0yfrgfziqg4ywgsogn59p/ProjectScript/no_buildscript).
14:32:39.202 [DEBUG] [org.gradle.cache.internal.DefaultFileLockManager] Releasing lock on buildscript class cache for build file '/Users/Vikramjeet/Documents/AndroidProjects/SimpleToDo/app/build.gradle' (/Users/Vikramjeet/Documents/AndroidProjects/SimpleToDo/gradle/caches/2.2.1/scripts/build_52nh8bbnxm23a3r1wvbuzil45/ProjectScript/buildscript).
14:32:39.203 [DEBUG] [org.gradle.cache.internal.DefaultFileLockManager] Releasing lock on no_buildscript class cache for build file '/Users/Vikramjeet/Documents/AndroidProjects/SimpleToDo/app/build.gradle' (/Users/Vikramjeet/Documents/AndroidProjects/SimpleToDo/gradle/caches/2.2.1/scripts/build_52nh8bbnxm23a3r1wvbuzil45/ProjectScript/no_buildscript).
14:32:39.203 [DEBUG] [org.gradle.cache.internal.DefaultCacheAccess] Cache Plugin Resolution Cache (/Users/Vikramjeet/Documents/AndroidProjects/SimpleToDo/gradle/caches/2.2.1/plugin-resolution) was closed 0 times.
14:32:39.203 [DEBUG] [org.gradle.cache.internal.DefaultCacheAccess] Cache jars (/Users/Vikramjeet/Documents/AndroidProjects/SimpleToDo/gradle/caches/jars-1) was closed 0 times.
14:32:39.204 [DEBUG] [org.gradle.cache.internal.btree.BTreePersistentIndexedCache] Closing cache fileHashes.bin (/Users/Vikramjeet/Documents/AndroidProjects/SimpleToDo/.gradle/2.2.1/taskArtifacts/fileHashes.bin)
14:32:39.204 [DEBUG] [org.gradle.cache.internal.btree.BTreePersistentIndexedCache] Closing cache fileSnapshots.bin (/Users/Vikramjeet/Documents/AndroidProjects/SimpleToDo/.gradle/2.2.1/taskArtifacts/fileSnapshots.bin)
14:32:39.205 [DEBUG] [org.gradle.cache.internal.btree.BTreePersistentIndexedCache] Closing cache taskArtifacts.bin (/Users/Vikramjeet/Documents/AndroidProjects/SimpleToDo/.gradle/2.2.1/taskArtifacts/taskArtifacts.bin)
14:32:39.205 [DEBUG] [org.gradle.cache.internal.btree.BTreePersistentIndexedCache] Closing cache outputFileStates.bin (/Users/Vikramjeet/Documents/AndroidProjects/SimpleToDo/.gradle/2.2.1/taskArtifacts/outputFileStates.bin)
14:32:39.205 [DEBUG] [org.gradle.cache.internal.DefaultFileLockManager] Releasing lock on task history cache (/Users/Vikramjeet/Documents/AndroidProjects/SimpleToDo/.gradle/2.2.1/taskArtifacts).
14:32:39.206 [DEBUG] [org.gradle.api.internal.artifacts.ivyservice.ivyresolve.memcache.InMemoryCachedRepositoryFactory] In-memory dependency metadata cache closed. Repos cached: 14, cache instances: 4, modules served from cache: 35, artifacts: 26
14:32:39.207 [DEBUG] [org.gradle.api.internal.artifacts.ivyservice.resolveengine.store.CachedStoreFactory] Resolution result cache closed. Cache reads: 0, disk reads: 2 (avg: 0.0 secs, total: 0.0010 secs)
14:32:39.207 [DEBUG] [org.gradle.api.internal.artifacts.ivyservice.resolveengine.store.CachedStoreFactory] Resolved configuration cache closed. Cache reads: 0, disk reads: 0 (avg: 0.0 secs, total: 0.0 secs)
14:32:39.207 [DEBUG] [org.gradle.api.internal.artifacts.ivyservice.resolveengine.store.ResolutionResultsStoreFactory] Deleted 2 resolution results binary files in 0.0010 secs
14:32:39.208 [DEBUG] [org.gradle.launcher.daemon.server.exec.ExecuteBuild] The daemon has finished executing the build.
14:32:39.210 [DEBUG] [org.gradle.launcher.daemon.server.DaemonStateCoordinator] Command execution: finished waiting for DaemonCommandExecution[command = Build{id=7a1c777e-21d5-4c71-b201-e72840885a82.1, currentDir=/Users/Vikramjeet/Documents/AndroidProjects/SimpleToDo}, connection = org.gradle.launcher.daemon.server.DefaultDaemonConnection@7ef4ec00]. Result org.gradle.launcher.daemon.server.DaemonStateCoordinator@12219138 with state Running
14:32:39.210 [DEBUG] [org.gradle.launcher.daemon.server.DaemonStateCoordinator] Command execution: completed DaemonCommandExecution[command = Build{id=7a1c777e-21d5-4c71-b201-e72840885a82.1, currentDir=/Users/Vikramjeet/Documents/AndroidProjects/SimpleToDo}, connection = org.gradle.launcher.daemon.server.DefaultDaemonConnection@7ef4ec00]
14:32:39.211 [DEBUG] [org.gradle.launcher.daemon.server.DaemonStateCoordinator] updating lastActivityAt to 1419028359211
14:32:39.211 [INFO] [org.gradle.launcher.daemon.server.DomainRegistryUpdater] Marking the daemon as idle, address: [ee51ab01-3149-4a76-b656-6c0441a5fb07 port:50428, addresses:[/0:0:0:0:0:0:0:1, /127.0.0.1]]
14:32:39.211 [DEBUG] [org.gradle.launcher.daemon.registry.PersistentDaemonRegistry] Marking idle by address: [ee51ab01-3149-4a76-b656-6c0441a5fb07 port:50428, addresses:[/0:0:0:0:0:0:0:1, /127.0.0.1]]
14:32:39.212 [DEBUG] [org.gradle.cache.internal.DefaultFileLockManager] Waiting to acquire exclusive lock on daemon addresses registry.
14:32:39.212 [DEBUG] [org.gradle.cache.internal.DefaultFileLockManager] Lock acquired.
14:32:39.214 [DEBUG] [org.gradle.cache.internal.DefaultFileLockManager] Releasing lock on daemon addresses registry.
14:32:39.215 [DEBUG] [org.gradle.launcher.daemon.server.exec.ReturnResult] Daemon is dispatching the build result: DaemonCommandResult[type=Success, value=org.gradle.tooling.internal.provider.BuildActionResult@550751b6]
14:32:39.215 [DEBUG] [org.gradle.launcher.daemon.server.DaemonStateCoordinator] Daemon is idle, sleeping until state change or idle timeout at Fri Dec 19 17:32:39 PST 2014
14:32:39.215 [DEBUG] [org.gradle.launcher.daemon.server.SynchronizedDispatchConnection] thread 14: dispatching class org.gradle.launcher.daemon.protocol.Success
14:32:39.216 [DEBUG] [org.gradle.launcher.daemon.server.DefaultIncomingConnectionHandler] Finishing executing command: Build{id=7a1c777e-21d5-4c71-b201-e72840885a82.1, currentDir=/Users/Vikramjeet/Documents/AndroidProjects/SimpleToDo}
14:32:39.218 [DEBUG] [org.gradle.launcher.daemon.server.SynchronizedDispatchConnection] thread 25: received class org.gradle.launcher.daemon.protocol.Finished
14:32:39.218 [DEBUG] [org.gradle.launcher.daemon.server.DefaultDaemonConnection] Received non-IO message from client: org.gradle.launcher.daemon.protocol.Finished@78dafccd
14:32:39.219 [DEBUG] [org.gradle.launcher.daemon.server.SynchronizedDispatchConnection] thread 25: received null
14:32:39.219 [DEBUG] [org.gradle.launcher.daemon.server.DefaultDaemonConnection] Received end-of-input from client.
14:32:39.219 [DEBUG] [org.gradle.launcher.daemon.server.DefaultIncomingConnectionHandler] Received finished message: org.gradle.launcher.daemon.protocol.Finished@78dafccd
14:32:39.219 [DEBUG] [org.gradle.launcher.daemon.server.SynchronizedDispatchConnection] thread 14: stopping connection
14:32:39.220 [DEBUG] [org.gradle.launcher.daemon.server.SynchronizedDispatchConnection] thread 14: stopping connection
14:33:08.580 [DEBUG] [org.gradle.messaging.remote.internal.inet.TcpIncomingConnector] Accepted connection from /127.0.0.1:50565 to /127.0.0.1:50428.
14:33:08.585 [DEBUG] [org.gradle.launcher.daemon.server.SynchronizedDispatchConnection] thread 28: received class org.gradle.launcher.daemon.protocol.Build
14:33:08.585 [DEBUG] [org.gradle.launcher.daemon.server.DefaultDaemonConnection] Received non-IO message from client: Build{id=5231ea85-db89-4017-8f46-f9a1c96e4d4b.1, currentDir=/Users/Vikramjeet/Documents/AndroidProjects/SimpleToDo}
14:33:08.586 [INFO] [org.gradle.launcher.daemon.server.DefaultIncomingConnectionHandler] Received command: Build{id=5231ea85-db89-4017-8f46-f9a1c96e4d4b.1, currentDir=/Users/Vikramjeet/Documents/AndroidProjects/SimpleToDo}.
14:33:08.586 [DEBUG] [org.gradle.launcher.daemon.server.DefaultIncomingConnectionHandler] Starting executing command: Build{id=5231ea85-db89-4017-8f46-f9a1c96e4d4b.1, currentDir=/Users/Vikramjeet/Documents/AndroidProjects/SimpleToDo} with connection: socket connection from /127.0.0.1:50428 to /127.0.0.1:50565.
14:33:08.586 [DEBUG] [org.gradle.launcher.daemon.server.DaemonStateCoordinator] Command execution: started DaemonCommandExecution[command = Build{id=5231ea85-db89-4017-8f46-f9a1c96e4d4b.1, currentDir=/Users/Vikramjeet/Documents/AndroidProjects/SimpleToDo}, connection = org.gradle.launcher.daemon.server.DefaultDaemonConnection@7f1993d8] after 0.0 minutes of idle
14:33:08.587 [INFO] [org.gradle.launcher.daemon.server.DomainRegistryUpdater] Marking the daemon as busy, address: [ee51ab01-3149-4a76-b656-6c0441a5fb07 port:50428, addresses:[/0:0:0:0:0:0:0:1, /127.0.0.1]]
14:33:08.587 [DEBUG] [org.gradle.launcher.daemon.registry.PersistentDaemonRegistry] Marking busy by address: [ee51ab01-3149-4a76-b656-6c0441a5fb07 port:50428, addresses:[/0:0:0:0:0:0:0:1, /127.0.0.1]]
14:33:08.587 [DEBUG] [org.gradle.cache.internal.DefaultFileLockManager] Waiting to acquire exclusive lock on daemon addresses registry.
14:33:08.588 [DEBUG] [org.gradle.cache.internal.DefaultFileLockManager] Lock acquired.
14:33:08.590 [DEBUG] [org.gradle.cache.internal.DefaultFileLockManager] Releasing lock on daemon addresses registry.
14:33:08.590 [DEBUG] [org.gradle.launcher.daemon.server.DaemonStateCoordinator] updating lastActivityAt to 1419028388590
14:33:08.591 [DEBUG] [org.gradle.launcher.daemon.server.DaemonStateCoordinator] Daemon is busy, sleeping until state changes.
14:33:08.591 [INFO] [org.gradle.launcher.daemon.server.exec.StartBuildOrRespondWithBusy] Daemon is about to start building Build{id=5231ea85-db89-4017-8f46-f9a1c96e4d4b.1, currentDir=/Users/Vikramjeet/Documents/AndroidProjects/SimpleToDo}. Dispatching build started information...
14:33:08.591 [DEBUG] [org.gradle.launcher.daemon.server.SynchronizedDispatchConnection] thread 17: dispatching class org.gradle.launcher.daemon.protocol.BuildStarted
14:33:08.592 [DEBUG] [org.gradle.launcher.daemon.server.exec.EstablishBuildEnvironment] Configuring env variables: {SHELL=/bin/bash, HOME=/Users/Vikramjeet, TMPDIR=/var/folders/gy/zqdwc_qd0y3c65fhbfyddf000000gn/T/, XPC_SERVICE_NAME=com.google.android.studio.15084, LOGNAME=Vikramjeet, Apple_PubSub_Socket_Render=/private/tmp/com.apple.launchd.J5DpZzNJqd/Render, __CF_USER_TEXT_ENCODING=0x1F5:0x0:0x0, PATH=/usr/bin:/bin:/usr/sbin:/sbin, XPC_FLAGS=0x0, SSH_AUTH_SOCK=/private/tmp/com.apple.launchd.J9Wj49aUI8/Listeners, USER=Vikramjeet}
14:33:08.592 [INFO] [org.gradle.launcher.daemon.server.exec.LogToClient] About to start relaying all logs to the client via the connection.
14:33:08.592 [INFO] [org.gradle.launcher.daemon.server.exec.LogToClient] The client will now receive all logging from the daemon (pid: 8014). The daemon log file: /Users/Vikramjeet/Documents/AndroidProjects/SimpleTodo/gradle/daemon/2.2.1/daemon-8014.out.log
14:33:08.593 [DEBUG] [org.gradle.launcher.daemon.server.exec.ExecuteBuild] The daemon has started executing the build.
14:33:08.593 [INFO] [org.gradle.launcher.daemon.server.exec.ExecuteBuild] Executing build with daemon context: DefaultDaemonContext[uid=e60420e8-82d3-4bf3-b63f-30596149f8d9,javaHome=/System/Library/Java/JavaVirtualMachines/1.6.0.jdk/Contents/Home,daemonRegistryDir=/Users/Vikramjeet/Documents/AndroidProjects/SimpleTodo/gradle/daemon,pid=8014,idleTimeout=10800000,daemonOpts=-XX:MaxPermSize=256m,-XX:+HeapDumpOnOutOfMemoryError,-Xmx1024m,-Dfile.encoding=UTF-8,-Duser.country=US,-Duser.language=en,-Duser.variant]
14:33:08.593 [DEBUG] [org.gradle.launcher.daemon.server.SynchronizedDispatchConnection] thread 28: received class org.gradle.launcher.daemon.protocol.CloseInput
14:33:08.594 [DEBUG] [org.gradle.launcher.daemon.server.DefaultDaemonConnection] Received IO message from client: CloseInput[id=5231ea85-db89-4017-8f46-f9a1c96e4d4b.2]
14:33:08.594 [INFO] [org.gradle.launcher.daemon.server.exec.ForwardClientInput] Closing daemon's stdin at end of input.
14:33:08.594 [INFO] [org.gradle.launcher.daemon.server.exec.ForwardClientInput] The daemon will no longer process any standard input.
14:33:08.600 [DEBUG] [org.gradle.internal.resource.transport.http.JavaSystemPropertiesHttpProxySettings] Found java system property 'http.nonProxyHosts': local|*.local|169.254/16|*.169.254/16. Will ignore proxy settings for these hosts.
Configuration on demand is an incubating feature.
:app:preBuild
:app:compileDebugNdk UP-TO-DATE
:app:preDebugBuild
:app:checkDebugManifest
:app:preReleaseBuild
:app:prepareComAndroidSupportAppcompatV72103Library UP-TO-DATE
:app:prepareComAndroidSupportSupportV42103Library UP-TO-DATE
:app:prepareDebugDependencies
:app:compileDebugAidl UP-TO-DATE
:app:compileDebugRenderscript UP-TO-DATE
:app:generateDebugBuildConfig UP-TO-DATE
:app:generateDebugAssets UP-TO-DATE
:app:mergeDebugAssets UP-TO-DATE
:app:generateDebugResValues UP-TO-DATE
:app:generateDebugResources UP-TO-DATE
:app:mergeDebugResources UP-TO-DATE
:app:processDebugManifest UP-TO-DATE
:app:processDebugResources UP-TO-DATE
:app:generateDebugSources UP-TO-DATE
:app:compileDebugJava UP-TO-DATE
:app:preDexDebug UP-TO-DATE
:app:dexDebug UP-TO-DATE
:app:processDebugJavaRes UP-TO-DATE
:app:validateDebugSigning
:app:packageDebug UP-TO-DATE
:app:zipalignDebug UP-TO-DATE
:app:assembleDebug UP-TO-DATE
:app:checkReleaseManifest
:app:prepareReleaseDependencies
:app:compileReleaseAidl UP-TO-DATE
:app:compileReleaseRenderscript UP-TO-DATE
:app:generateReleaseBuildConfig UP-TO-DATE
:app:generateReleaseAssets UP-TO-DATE
:app:mergeReleaseAssets UP-TO-DATE
:app:generateReleaseResValues UP-TO-DATE
:app:generateReleaseResources UP-TO-DATE
:app:mergeReleaseResources UP-TO-DATE
:app:processReleaseManifest UP-TO-DATE
:app:processReleaseResources UP-TO-DATE
:app:generateReleaseSources UP-TO-DATE
:app:compileReleaseJava UP-TO-DATE
:app:lintVitalRelease
:app:compileReleaseNdk UP-TO-DATE
:app:preDexRelease UP-TO-DATE
:app:dexRelease UP-TO-DATE
:app:processReleaseJavaRes UP-TO-DATE
:app:packageRelease UP-TO-DATE
:app:assembleRelease
:app:assemble

BUILD SUCCESSFUL

Total time: 2.816 secs
14:33:11.390 [DEBUG] [org.gradle.api.internal.tasks.compile.daemon.CompilerDaemonManager] Stopping 0 compiler daemon(s).
14:33:11.390 [INFO] [org.gradle.api.internal.tasks.compile.daemon.CompilerDaemonManager] Stopped 0 compiler daemon(s).
14:33:11.391 [DEBUG] [org.gradle.cache.internal.DefaultCacheAccess] Cache Plugin Resolution Cache (/Users/Vikramjeet/Documents/AndroidProjects/SimpleToDo/gradle/caches/2.2.1/plugin-resolution) was closed 0 times.
14:33:11.391 [DEBUG] [org.gradle.cache.internal.btree.BTreePersistentIndexedCache] Closing cache module-metadata.bin (/Users/Vikramjeet/Documents/AndroidProjects/SimpleToDo/gradle/caches/modules-2/metadata-2.14/module-metadata.bin)
14:33:11.391 [DEBUG] [org.gradle.cache.internal.DefaultFileLockManager] Releasing lock on artifact cache (/Users/Vikramjeet/Documents/AndroidProjects/SimpleToDo/gradle/caches/modules-2).
14:33:11.392 [DEBUG] [org.gradle.cache.internal.DefaultFileLockManager] Releasing lock on initscript class cache for initialization script '/private/var/folders/gy/zqdwc_qd0y3c65fhbfyddf000000gn/T/asLocalRepo5538451544057153283.gradle' (/Users/Vikramjeet/Documents/AndroidProjects/SimpleToDo/gradle/caches/2.2.1/scripts/asLocalRepo5538451544057153283_81ecsu1ewafwjgpbrj6km7r0t/InitScript/initscript).
14:33:11.392 [DEBUG] [org.gradle.cache.internal.DefaultFileLockManager] Releasing lock on no_initscript class cache for initialization script '/private/var/folders/gy/zqdwc_qd0y3c65fhbfyddf000000gn/T/asLocalRepo5538451544057153283.gradle' (/Users/Vikramjeet/Documents/AndroidProjects/SimpleToDo/gradle/caches/2.2.1/scripts/asLocalRepo5538451544057153283_81ecsu1ewafwjgpbrj6km7r0t/InitScript/no_initscript).
14:33:11.393 [DEBUG] [org.gradle.cache.internal.DefaultFileLockManager] Releasing lock on buildscript class cache for settings file '/Users/Vikramjeet/Documents/AndroidProjects/SimpleToDo/settings.gradle' (/Users/Vikramjeet/Documents/AndroidProjects/SimpleToDo/gradle/caches/2.2.1/scripts/settings_2ksub8sug2juxkcbthlqept78/SettingsScript/buildscript).
14:33:11.393 [DEBUG] [org.gradle.cache.internal.DefaultFileLockManager] Releasing lock on no_buildscript class cache for settings file '/Users/Vikramjeet/Documents/AndroidProjects/SimpleToDo/settings.gradle' (/Users/Vikramjeet/Documents/AndroidProjects/SimpleToDo/gradle/caches/2.2.1/scripts/settings_2ksub8sug2juxkcbthlqept78/SettingsScript/no_buildscript).
14:33:11.393 [DEBUG] [org.gradle.cache.internal.DefaultFileLockManager] Releasing lock on buildscript class cache for build file '/Users/Vikramjeet/Documents/AndroidProjects/SimpleToDo/build.gradle' (/Users/Vikramjeet/Documents/AndroidProjects/SimpleToDo/gradle/caches/2.2.1/scripts/build_6x6g0yfrgfziqg4ywgsogn59p/ProjectScript/buildscript).
14:33:11.394 [DEBUG] [org.gradle.cache.internal.DefaultFileLockManager] Releasing lock on no_buildscript class cache for build file '/Users/Vikramjeet/Documents/AndroidProjects/SimpleToDo/build.gradle' (/Users/Vikramjeet/Documents/AndroidProjects/SimpleToDo/gradle/caches/2.2.1/scripts/build_6x6g0yfrgfziqg4ywgsogn59p/ProjectScript/no_buildscript).
14:33:11.394 [DEBUG] [org.gradle.cache.internal.DefaultFileLockManager] Releasing lock on buildscript class cache for build file '/Users/Vikramjeet/Documents/AndroidProjects/SimpleToDo/app/build.gradle' (/Users/Vikramjeet/Documents/AndroidProjects/SimpleToDo/gradle/caches/2.2.1/scripts/build_52nh8bbnxm23a3r1wvbuzil45/ProjectScript/buildscript).
14:33:11.394 [DEBUG] [org.gradle.cache.internal.DefaultFileLockManager] Releasing lock on no_buildscript class cache for build file '/Users/Vikramjeet/Documents/AndroidProjects/SimpleToDo/app/build.gradle' (/Users/Vikramjeet/Documents/AndroidProjects/SimpleToDo/gradle/caches/2.2.1/scripts/build_52nh8bbnxm23a3r1wvbuzil45/ProjectScript/no_buildscript).
14:33:11.395 [DEBUG] [org.gradle.cache.internal.DefaultCacheAccess] Cache jars (/Users/Vikramjeet/Documents/AndroidProjects/SimpleToDo/gradle/caches/jars-1) was closed 0 times.
14:33:11.395 [DEBUG] [org.gradle.cache.internal.btree.BTreePersistentIndexedCache] Closing cache outputFileStates.bin (/Users/Vikramjeet/Documents/AndroidProjects/SimpleToDo/.gradle/2.2.1/taskArtifacts/outputFileStates.bin)
14:33:11.396 [DEBUG] [org.gradle.cache.internal.DefaultFileLockManager] Releasing lock on task history cache (/Users/Vikramjeet/Documents/AndroidProjects/SimpleToDo/.gradle/2.2.1/taskArtifacts).
14:33:11.396 [DEBUG] [org.gradle.api.internal.artifacts.ivyservice.ivyresolve.memcache.InMemoryCachedRepositoryFactory] In-memory dependency metadata cache closed. Repos cached: 14, cache instances: 4, modules served from cache: 35, artifacts: 26
14:33:11.397 [DEBUG] [org.gradle.api.internal.artifacts.ivyservice.resolveengine.store.CachedStoreFactory] Resolution result cache closed. Cache reads: 0, disk reads: 2 (avg: 0.0 secs, total: 0.0 secs)
14:33:11.397 [DEBUG] [org.gradle.api.internal.artifacts.ivyservice.resolveengine.store.CachedStoreFactory] Resolved configuration cache closed. Cache reads: 0, disk reads: 0 (avg: 0.0 secs, total: 0.0 secs)
14:33:11.398 [DEBUG] [org.gradle.api.internal.artifacts.ivyservice.resolveengine.store.ResolutionResultsStoreFactory] Deleted 2 resolution results binary files in 0.0020 secs
14:33:11.398 [DEBUG] [org.gradle.launcher.daemon.server.exec.ExecuteBuild] The daemon has finished executing the build.
14:33:11.399 [DEBUG] [org.gradle.launcher.daemon.server.DaemonStateCoordinator] Command execution: finished waiting for DaemonCommandExecution[command = Build{id=5231ea85-db89-4017-8f46-f9a1c96e4d4b.1, currentDir=/Users/Vikramjeet/Documents/AndroidProjects/SimpleToDo}, connection = org.gradle.launcher.daemon.server.DefaultDaemonConnection@7f1993d8]. Result org.gradle.launcher.daemon.server.DaemonStateCoordinator@12219138 with state Running
14:33:11.399 [DEBUG] [org.gradle.launcher.daemon.server.DaemonStateCoordinator] Command execution: completed DaemonCommandExecution[command = Build{id=5231ea85-db89-4017-8f46-f9a1c96e4d4b.1, currentDir=/Users/Vikramjeet/Documents/AndroidProjects/SimpleToDo}, connection = org.gradle.launcher.daemon.server.DefaultDaemonConnection@7f1993d8]
14:33:11.399 [DEBUG] [org.gradle.launcher.daemon.server.DaemonStateCoordinator] updating lastActivityAt to 1419028391399
14:33:11.399 [INFO] [org.gradle.launcher.daemon.server.DomainRegistryUpdater] Marking the daemon as idle, address: [ee51ab01-3149-4a76-b656-6c0441a5fb07 port:50428, addresses:[/0:0:0:0:0:0:0:1, /127.0.0.1]]
14:33:11.400 [DEBUG] [org.gradle.launcher.daemon.registry.PersistentDaemonRegistry] Marking idle by address: [ee51ab01-3149-4a76-b656-6c0441a5fb07 port:50428, addresses:[/0:0:0:0:0:0:0:1, /127.0.0.1]]
14:33:11.400 [DEBUG] [org.gradle.cache.internal.DefaultFileLockManager] Waiting to acquire exclusive lock on daemon addresses registry.
14:33:11.400 [DEBUG] [org.gradle.cache.internal.DefaultFileLockManager] Lock acquired.
14:33:11.403 [DEBUG] [org.gradle.cache.internal.DefaultFileLockManager] Releasing lock on daemon addresses registry.
14:33:11.403 [DEBUG] [org.gradle.launcher.daemon.server.exec.ReturnResult] Daemon is dispatching the build result: DaemonCommandResult[type=Success, value=org.gradle.tooling.internal.provider.BuildActionResult@36d85d0d]
14:33:11.403 [DEBUG] [org.gradle.launcher.daemon.server.DaemonStateCoordinator] Daemon is idle, sleeping until state change or idle timeout at Fri Dec 19 17:33:11 PST 2014
14:33:11.404 [DEBUG] [org.gradle.launcher.daemon.server.SynchronizedDispatchConnection] thread 14: dispatching class org.gradle.launcher.daemon.protocol.Success
14:33:11.405 [DEBUG] [org.gradle.launcher.daemon.server.DefaultIncomingConnectionHandler] Finishing executing command: Build{id=5231ea85-db89-4017-8f46-f9a1c96e4d4b.1, currentDir=/Users/Vikramjeet/Documents/AndroidProjects/SimpleToDo}
14:33:11.406 [DEBUG] [org.gradle.launcher.daemon.server.SynchronizedDispatchConnection] thread 28: received class org.gradle.launcher.daemon.protocol.Finished
14:33:11.406 [DEBUG] [org.gradle.launcher.daemon.server.DefaultDaemonConnection] Received non-IO message from client: org.gradle.launcher.daemon.protocol.Finished@6a4e4eec
14:33:11.407 [DEBUG] [org.gradle.launcher.daemon.server.DefaultIncomingConnectionHandler] Received finished message: org.gradle.launcher.daemon.protocol.Finished@6a4e4eec
14:33:11.407 [DEBUG] [org.gradle.launcher.daemon.server.SynchronizedDispatchConnection] thread 28: received null
14:33:11.407 [DEBUG] [org.gradle.launcher.daemon.server.SynchronizedDispatchConnection] thread 14: stopping connection
14:33:11.407 [DEBUG] [org.gradle.launcher.daemon.server.DefaultDaemonConnection] Received end-of-input from client.
14:33:11.410 [DEBUG] [org.gradle.launcher.daemon.server.SynchronizedDispatchConnection] thread 14: stopping connection
15:03:24.773 [DEBUG] [org.gradle.messaging.remote.internal.inet.TcpIncomingConnector] Accepted connection from /127.0.0.1:51914 to /127.0.0.1:50428.
15:03:24.775 [DEBUG] [org.gradle.launcher.daemon.server.SynchronizedDispatchConnection] thread 32: received class org.gradle.launcher.daemon.protocol.StopWhenIdle
15:03:24.775 [DEBUG] [org.gradle.launcher.daemon.server.DefaultDaemonConnection] Received non-IO message from client: StopWhenIdle[id=6f534143-298e-4d4b-80ef-55aba0557353.1]
15:03:24.776 [INFO] [org.gradle.launcher.daemon.server.DefaultIncomingConnectionHandler] Received command: StopWhenIdle[id=6f534143-298e-4d4b-80ef-55aba0557353.1].
15:03:24.776 [DEBUG] [org.gradle.launcher.daemon.server.DefaultIncomingConnectionHandler] Starting executing command: StopWhenIdle[id=6f534143-298e-4d4b-80ef-55aba0557353.1] with connection: socket connection from /127.0.0.1:50428 to /127.0.0.1:51914.
15:03:24.776 [DEBUG] [org.gradle.launcher.daemon.server.DaemonStateCoordinator] Stop as soon as idle requested. The daemon is busy: false
15:03:24.777 [DEBUG] [org.gradle.launcher.daemon.server.DaemonStateCoordinator] Marking daemon stopped due to stop requested and daemon idle. The daemon is running a build: false
15:03:24.777 [DEBUG] [org.gradle.launcher.daemon.server.SynchronizedDispatchConnection] thread 31: dispatching class org.gradle.launcher.daemon.protocol.Success
15:03:24.777 [DEBUG] [org.gradle.launcher.daemon.server.DaemonStateCoordinator] Idle timeout: daemon has stopped.
15:03:24.777 [DEBUG] [org.gradle.launcher.daemon.server.DefaultIncomingConnectionHandler] Finishing executing command: StopWhenIdle[id=6f534143-298e-4d4b-80ef-55aba0557353.1]
15:03:24.777 [DEBUG] [org.gradle.launcher.daemon.server.Daemon] stop() called on daemon
15:03:24.778 [DEBUG] [org.gradle.launcher.daemon.server.SynchronizedDispatchConnection] thread 32: received class org.gradle.launcher.daemon.protocol.Finished
15:03:24.778 [DEBUG] [org.gradle.launcher.daemon.server.DefaultDaemonConnection] Received non-IO message from client: org.gradle.launcher.daemon.protocol.Finished@25d480f6
15:03:24.778 [INFO] [org.gradle.launcher.daemon.server.Daemon] Stop requested. Daemon is removing its presence from the registry...
15:03:24.779 [DEBUG] [org.gradle.launcher.daemon.server.SynchronizedDispatchConnection] thread 32: received null
15:03:24.779 [DEBUG] [org.gradle.launcher.daemon.server.DefaultDaemonConnection] Received end-of-input from client.
15:03:24.779 [DEBUG] [org.gradle.launcher.daemon.server.DefaultIncomingConnectionHandler] Received finished message: org.gradle.launcher.daemon.protocol.Finished@25d480f6
15:03:24.779 [DEBUG] [org.gradle.launcher.daemon.server.DomainRegistryUpdater] Removing our presence to clients, eg. removing this address from the registry: [ee51ab01-3149-4a76-b656-6c0441a5fb07 port:50428, addresses:[/0:0:0:0:0:0:0:1, /127.0.0.1]]
15:03:24.780 [DEBUG] [org.gradle.launcher.daemon.server.SynchronizedDispatchConnection] thread 31: stopping connection
15:03:24.780 [DEBUG] [org.gradle.launcher.daemon.registry.PersistentDaemonRegistry] Removing daemon address: [ee51ab01-3149-4a76-b656-6c0441a5fb07 port:50428, addresses:[/0:0:0:0:0:0:0:1, /127.0.0.1]]
15:03:24.782 [DEBUG] [org.gradle.launcher.daemon.server.SynchronizedDispatchConnection] thread 31: stopping connection
15:03:24.782 [DEBUG] [org.gradle.cache.internal.DefaultFileLockManager] Waiting to acquire exclusive lock on daemon addresses registry.
15:03:24.783 [DEBUG] [org.gradle.cache.internal.DefaultFileLockManager] Lock acquired.
15:03:24.785 [DEBUG] [org.gradle.cache.internal.DefaultFileLockManager] Releasing lock on daemon addresses registry.
15:03:24.786 [DEBUG] [org.gradle.launcher.daemon.server.DomainRegistryUpdater] Address removed from registry.
Daemon vm is shutting down... The daemon has exited normally or was terminated in response to a user interrupt.
15:03:24.787 [DEBUG] [org.gradle.launcher.daemon.registry.PersistentDaemonRegistry] Removing daemon address: [ee51ab01-3149-4a76-b656-6c0441a5fb07 port:50428, addresses:[/0:0:0:0:0:0:0:1, /127.0.0.1]]
15:03:24.787 [DEBUG] [org.gradle.cache.internal.DefaultFileLockManager] Waiting to acquire exclusive lock on daemon addresses registry.
15:03:24.788 [DEBUG] [org.gradle.cache.internal.DefaultFileLockManager] Lock acquired.
15:03:24.788 [DEBUG] [org.gradle.cache.internal.DefaultFileLockManager] Releasing lock on daemon addresses registry.
