19:55:12.284 [INFO] [org.gradle.launcher.daemon.server.Daemon] start() called on daemon - DefaultDaemonContext[uid=947aadc3-1c6f-44ac-86e2-519c35811c5a,javaHome=/System/Library/Java/JavaVirtualMachines/1.6.0.jdk/Contents/Home,daemonRegistryDir=/Users/Vikramjeet/Documents/AndroidProjects/SimpleTodo/gradle/daemon,pid=15064,idleTimeout=10800000,daemonOpts=-XX:MaxPermSize=256m,-XX:+HeapDumpOnOutOfMemoryError,-Xmx1024m,-Dfile.encoding=UTF-8,-Duser.country=US,-Duser.language=en,-Duser.variant]
19:55:12.293 [DEBUG] [org.gradle.launcher.daemon.server.DaemonStateCoordinator] updating lastActivityAt to 1419047712293
19:55:12.307 [DEBUG] [org.gradle.messaging.remote.internal.inet.InetAddressFactory] Adding IP addresses for network interface utun0
19:55:12.308 [DEBUG] [org.gradle.messaging.remote.internal.inet.InetAddressFactory] Is this a loopback interface? false
19:55:12.308 [DEBUG] [org.gradle.messaging.remote.internal.inet.InetAddressFactory] Is this a multicast interface? true
19:55:12.309 [DEBUG] [org.gradle.messaging.remote.internal.inet.InetAddressFactory] Adding remote address /fe80:0:0:0:bb71:8217:fd5b:dd96%13
19:55:12.309 [DEBUG] [org.gradle.messaging.remote.internal.inet.InetAddressFactory] Adding remote multicast interface utun0
19:55:12.310 [DEBUG] [org.gradle.messaging.remote.internal.inet.InetAddressFactory] Adding IP addresses for network interface awdl0
19:55:12.310 [DEBUG] [org.gradle.messaging.remote.internal.inet.InetAddressFactory] Is this a loopback interface? false
19:55:12.311 [DEBUG] [org.gradle.messaging.remote.internal.inet.InetAddressFactory] Is this a multicast interface? true
19:55:12.311 [DEBUG] [org.gradle.messaging.remote.internal.inet.InetAddressFactory] Adding remote address /fe80:0:0:0:7c35:f7ff:fe67:1c1a%11
19:55:12.311 [DEBUG] [org.gradle.messaging.remote.internal.inet.InetAddressFactory] Adding remote multicast interface awdl0
19:55:12.312 [DEBUG] [org.gradle.messaging.remote.internal.inet.InetAddressFactory] Adding IP addresses for network interface en0
19:55:12.312 [DEBUG] [org.gradle.messaging.remote.internal.inet.InetAddressFactory] Is this a loopback interface? false
19:55:12.312 [DEBUG] [org.gradle.messaging.remote.internal.inet.InetAddressFactory] Is this a multicast interface? true
19:55:12.313 [DEBUG] [org.gradle.messaging.remote.internal.inet.InetAddressFactory] Adding remote address /fe80:0:0:0:3e15:c2ff:feda:3dda%4
19:55:12.313 [DEBUG] [org.gradle.messaging.remote.internal.inet.InetAddressFactory] Adding remote address /192.168.1.6
19:55:12.314 [DEBUG] [org.gradle.messaging.remote.internal.inet.InetAddressFactory] Adding remote multicast interface en0
19:55:12.314 [DEBUG] [org.gradle.messaging.remote.internal.inet.InetAddressFactory] Adding IP addresses for network interface lo0
19:55:12.314 [DEBUG] [org.gradle.messaging.remote.internal.inet.InetAddressFactory] Is this a loopback interface? true
19:55:12.315 [DEBUG] [org.gradle.messaging.remote.internal.inet.InetAddressFactory] Is this a multicast interface? true
19:55:12.315 [DEBUG] [org.gradle.messaging.remote.internal.inet.InetAddressFactory] Ignoring remote address on loopback interface /fe80:0:0:0:0:0:0:1%1
19:55:12.316 [DEBUG] [org.gradle.messaging.remote.internal.inet.InetAddressFactory] Adding loopback address /0:0:0:0:0:0:0:1
19:55:12.316 [DEBUG] [org.gradle.messaging.remote.internal.inet.InetAddressFactory] Adding loopback address /127.0.0.1
19:55:12.316 [DEBUG] [org.gradle.messaging.remote.internal.inet.InetAddressFactory] Adding loopback multicast interface lo0
19:55:12.324 [DEBUG] [org.gradle.messaging.remote.internal.inet.TcpIncomingConnector] Listening on [bd7db802-29f0-4b00-8938-d157db335dd0 port:56199, addresses:[/0:0:0:0:0:0:0:1, /127.0.0.1]].
19:55:12.326 [DEBUG] [org.gradle.launcher.daemon.server.Daemon] Daemon starting at: Fri Dec 19 19:55:12 PST 2014, with address: [bd7db802-29f0-4b00-8938-d157db335dd0 port:56199, addresses:[/0:0:0:0:0:0:0:1, /127.0.0.1]]
19:55:12.327 [INFO] [org.gradle.launcher.daemon.server.DomainRegistryUpdater] Advertising the daemon address to the clients: [bd7db802-29f0-4b00-8938-d157db335dd0 port:56199, addresses:[/0:0:0:0:0:0:0:1, /127.0.0.1]]
19:55:12.329 [DEBUG] [org.gradle.launcher.daemon.server.DomainRegistryUpdater] Advertised daemon context: DefaultDaemonContext[uid=947aadc3-1c6f-44ac-86e2-519c35811c5a,javaHome=/System/Library/Java/JavaVirtualMachines/1.6.0.jdk/Contents/Home,daemonRegistryDir=/Users/Vikramjeet/Documents/AndroidProjects/SimpleTodo/gradle/daemon,pid=15064,idleTimeout=10800000,daemonOpts=-XX:MaxPermSize=256m,-XX:+HeapDumpOnOutOfMemoryError,-Xmx1024m,-Dfile.encoding=UTF-8,-Duser.country=US,-Duser.language=en,-Duser.variant]
19:55:12.331 [DEBUG] [org.gradle.launcher.daemon.registry.PersistentDaemonRegistry] Storing daemon address: [bd7db802-29f0-4b00-8938-d157db335dd0 port:56199, addresses:[/0:0:0:0:0:0:0:1, /127.0.0.1]], context: DefaultDaemonContext[uid=947aadc3-1c6f-44ac-86e2-519c35811c5a,javaHome=/System/Library/Java/JavaVirtualMachines/1.6.0.jdk/Contents/Home,daemonRegistryDir=/Users/Vikramjeet/Documents/AndroidProjects/SimpleTodo/gradle/daemon,pid=15064,idleTimeout=10800000,daemonOpts=-XX:MaxPermSize=256m,-XX:+HeapDumpOnOutOfMemoryError,-Xmx1024m,-Dfile.encoding=UTF-8,-Duser.country=US,-Duser.language=en,-Duser.variant]
19:55:12.342 [DEBUG] [org.gradle.cache.internal.DefaultFileLockManager] Waiting to acquire exclusive lock on daemon addresses registry.
19:55:12.350 [DEBUG] [org.gradle.cache.internal.DefaultFileLockManager] Lock acquired.
19:55:12.379 [DEBUG] [org.gradle.cache.internal.DefaultFileLockManager] Releasing lock on daemon addresses registry.
19:55:12.380 [LIFECYCLE] [org.gradle.launcher.daemon.server.Daemon] Daemon server started.
19:55:12.383 [DEBUG] [org.gradle.launcher.daemon.bootstrap.DaemonStartupCommunication] Completed writing the daemon greeting. Closing streams...
19:55:12.384 [DEBUG] [org.gradle.launcher.daemon.server.Daemon] requestStopOnIdleTimeout(10800000 MILLISECONDS) called on daemon
19:55:12.385 [DEBUG] [org.gradle.launcher.daemon.server.DaemonStateCoordinator] Idle timeout: waiting for daemon to stop or be idle for 10800000ms
19:55:12.386 [DEBUG] [org.gradle.launcher.daemon.server.DaemonStateCoordinator] Daemon is idle, sleeping until state change or idle timeout at Fri Dec 19 22:55:12 PST 2014
19:55:12.391 [DEBUG] [org.gradle.messaging.remote.internal.inet.TcpIncomingConnector] Accepted connection from /127.0.0.1:56200 to /127.0.0.1:56199.
19:55:12.429 [DEBUG] [org.gradle.launcher.daemon.server.SynchronizedDispatchConnection] thread 15: received class org.gradle.launcher.daemon.protocol.Build
19:55:12.430 [DEBUG] [org.gradle.launcher.daemon.server.DefaultDaemonConnection] Received non-IO message from client: Build{id=aeb0d9be-c541-44f0-aad0-45572aed754b.1, currentDir=/Users/Vikramjeet/Documents/AndroidProjects/SimpleToDo}
19:55:12.430 [INFO] [org.gradle.launcher.daemon.server.DefaultIncomingConnectionHandler] Received command: Build{id=aeb0d9be-c541-44f0-aad0-45572aed754b.1, currentDir=/Users/Vikramjeet/Documents/AndroidProjects/SimpleToDo}.
19:55:12.431 [DEBUG] [org.gradle.launcher.daemon.server.DefaultIncomingConnectionHandler] Starting executing command: Build{id=aeb0d9be-c541-44f0-aad0-45572aed754b.1, currentDir=/Users/Vikramjeet/Documents/AndroidProjects/SimpleToDo} with connection: socket connection from /127.0.0.1:56199 to /127.0.0.1:56200.
19:55:12.437 [DEBUG] [org.gradle.launcher.daemon.server.DaemonStateCoordinator] Command execution: started DaemonCommandExecution[command = Build{id=aeb0d9be-c541-44f0-aad0-45572aed754b.1, currentDir=/Users/Vikramjeet/Documents/AndroidProjects/SimpleToDo}, connection = org.gradle.launcher.daemon.server.DefaultDaemonConnection@13342a67] after 0.0 minutes of idle
19:55:12.438 [INFO] [org.gradle.launcher.daemon.server.DomainRegistryUpdater] Marking the daemon as busy, address: [bd7db802-29f0-4b00-8938-d157db335dd0 port:56199, addresses:[/0:0:0:0:0:0:0:1, /127.0.0.1]]
19:55:12.438 [DEBUG] [org.gradle.launcher.daemon.registry.PersistentDaemonRegistry] Marking busy by address: [bd7db802-29f0-4b00-8938-d157db335dd0 port:56199, addresses:[/0:0:0:0:0:0:0:1, /127.0.0.1]]
19:55:12.439 [DEBUG] [org.gradle.cache.internal.DefaultFileLockManager] Waiting to acquire exclusive lock on daemon addresses registry.
19:55:12.439 [DEBUG] [org.gradle.cache.internal.DefaultFileLockManager] Lock acquired.
19:55:12.448 [DEBUG] [org.gradle.cache.internal.DefaultFileLockManager] Releasing lock on daemon addresses registry.
19:55:12.449 [DEBUG] [org.gradle.launcher.daemon.server.DaemonStateCoordinator] updating lastActivityAt to 1419047712449
19:55:12.450 [DEBUG] [org.gradle.launcher.daemon.server.DaemonStateCoordinator] Daemon is busy, sleeping until state changes.
19:55:12.450 [INFO] [org.gradle.launcher.daemon.server.exec.StartBuildOrRespondWithBusy] Daemon is about to start building Build{id=aeb0d9be-c541-44f0-aad0-45572aed754b.1, currentDir=/Users/Vikramjeet/Documents/AndroidProjects/SimpleToDo}. Dispatching build started information...
19:55:12.451 [DEBUG] [org.gradle.launcher.daemon.server.SynchronizedDispatchConnection] thread 17: dispatching class org.gradle.launcher.daemon.protocol.BuildStarted
19:55:12.455 [DEBUG] [org.gradle.launcher.daemon.server.exec.EstablishBuildEnvironment] Configuring env variables: {SHELL=/bin/bash, HOME=/Users/Vikramjeet, TMPDIR=/var/folders/gy/zqdwc_qd0y3c65fhbfyddf000000gn/T/, XPC_SERVICE_NAME=com.google.android.studio.15084, LOGNAME=Vikramjeet, Apple_PubSub_Socket_Render=/private/tmp/com.apple.launchd.J5DpZzNJqd/Render, __CF_USER_TEXT_ENCODING=0x1F5:0x0:0x0, PATH=/usr/bin:/bin:/usr/sbin:/sbin, XPC_FLAGS=0x0, SSH_AUTH_SOCK=/private/tmp/com.apple.launchd.J9Wj49aUI8/Listeners, USER=Vikramjeet}
19:55:12.465 [DEBUG] [org.gradle.launcher.daemon.server.SynchronizedDispatchConnection] thread 15: received class org.gradle.launcher.daemon.protocol.CloseInput
19:55:12.466 [DEBUG] [org.gradle.launcher.daemon.server.DefaultDaemonConnection] Received IO message from client: CloseInput[id=aeb0d9be-c541-44f0-aad0-45572aed754b.2]
19:55:12.468 [INFO] [org.gradle.launcher.daemon.server.exec.LogToClient] About to start relaying all logs to the client via the connection.
19:55:12.469 [INFO] [org.gradle.launcher.daemon.server.exec.LogToClient] The client will now receive all logging from the daemon (pid: 15064). The daemon log file: /Users/Vikramjeet/Documents/AndroidProjects/SimpleTodo/gradle/daemon/2.2.1/daemon-15064.out.log
19:55:12.470 [INFO] [org.gradle.launcher.daemon.server.exec.ForwardClientInput] Closing daemon's stdin at end of input.
19:55:12.470 [INFO] [org.gradle.launcher.daemon.server.exec.ForwardClientInput] The daemon will no longer process any standard input.
19:55:12.472 [DEBUG] [org.gradle.launcher.daemon.server.exec.ExecuteBuild] The daemon has started executing the build.
19:55:12.473 [INFO] [org.gradle.launcher.daemon.server.exec.ExecuteBuild] Executing build with daemon context: DefaultDaemonContext[uid=947aadc3-1c6f-44ac-86e2-519c35811c5a,javaHome=/System/Library/Java/JavaVirtualMachines/1.6.0.jdk/Contents/Home,daemonRegistryDir=/Users/Vikramjeet/Documents/AndroidProjects/SimpleTodo/gradle/daemon,pid=15064,idleTimeout=10800000,daemonOpts=-XX:MaxPermSize=256m,-XX:+HeapDumpOnOutOfMemoryError,-Xmx1024m,-Dfile.encoding=UTF-8,-Duser.country=US,-Duser.language=en,-Duser.variant]
19:55:12.908 [DEBUG] [org.gradle.internal.resource.transport.http.JavaSystemPropertiesHttpProxySettings] Found java system property 'http.nonProxyHosts': local|*.local|169.254/16|*.169.254/16. Will ignore proxy settings for these hosts.
19:55:13.007 [INFO] [org.gradle.tooling.internal.provider.DefaultPayloadClassLoaderRegistry] Creating ClassLoader dd127472-6e60-4479-b06c-7ca5be5ffa01 from [Spec classpath:[file:/Applications/Android%20Studio.app/Contents/plugins/gradle/lib/gradle-tooling-api-2.2.jar, file:/Applications/Android%20Studio.app/Contents/plugins/gradle/lib/guava-jdk5-17.0.jar, file:/Applications/Android%20Studio.app/Contents/plugins/gradle/lib/gradle-base-services-2.2.jar, file:/Applications/Android%20Studio.app/Contents/plugins/gradle/lib/gradle-tooling-extension-api.jar, file:/Applications/Android%20Studio.app/Contents/lib/openapi.jar, file:/Applications/Android%20Studio.app/Contents/plugins/android/lib/builder-model-1.0.0.jar, file:/Applications/Android%20Studio.app/Contents/plugins/google-cloud-tools/lib/gradle-appengine-builder-model-0.1.0.jar]] and [org.gradle.internal.classloader.FilteringClassLoader@99be6ee].
19:55:13.009 [DEBUG] [org.gradle.cache.internal.DefaultFileLockManager] Waiting to acquire exclusive lock on jars (/Users/Vikramjeet/Documents/AndroidProjects/SimpleToDo/gradle/caches/jars-1).
19:55:13.009 [DEBUG] [org.gradle.cache.internal.DefaultFileLockManager] Lock acquired.
19:55:13.010 [DEBUG] [org.gradle.cache.internal.locklistener.DefaultFileLockContentionHandler] Starting file lock listener thread.

BUILD SUCCESSFUL

Total time: 8.444 secs
19:55:19.593 [DEBUG] [org.gradle.api.internal.tasks.compile.daemon.CompilerDaemonManager] Stopping 0 compiler daemon(s).
19:55:19.594 [INFO] [org.gradle.api.internal.tasks.compile.daemon.CompilerDaemonManager] Stopped 0 compiler daemon(s).
19:55:19.595 [DEBUG] [org.gradle.cache.internal.btree.BTreePersistentIndexedCache] Closing cache module-metadata.bin (/Users/Vikramjeet/Documents/AndroidProjects/SimpleToDo/gradle/caches/modules-2/metadata-2.14/module-metadata.bin)
19:55:19.595 [DEBUG] [org.gradle.cache.internal.DefaultFileLockManager] Releasing lock on artifact cache (/Users/Vikramjeet/Documents/AndroidProjects/SimpleToDo/gradle/caches/modules-2).
19:55:19.596 [DEBUG] [org.gradle.cache.internal.DefaultCacheAccess] Cache Plugin Resolution Cache (/Users/Vikramjeet/Documents/AndroidProjects/SimpleToDo/gradle/caches/2.2.1/plugin-resolution) was closed 0 times.
19:55:19.597 [DEBUG] [org.gradle.cache.internal.DefaultFileLockManager] Releasing lock on jars (/Users/Vikramjeet/Documents/AndroidProjects/SimpleToDo/gradle/caches/jars-1).
19:55:19.598 [DEBUG] [org.gradle.cache.internal.DefaultFileLockManager] Releasing lock on initscript class cache for initialization script '/private/var/folders/gy/zqdwc_qd0y3c65fhbfyddf000000gn/T/asLocalRepo1680811234188834112.gradle' (/Users/Vikramjeet/Documents/AndroidProjects/SimpleToDo/gradle/caches/2.2.1/scripts/asLocalRepo1680811234188834112_6b939nno7zkzynmkvxj0dyr7a/InitScript/initscript).
19:55:19.598 [DEBUG] [org.gradle.cache.internal.DefaultFileLockManager] Releasing lock on no_initscript class cache for initialization script '/private/var/folders/gy/zqdwc_qd0y3c65fhbfyddf000000gn/T/asLocalRepo1680811234188834112.gradle' (/Users/Vikramjeet/Documents/AndroidProjects/SimpleToDo/gradle/caches/2.2.1/scripts/asLocalRepo1680811234188834112_6b939nno7zkzynmkvxj0dyr7a/InitScript/no_initscript).
19:55:19.599 [DEBUG] [org.gradle.cache.internal.DefaultFileLockManager] Releasing lock on buildscript class cache for settings file '/Users/Vikramjeet/Documents/AndroidProjects/SimpleToDo/settings.gradle' (/Users/Vikramjeet/Documents/AndroidProjects/SimpleToDo/gradle/caches/2.2.1/scripts/settings_2ksub8sug2juxkcbthlqept78/SettingsScript/buildscript).
19:55:19.599 [DEBUG] [org.gradle.cache.internal.DefaultFileLockManager] Releasing lock on no_buildscript class cache for settings file '/Users/Vikramjeet/Documents/AndroidProjects/SimpleToDo/settings.gradle' (/Users/Vikramjeet/Documents/AndroidProjects/SimpleToDo/gradle/caches/2.2.1/scripts/settings_2ksub8sug2juxkcbthlqept78/SettingsScript/no_buildscript).
19:55:19.600 [DEBUG] [org.gradle.cache.internal.DefaultFileLockManager] Releasing lock on buildscript class cache for build file '/Users/Vikramjeet/Documents/AndroidProjects/SimpleToDo/build.gradle' (/Users/Vikramjeet/Documents/AndroidProjects/SimpleToDo/gradle/caches/2.2.1/scripts/build_6x6g0yfrgfziqg4ywgsogn59p/ProjectScript/buildscript).
19:55:19.600 [DEBUG] [org.gradle.cache.internal.DefaultFileLockManager] Releasing lock on no_buildscript class cache for build file '/Users/Vikramjeet/Documents/AndroidProjects/SimpleToDo/build.gradle' (/Users/Vikramjeet/Documents/AndroidProjects/SimpleToDo/gradle/caches/2.2.1/scripts/build_6x6g0yfrgfziqg4ywgsogn59p/ProjectScript/no_buildscript).
19:55:19.601 [DEBUG] [org.gradle.cache.internal.DefaultFileLockManager] Releasing lock on buildscript class cache for build file '/Users/Vikramjeet/Documents/AndroidProjects/SimpleToDo/app/build.gradle' (/Users/Vikramjeet/Documents/AndroidProjects/SimpleToDo/gradle/caches/2.2.1/scripts/build_52nh8bbnxm23a3r1wvbuzil45/ProjectScript/buildscript).
19:55:19.602 [DEBUG] [org.gradle.cache.internal.DefaultFileLockManager] Releasing lock on no_buildscript class cache for build file '/Users/Vikramjeet/Documents/AndroidProjects/SimpleToDo/app/build.gradle' (/Users/Vikramjeet/Documents/AndroidProjects/SimpleToDo/gradle/caches/2.2.1/scripts/build_52nh8bbnxm23a3r1wvbuzil45/ProjectScript/no_buildscript).
19:55:19.609 [DEBUG] [org.gradle.api.internal.artifacts.ivyservice.ivyresolve.memcache.InMemoryCachedRepositoryFactory] In-memory dependency metadata cache closed. Repos cached: 20, cache instances: 4, modules served from cache: 47, artifacts: 29
19:55:19.611 [DEBUG] [org.gradle.api.internal.artifacts.ivyservice.resolveengine.store.CachedStoreFactory] Resolution result cache closed. Cache reads: 2, disk reads: 3 (avg: 0.0010 secs, total: 0.0050 secs)
19:55:19.612 [DEBUG] [org.gradle.api.internal.artifacts.ivyservice.resolveengine.store.CachedStoreFactory] Resolved configuration cache closed. Cache reads: 0, disk reads: 0 (avg: 0.0 secs, total: 0.0 secs)
19:55:19.612 [DEBUG] [org.gradle.api.internal.artifacts.ivyservice.resolveengine.store.ResolutionResultsStoreFactory] Deleted 2 resolution results binary files in 0.0010 secs
19:55:19.613 [DEBUG] [org.gradle.launcher.daemon.server.exec.ExecuteBuild] The daemon has finished executing the build.
19:55:19.821 [DEBUG] [org.gradle.launcher.daemon.server.DaemonStateCoordinator] Daemon is busy, sleeping until state changes.
19:55:19.822 [DEBUG] [org.gradle.launcher.daemon.server.DaemonStateCoordinator] Command execution: finished waiting for DaemonCommandExecution[command = Build{id=aeb0d9be-c541-44f0-aad0-45572aed754b.1, currentDir=/Users/Vikramjeet/Documents/AndroidProjects/SimpleToDo}, connection = org.gradle.launcher.daemon.server.DefaultDaemonConnection@13342a67]. Result org.gradle.launcher.daemon.server.DaemonStateCoordinator@3aec71f8 with state Running
19:55:19.822 [DEBUG] [org.gradle.launcher.daemon.server.DaemonStateCoordinator] Command execution: completed DaemonCommandExecution[command = Build{id=aeb0d9be-c541-44f0-aad0-45572aed754b.1, currentDir=/Users/Vikramjeet/Documents/AndroidProjects/SimpleToDo}, connection = org.gradle.launcher.daemon.server.DefaultDaemonConnection@13342a67]
19:55:19.823 [DEBUG] [org.gradle.launcher.daemon.server.DaemonStateCoordinator] updating lastActivityAt to 1419047719823
19:55:19.823 [INFO] [org.gradle.launcher.daemon.server.DomainRegistryUpdater] Marking the daemon as idle, address: [bd7db802-29f0-4b00-8938-d157db335dd0 port:56199, addresses:[/0:0:0:0:0:0:0:1, /127.0.0.1]]
19:55:19.824 [DEBUG] [org.gradle.launcher.daemon.registry.PersistentDaemonRegistry] Marking idle by address: [bd7db802-29f0-4b00-8938-d157db335dd0 port:56199, addresses:[/0:0:0:0:0:0:0:1, /127.0.0.1]]
19:55:19.825 [DEBUG] [org.gradle.cache.internal.DefaultFileLockManager] Waiting to acquire exclusive lock on daemon addresses registry.
19:55:19.826 [DEBUG] [org.gradle.cache.internal.DefaultFileLockManager] Lock acquired.
19:55:19.829 [DEBUG] [org.gradle.cache.internal.DefaultFileLockManager] Releasing lock on daemon addresses registry.
19:55:19.830 [DEBUG] [org.gradle.launcher.daemon.server.DaemonStateCoordinator] Daemon is idle, sleeping until state change or idle timeout at Fri Dec 19 22:55:19 PST 2014
19:55:19.830 [DEBUG] [org.gradle.launcher.daemon.server.exec.ReturnResult] Daemon is dispatching the build result: DaemonCommandResult[type=Success, value=org.gradle.tooling.internal.provider.BuildActionResult@3321f257]
19:55:19.831 [DEBUG] [org.gradle.launcher.daemon.server.SynchronizedDispatchConnection] thread 14: dispatching class org.gradle.launcher.daemon.protocol.Success
19:55:19.846 [DEBUG] [org.gradle.launcher.daemon.server.DefaultIncomingConnectionHandler] Finishing executing command: Build{id=aeb0d9be-c541-44f0-aad0-45572aed754b.1, currentDir=/Users/Vikramjeet/Documents/AndroidProjects/SimpleToDo}
19:55:19.860 [DEBUG] [org.gradle.launcher.daemon.server.SynchronizedDispatchConnection] thread 15: received class org.gradle.launcher.daemon.protocol.Finished
19:55:19.860 [DEBUG] [org.gradle.launcher.daemon.server.DefaultDaemonConnection] Received non-IO message from client: org.gradle.launcher.daemon.protocol.Finished@58d39353
19:55:19.861 [DEBUG] [org.gradle.launcher.daemon.server.DefaultIncomingConnectionHandler] Received finished message: org.gradle.launcher.daemon.protocol.Finished@58d39353
19:55:19.861 [DEBUG] [org.gradle.launcher.daemon.server.SynchronizedDispatchConnection] thread 15: received null
19:55:19.861 [DEBUG] [org.gradle.launcher.daemon.server.SynchronizedDispatchConnection] thread 14: stopping connection
19:55:19.862 [DEBUG] [org.gradle.launcher.daemon.server.DefaultDaemonConnection] Received end-of-input from client.
19:55:19.865 [DEBUG] [org.gradle.launcher.daemon.server.SynchronizedDispatchConnection] thread 14: stopping connection
19:55:29.751 [DEBUG] [org.gradle.messaging.remote.internal.inet.TcpIncomingConnector] Accepted connection from /127.0.0.1:56269 to /127.0.0.1:56199.
19:55:29.763 [DEBUG] [org.gradle.launcher.daemon.server.SynchronizedDispatchConnection] thread 22: received class org.gradle.launcher.daemon.protocol.Build
19:55:29.763 [DEBUG] [org.gradle.launcher.daemon.server.DefaultDaemonConnection] Received non-IO message from client: Build{id=fd3882a4-a27d-492a-9d0c-0ce2367d4569.1, currentDir=/Users/Vikramjeet/Documents/AndroidProjects/SimpleToDo}
19:55:29.764 [INFO] [org.gradle.launcher.daemon.server.DefaultIncomingConnectionHandler] Received command: Build{id=fd3882a4-a27d-492a-9d0c-0ce2367d4569.1, currentDir=/Users/Vikramjeet/Documents/AndroidProjects/SimpleToDo}.
19:55:29.764 [DEBUG] [org.gradle.launcher.daemon.server.DefaultIncomingConnectionHandler] Starting executing command: Build{id=fd3882a4-a27d-492a-9d0c-0ce2367d4569.1, currentDir=/Users/Vikramjeet/Documents/AndroidProjects/SimpleToDo} with connection: socket connection from /127.0.0.1:56199 to /127.0.0.1:56269.
19:55:29.765 [DEBUG] [org.gradle.launcher.daemon.server.DaemonStateCoordinator] Command execution: started DaemonCommandExecution[command = Build{id=fd3882a4-a27d-492a-9d0c-0ce2367d4569.1, currentDir=/Users/Vikramjeet/Documents/AndroidProjects/SimpleToDo}, connection = org.gradle.launcher.daemon.server.DefaultDaemonConnection@6504a503] after 0.0 minutes of idle
19:55:29.766 [INFO] [org.gradle.launcher.daemon.server.DomainRegistryUpdater] Marking the daemon as busy, address: [bd7db802-29f0-4b00-8938-d157db335dd0 port:56199, addresses:[/0:0:0:0:0:0:0:1, /127.0.0.1]]
19:55:29.766 [DEBUG] [org.gradle.launcher.daemon.registry.PersistentDaemonRegistry] Marking busy by address: [bd7db802-29f0-4b00-8938-d157db335dd0 port:56199, addresses:[/0:0:0:0:0:0:0:1, /127.0.0.1]]
19:55:29.767 [DEBUG] [org.gradle.cache.internal.DefaultFileLockManager] Waiting to acquire exclusive lock on daemon addresses registry.
19:55:29.767 [DEBUG] [org.gradle.cache.internal.DefaultFileLockManager] Lock acquired.
19:55:29.771 [DEBUG] [org.gradle.cache.internal.DefaultFileLockManager] Releasing lock on daemon addresses registry.
19:55:29.772 [DEBUG] [org.gradle.launcher.daemon.server.DaemonStateCoordinator] updating lastActivityAt to 1419047729772
19:55:29.772 [DEBUG] [org.gradle.launcher.daemon.server.DaemonStateCoordinator] Daemon is busy, sleeping until state changes.
19:55:29.773 [INFO] [org.gradle.launcher.daemon.server.exec.StartBuildOrRespondWithBusy] Daemon is about to start building Build{id=fd3882a4-a27d-492a-9d0c-0ce2367d4569.1, currentDir=/Users/Vikramjeet/Documents/AndroidProjects/SimpleToDo}. Dispatching build started information...
19:55:29.773 [DEBUG] [org.gradle.launcher.daemon.server.SynchronizedDispatchConnection] thread 17: dispatching class org.gradle.launcher.daemon.protocol.BuildStarted
19:55:29.774 [DEBUG] [org.gradle.launcher.daemon.server.exec.EstablishBuildEnvironment] Configuring env variables: {SHELL=/bin/bash, HOME=/Users/Vikramjeet, TMPDIR=/var/folders/gy/zqdwc_qd0y3c65fhbfyddf000000gn/T/, XPC_SERVICE_NAME=com.google.android.studio.15084, LOGNAME=Vikramjeet, Apple_PubSub_Socket_Render=/private/tmp/com.apple.launchd.J5DpZzNJqd/Render, __CF_USER_TEXT_ENCODING=0x1F5:0x0:0x0, PATH=/usr/bin:/bin:/usr/sbin:/sbin, XPC_FLAGS=0x0, SSH_AUTH_SOCK=/private/tmp/com.apple.launchd.J9Wj49aUI8/Listeners, USER=Vikramjeet}
19:55:29.775 [INFO] [org.gradle.launcher.daemon.server.exec.LogToClient] About to start relaying all logs to the client via the connection.
19:55:29.776 [INFO] [org.gradle.launcher.daemon.server.exec.LogToClient] The client will now receive all logging from the daemon (pid: 15064). The daemon log file: /Users/Vikramjeet/Documents/AndroidProjects/SimpleTodo/gradle/daemon/2.2.1/daemon-15064.out.log
19:55:29.776 [DEBUG] [org.gradle.launcher.daemon.server.exec.ExecuteBuild] The daemon has started executing the build.
19:55:29.776 [DEBUG] [org.gradle.launcher.daemon.server.SynchronizedDispatchConnection] thread 22: received class org.gradle.launcher.daemon.protocol.CloseInput
19:55:29.777 [INFO] [org.gradle.launcher.daemon.server.exec.ExecuteBuild] Executing build with daemon context: DefaultDaemonContext[uid=947aadc3-1c6f-44ac-86e2-519c35811c5a,javaHome=/System/Library/Java/JavaVirtualMachines/1.6.0.jdk/Contents/Home,daemonRegistryDir=/Users/Vikramjeet/Documents/AndroidProjects/SimpleTodo/gradle/daemon,pid=15064,idleTimeout=10800000,daemonOpts=-XX:MaxPermSize=256m,-XX:+HeapDumpOnOutOfMemoryError,-Xmx1024m,-Dfile.encoding=UTF-8,-Duser.country=US,-Duser.language=en,-Duser.variant]
19:55:29.777 [DEBUG] [org.gradle.launcher.daemon.server.DefaultDaemonConnection] Received IO message from client: CloseInput[id=fd3882a4-a27d-492a-9d0c-0ce2367d4569.2]
19:55:29.778 [INFO] [org.gradle.launcher.daemon.server.exec.ForwardClientInput] Closing daemon's stdin at end of input.
19:55:29.778 [INFO] [org.gradle.launcher.daemon.server.exec.ForwardClientInput] The daemon will no longer process any standard input.
19:55:29.788 [DEBUG] [org.gradle.internal.resource.transport.http.JavaSystemPropertiesHttpProxySettings] Found java system property 'http.nonProxyHosts': local|*.local|169.254/16|*.169.254/16. Will ignore proxy settings for these hosts.
Configuration on demand is an incubating feature.
:app:preBuild
:app:compileDebugNdk UP-TO-DATE
:app:preDebugBuild
:app:checkDebugManifest
:app:preReleaseBuild
:app:prepareComAndroidSupportAppcompatV72103Library UP-TO-DATE
:app:prepareComAndroidSupportSupportV42103Library UP-TO-DATE
:app:prepareDebugDependencies
:app:compileDebugAidl UP-TO-DATE
:app:compileDebugRenderscript UP-TO-DATE
:app:generateDebugBuildConfig UP-TO-DATE
:app:generateDebugAssets UP-TO-DATE
:app:mergeDebugAssets UP-TO-DATE
:app:generateDebugResValues UP-TO-DATE
:app:generateDebugResources UP-TO-DATE
:app:mergeDebugResources UP-TO-DATE
:app:processDebugManifest UP-TO-DATE
:app:processDebugResources UP-TO-DATE
:app:generateDebugSources UP-TO-DATE
:app:compileDebugJava UP-TO-DATE
:app:preDexDebug UP-TO-DATE
:app:dexDebug UP-TO-DATE
:app:processDebugJavaRes UP-TO-DATE
:app:validateDebugSigning
:app:packageDebug UP-TO-DATE
:app:zipalignDebug UP-TO-DATE
:app:assembleDebug UP-TO-DATE
:app:checkReleaseManifest
:app:prepareReleaseDependencies
:app:compileReleaseAidl UP-TO-DATE
:app:compileReleaseRenderscript UP-TO-DATE
:app:generateReleaseBuildConfig UP-TO-DATE
:app:generateReleaseAssets UP-TO-DATE
:app:mergeReleaseAssets UP-TO-DATE
:app:generateReleaseResValues UP-TO-DATE
:app:generateReleaseResources UP-TO-DATE
:app:mergeReleaseResources UP-TO-DATE
:app:processReleaseManifest UP-TO-DATE
:app:processReleaseResources UP-TO-DATE
:app:generateReleaseSources UP-TO-DATE
:app:compileReleaseJava UP-TO-DATE
:app:lintVitalRelease
:app:compileReleaseNdk UP-TO-DATE
:app:preDexRelease UP-TO-DATE
:app:dexRelease UP-TO-DATE
:app:processReleaseJavaRes UP-TO-DATE
:app:packageRelease UP-TO-DATE
:app:assembleRelease
:app:assemble

BUILD SUCCESSFUL

Total time: 3.884 secs
19:55:33.622 [DEBUG] [org.gradle.api.internal.tasks.compile.daemon.CompilerDaemonManager] Stopping 0 compiler daemon(s).
19:55:33.623 [INFO] [org.gradle.api.internal.tasks.compile.daemon.CompilerDaemonManager] Stopped 0 compiler daemon(s).
19:55:33.623 [DEBUG] [org.gradle.cache.internal.btree.BTreePersistentIndexedCache] Closing cache module-metadata.bin (/Users/Vikramjeet/Documents/AndroidProjects/SimpleToDo/gradle/caches/modules-2/metadata-2.14/module-metadata.bin)
19:55:33.623 [DEBUG] [org.gradle.cache.internal.DefaultFileLockManager] Releasing lock on artifact cache (/Users/Vikramjeet/Documents/AndroidProjects/SimpleToDo/gradle/caches/modules-2).
19:55:33.624 [DEBUG] [org.gradle.cache.internal.DefaultFileLockManager] Releasing lock on initscript class cache for initialization script '/private/var/folders/gy/zqdwc_qd0y3c65fhbfyddf000000gn/T/asLocalRepo1366693938639156760.gradle' (/Users/Vikramjeet/Documents/AndroidProjects/SimpleToDo/gradle/caches/2.2.1/scripts/asLocalRepo1366693938639156760_9q4y4guynr3720x4u4vz64d31/InitScript/initscript).
19:55:33.624 [DEBUG] [org.gradle.cache.internal.DefaultFileLockManager] Releasing lock on no_initscript class cache for initialization script '/private/var/folders/gy/zqdwc_qd0y3c65fhbfyddf000000gn/T/asLocalRepo1366693938639156760.gradle' (/Users/Vikramjeet/Documents/AndroidProjects/SimpleToDo/gradle/caches/2.2.1/scripts/asLocalRepo1366693938639156760_9q4y4guynr3720x4u4vz64d31/InitScript/no_initscript).
19:55:33.624 [DEBUG] [org.gradle.cache.internal.DefaultFileLockManager] Releasing lock on buildscript class cache for settings file '/Users/Vikramjeet/Documents/AndroidProjects/SimpleToDo/settings.gradle' (/Users/Vikramjeet/Documents/AndroidProjects/SimpleToDo/gradle/caches/2.2.1/scripts/settings_2ksub8sug2juxkcbthlqept78/SettingsScript/buildscript).
19:55:33.625 [DEBUG] [org.gradle.cache.internal.DefaultFileLockManager] Releasing lock on no_buildscript class cache for settings file '/Users/Vikramjeet/Documents/AndroidProjects/SimpleToDo/settings.gradle' (/Users/Vikramjeet/Documents/AndroidProjects/SimpleToDo/gradle/caches/2.2.1/scripts/settings_2ksub8sug2juxkcbthlqept78/SettingsScript/no_buildscript).
19:55:33.625 [DEBUG] [org.gradle.cache.internal.DefaultFileLockManager] Releasing lock on buildscript class cache for build file '/Users/Vikramjeet/Documents/AndroidProjects/SimpleToDo/build.gradle' (/Users/Vikramjeet/Documents/AndroidProjects/SimpleToDo/gradle/caches/2.2.1/scripts/build_6x6g0yfrgfziqg4ywgsogn59p/ProjectScript/buildscript).
19:55:33.625 [DEBUG] [org.gradle.cache.internal.DefaultFileLockManager] Releasing lock on no_buildscript class cache for build file '/Users/Vikramjeet/Documents/AndroidProjects/SimpleToDo/build.gradle' (/Users/Vikramjeet/Documents/AndroidProjects/SimpleToDo/gradle/caches/2.2.1/scripts/build_6x6g0yfrgfziqg4ywgsogn59p/ProjectScript/no_buildscript).
19:55:33.626 [DEBUG] [org.gradle.cache.internal.DefaultFileLockManager] Releasing lock on buildscript class cache for build file '/Users/Vikramjeet/Documents/AndroidProjects/SimpleToDo/app/build.gradle' (/Users/Vikramjeet/Documents/AndroidProjects/SimpleToDo/gradle/caches/2.2.1/scripts/build_52nh8bbnxm23a3r1wvbuzil45/ProjectScript/buildscript).
19:55:33.626 [DEBUG] [org.gradle.cache.internal.DefaultFileLockManager] Releasing lock on no_buildscript class cache for build file '/Users/Vikramjeet/Documents/AndroidProjects/SimpleToDo/app/build.gradle' (/Users/Vikramjeet/Documents/AndroidProjects/SimpleToDo/gradle/caches/2.2.1/scripts/build_52nh8bbnxm23a3r1wvbuzil45/ProjectScript/no_buildscript).
19:55:33.626 [DEBUG] [org.gradle.cache.internal.DefaultCacheAccess] Cache jars (/Users/Vikramjeet/Documents/AndroidProjects/SimpleToDo/gradle/caches/jars-1) was closed 0 times.
19:55:33.627 [DEBUG] [org.gradle.cache.internal.DefaultCacheAccess] Cache Plugin Resolution Cache (/Users/Vikramjeet/Documents/AndroidProjects/SimpleToDo/gradle/caches/2.2.1/plugin-resolution) was closed 0 times.
19:55:33.628 [DEBUG] [org.gradle.cache.internal.btree.BTreePersistentIndexedCache] Closing cache taskArtifacts.bin (/Users/Vikramjeet/Documents/AndroidProjects/SimpleToDo/.gradle/2.2.1/taskArtifacts/taskArtifacts.bin)
19:55:33.628 [DEBUG] [org.gradle.cache.internal.btree.BTreePersistentIndexedCache] Closing cache outputFileStates.bin (/Users/Vikramjeet/Documents/AndroidProjects/SimpleToDo/.gradle/2.2.1/taskArtifacts/outputFileStates.bin)
19:55:33.628 [DEBUG] [org.gradle.cache.internal.btree.BTreePersistentIndexedCache] Closing cache fileHashes.bin (/Users/Vikramjeet/Documents/AndroidProjects/SimpleToDo/.gradle/2.2.1/taskArtifacts/fileHashes.bin)
19:55:33.629 [DEBUG] [org.gradle.cache.internal.btree.BTreePersistentIndexedCache] Closing cache fileSnapshots.bin (/Users/Vikramjeet/Documents/AndroidProjects/SimpleToDo/.gradle/2.2.1/taskArtifacts/fileSnapshots.bin)
19:55:33.629 [DEBUG] [org.gradle.cache.internal.DefaultFileLockManager] Releasing lock on task history cache (/Users/Vikramjeet/Documents/AndroidProjects/SimpleToDo/.gradle/2.2.1/taskArtifacts).
19:55:33.629 [DEBUG] [org.gradle.api.internal.artifacts.ivyservice.ivyresolve.memcache.InMemoryCachedRepositoryFactory] In-memory dependency metadata cache closed. Repos cached: 14, cache instances: 4, modules served from cache: 35, artifacts: 26
19:55:33.630 [DEBUG] [org.gradle.api.internal.artifacts.ivyservice.resolveengine.store.CachedStoreFactory] Resolution result cache closed. Cache reads: 0, disk reads: 2 (avg: 0.0 secs, total: 0.0 secs)
19:55:33.631 [DEBUG] [org.gradle.api.internal.artifacts.ivyservice.resolveengine.store.CachedStoreFactory] Resolved configuration cache closed. Cache reads: 0, disk reads: 0 (avg: 0.0 secs, total: 0.0 secs)
19:55:33.631 [DEBUG] [org.gradle.api.internal.artifacts.ivyservice.resolveengine.store.ResolutionResultsStoreFactory] Deleted 2 resolution results binary files in 0.0010 secs
19:55:33.631 [DEBUG] [org.gradle.launcher.daemon.server.exec.ExecuteBuild] The daemon has finished executing the build.
19:55:33.632 [DEBUG] [org.gradle.launcher.daemon.server.DaemonStateCoordinator] Command execution: finished waiting for DaemonCommandExecution[command = Build{id=fd3882a4-a27d-492a-9d0c-0ce2367d4569.1, currentDir=/Users/Vikramjeet/Documents/AndroidProjects/SimpleToDo}, connection = org.gradle.launcher.daemon.server.DefaultDaemonConnection@6504a503]. Result org.gradle.launcher.daemon.server.DaemonStateCoordinator@3aec71f8 with state Running
19:55:33.633 [DEBUG] [org.gradle.launcher.daemon.server.DaemonStateCoordinator] Command execution: completed DaemonCommandExecution[command = Build{id=fd3882a4-a27d-492a-9d0c-0ce2367d4569.1, currentDir=/Users/Vikramjeet/Documents/AndroidProjects/SimpleToDo}, connection = org.gradle.launcher.daemon.server.DefaultDaemonConnection@6504a503]
19:55:33.633 [DEBUG] [org.gradle.launcher.daemon.server.DaemonStateCoordinator] updating lastActivityAt to 1419047733633
19:55:33.633 [INFO] [org.gradle.launcher.daemon.server.DomainRegistryUpdater] Marking the daemon as idle, address: [bd7db802-29f0-4b00-8938-d157db335dd0 port:56199, addresses:[/0:0:0:0:0:0:0:1, /127.0.0.1]]
19:55:33.633 [DEBUG] [org.gradle.launcher.daemon.registry.PersistentDaemonRegistry] Marking idle by address: [bd7db802-29f0-4b00-8938-d157db335dd0 port:56199, addresses:[/0:0:0:0:0:0:0:1, /127.0.0.1]]
19:55:33.634 [DEBUG] [org.gradle.cache.internal.DefaultFileLockManager] Waiting to acquire exclusive lock on daemon addresses registry.
19:55:33.634 [DEBUG] [org.gradle.cache.internal.DefaultFileLockManager] Lock acquired.
19:55:33.636 [DEBUG] [org.gradle.cache.internal.DefaultFileLockManager] Releasing lock on daemon addresses registry.
19:55:33.637 [DEBUG] [org.gradle.launcher.daemon.server.exec.ReturnResult] Daemon is dispatching the build result: DaemonCommandResult[type=Success, value=org.gradle.tooling.internal.provider.BuildActionResult@31a26e4]
19:55:33.637 [DEBUG] [org.gradle.launcher.daemon.server.DaemonStateCoordinator] Daemon is idle, sleeping until state change or idle timeout at Fri Dec 19 22:55:33 PST 2014
19:55:33.637 [DEBUG] [org.gradle.launcher.daemon.server.SynchronizedDispatchConnection] thread 14: dispatching class org.gradle.launcher.daemon.protocol.Success
19:55:33.638 [DEBUG] [org.gradle.launcher.daemon.server.DefaultIncomingConnectionHandler] Finishing executing command: Build{id=fd3882a4-a27d-492a-9d0c-0ce2367d4569.1, currentDir=/Users/Vikramjeet/Documents/AndroidProjects/SimpleToDo}
19:55:33.639 [DEBUG] [org.gradle.launcher.daemon.server.SynchronizedDispatchConnection] thread 22: received class org.gradle.launcher.daemon.protocol.Finished
19:55:33.640 [DEBUG] [org.gradle.launcher.daemon.server.DefaultDaemonConnection] Received non-IO message from client: org.gradle.launcher.daemon.protocol.Finished@5b670674
19:55:33.640 [DEBUG] [org.gradle.launcher.daemon.server.DefaultIncomingConnectionHandler] Received finished message: org.gradle.launcher.daemon.protocol.Finished@5b670674
19:55:33.640 [DEBUG] [org.gradle.launcher.daemon.server.SynchronizedDispatchConnection] thread 22: received null
19:55:33.640 [DEBUG] [org.gradle.launcher.daemon.server.SynchronizedDispatchConnection] thread 14: stopping connection
19:55:33.641 [DEBUG] [org.gradle.launcher.daemon.server.DefaultDaemonConnection] Received end-of-input from client.
19:55:33.641 [DEBUG] [org.gradle.launcher.daemon.server.SynchronizedDispatchConnection] thread 14: stopping connection
19:56:16.464 [DEBUG] [org.gradle.messaging.remote.internal.inet.TcpIncomingConnector] Accepted connection from /127.0.0.1:56317 to /127.0.0.1:56199.
19:56:16.466 [DEBUG] [org.gradle.launcher.daemon.server.SynchronizedDispatchConnection] thread 25: received class org.gradle.launcher.daemon.protocol.StopWhenIdle
19:56:16.466 [DEBUG] [org.gradle.launcher.daemon.server.DefaultDaemonConnection] Received non-IO message from client: StopWhenIdle[id=8e0f755e-e6c2-4d53-bf32-b86337e4a39e.1]
19:56:16.467 [INFO] [org.gradle.launcher.daemon.server.DefaultIncomingConnectionHandler] Received command: StopWhenIdle[id=8e0f755e-e6c2-4d53-bf32-b86337e4a39e.1].
19:56:16.467 [DEBUG] [org.gradle.launcher.daemon.server.DefaultIncomingConnectionHandler] Starting executing command: StopWhenIdle[id=8e0f755e-e6c2-4d53-bf32-b86337e4a39e.1] with connection: socket connection from /127.0.0.1:56199 to /127.0.0.1:56317.
19:56:16.467 [DEBUG] [org.gradle.launcher.daemon.server.DaemonStateCoordinator] Stop as soon as idle requested. The daemon is busy: false
19:56:16.467 [DEBUG] [org.gradle.launcher.daemon.server.DaemonStateCoordinator] Marking daemon stopped due to stop requested and daemon idle. The daemon is running a build: false
19:56:16.468 [DEBUG] [org.gradle.launcher.daemon.server.SynchronizedDispatchConnection] thread 14: dispatching class org.gradle.launcher.daemon.protocol.Success
19:56:16.468 [DEBUG] [org.gradle.launcher.daemon.server.DaemonStateCoordinator] Idle timeout: daemon has stopped.
19:56:16.468 [DEBUG] [org.gradle.launcher.daemon.server.Daemon] stop() called on daemon
19:56:16.468 [DEBUG] [org.gradle.launcher.daemon.server.DefaultIncomingConnectionHandler] Finishing executing command: StopWhenIdle[id=8e0f755e-e6c2-4d53-bf32-b86337e4a39e.1]
19:56:16.469 [INFO] [org.gradle.launcher.daemon.server.Daemon] Stop requested. Daemon is removing its presence from the registry...
19:56:16.469 [DEBUG] [org.gradle.launcher.daemon.server.SynchronizedDispatchConnection] thread 25: received class org.gradle.launcher.daemon.protocol.Finished
19:56:16.469 [DEBUG] [org.gradle.launcher.daemon.server.DomainRegistryUpdater] Removing our presence to clients, eg. removing this address from the registry: [bd7db802-29f0-4b00-8938-d157db335dd0 port:56199, addresses:[/0:0:0:0:0:0:0:1, /127.0.0.1]]
19:56:16.470 [DEBUG] [org.gradle.launcher.daemon.server.DefaultDaemonConnection] Received non-IO message from client: org.gradle.launcher.daemon.protocol.Finished@19fc0a04
19:56:16.470 [DEBUG] [org.gradle.launcher.daemon.registry.PersistentDaemonRegistry] Removing daemon address: [bd7db802-29f0-4b00-8938-d157db335dd0 port:56199, addresses:[/0:0:0:0:0:0:0:1, /127.0.0.1]]
19:56:16.470 [DEBUG] [org.gradle.launcher.daemon.server.SynchronizedDispatchConnection] thread 25: received null
19:56:16.470 [DEBUG] [org.gradle.launcher.daemon.server.DefaultIncomingConnectionHandler] Received finished message: org.gradle.launcher.daemon.protocol.Finished@19fc0a04
19:56:16.471 [DEBUG] [org.gradle.cache.internal.DefaultFileLockManager] Waiting to acquire exclusive lock on daemon addresses registry.
19:56:16.471 [DEBUG] [org.gradle.launcher.daemon.server.DefaultDaemonConnection] Received end-of-input from client.
19:56:16.471 [DEBUG] [org.gradle.cache.internal.DefaultFileLockManager] Lock acquired.
19:56:16.471 [DEBUG] [org.gradle.launcher.daemon.server.SynchronizedDispatchConnection] thread 14: stopping connection
19:56:16.475 [DEBUG] [org.gradle.launcher.daemon.server.SynchronizedDispatchConnection] thread 14: stopping connection
19:56:16.477 [DEBUG] [org.gradle.cache.internal.DefaultFileLockManager] Releasing lock on daemon addresses registry.
19:56:16.477 [DEBUG] [org.gradle.launcher.daemon.server.DomainRegistryUpdater] Address removed from registry.
Daemon vm is shutting down... The daemon has exited normally or was terminated in response to a user interrupt.
19:56:16.479 [DEBUG] [org.gradle.launcher.daemon.registry.PersistentDaemonRegistry] Removing daemon address: [bd7db802-29f0-4b00-8938-d157db335dd0 port:56199, addresses:[/0:0:0:0:0:0:0:1, /127.0.0.1]]
19:56:16.480 [DEBUG] [org.gradle.cache.internal.DefaultFileLockManager] Waiting to acquire exclusive lock on daemon addresses registry.
19:56:16.480 [DEBUG] [org.gradle.cache.internal.DefaultFileLockManager] Lock acquired.
19:56:16.481 [DEBUG] [org.gradle.cache.internal.DefaultFileLockManager] Releasing lock on daemon addresses registry.
