19:59:26.776 [INFO] [org.gradle.launcher.daemon.server.Daemon] start() called on daemon - DefaultDaemonContext[uid=9e3e638f-1c85-44d8-ba93-494bd45ee015,javaHome=/System/Library/Java/JavaVirtualMachines/1.6.0.jdk/Contents/Home,daemonRegistryDir=/Users/Vikramjeet/Documents/AndroidProjects/SimpleTodo/gradle/daemon,pid=11929,idleTimeout=10800000,daemonOpts=-XX:MaxPermSize=256m,-XX:+HeapDumpOnOutOfMemoryError,-Xmx1024m,-Dfile.encoding=UTF-8,-Duser.country=US,-Duser.language=en,-Duser.variant]
19:59:26.784 [DEBUG] [org.gradle.launcher.daemon.server.DaemonStateCoordinator] updating lastActivityAt to 1418702366784
19:59:26.797 [DEBUG] [org.gradle.messaging.remote.internal.inet.InetAddressFactory] Adding IP addresses for network interface en0
19:59:26.798 [DEBUG] [org.gradle.messaging.remote.internal.inet.InetAddressFactory] Is this a loopback interface? false
19:59:26.799 [DEBUG] [org.gradle.messaging.remote.internal.inet.InetAddressFactory] Is this a multicast interface? true
19:59:26.799 [DEBUG] [org.gradle.messaging.remote.internal.inet.InetAddressFactory] Adding remote address /fe80:0:0:0:3e15:c2ff:feda:3dda%4
19:59:26.800 [DEBUG] [org.gradle.messaging.remote.internal.inet.InetAddressFactory] Adding remote address /192.168.1.6
19:59:26.801 [DEBUG] [org.gradle.messaging.remote.internal.inet.InetAddressFactory] Adding remote multicast interface en0
19:59:26.801 [DEBUG] [org.gradle.messaging.remote.internal.inet.InetAddressFactory] Adding IP addresses for network interface lo0
19:59:26.802 [DEBUG] [org.gradle.messaging.remote.internal.inet.InetAddressFactory] Is this a loopback interface? true
19:59:26.803 [DEBUG] [org.gradle.messaging.remote.internal.inet.InetAddressFactory] Is this a multicast interface? true
19:59:26.803 [DEBUG] [org.gradle.messaging.remote.internal.inet.InetAddressFactory] Ignoring remote address on loopback interface /fe80:0:0:0:0:0:0:1%1
19:59:26.803 [DEBUG] [org.gradle.messaging.remote.internal.inet.InetAddressFactory] Adding loopback address /0:0:0:0:0:0:0:1
19:59:26.804 [DEBUG] [org.gradle.messaging.remote.internal.inet.InetAddressFactory] Adding loopback address /127.0.0.1
19:59:26.804 [DEBUG] [org.gradle.messaging.remote.internal.inet.InetAddressFactory] Adding loopback multicast interface lo0
19:59:26.810 [DEBUG] [org.gradle.messaging.remote.internal.inet.TcpIncomingConnector] Listening on [aa1b9985-fe39-4de0-8e43-018cb561f2ec port:54518, addresses:[/0:0:0:0:0:0:0:1, /127.0.0.1]].
19:59:26.813 [DEBUG] [org.gradle.launcher.daemon.server.Daemon] Daemon starting at: Mon Dec 15 19:59:26 PST 2014, with address: [aa1b9985-fe39-4de0-8e43-018cb561f2ec port:54518, addresses:[/0:0:0:0:0:0:0:1, /127.0.0.1]]
19:59:26.813 [INFO] [org.gradle.launcher.daemon.server.DomainRegistryUpdater] Advertising the daemon address to the clients: [aa1b9985-fe39-4de0-8e43-018cb561f2ec port:54518, addresses:[/0:0:0:0:0:0:0:1, /127.0.0.1]]
19:59:26.814 [DEBUG] [org.gradle.launcher.daemon.server.DomainRegistryUpdater] Advertised daemon context: DefaultDaemonContext[uid=9e3e638f-1c85-44d8-ba93-494bd45ee015,javaHome=/System/Library/Java/JavaVirtualMachines/1.6.0.jdk/Contents/Home,daemonRegistryDir=/Users/Vikramjeet/Documents/AndroidProjects/SimpleTodo/gradle/daemon,pid=11929,idleTimeout=10800000,daemonOpts=-XX:MaxPermSize=256m,-XX:+HeapDumpOnOutOfMemoryError,-Xmx1024m,-Dfile.encoding=UTF-8,-Duser.country=US,-Duser.language=en,-Duser.variant]
19:59:26.815 [DEBUG] [org.gradle.launcher.daemon.registry.PersistentDaemonRegistry] Storing daemon address: [aa1b9985-fe39-4de0-8e43-018cb561f2ec port:54518, addresses:[/0:0:0:0:0:0:0:1, /127.0.0.1]], context: DefaultDaemonContext[uid=9e3e638f-1c85-44d8-ba93-494bd45ee015,javaHome=/System/Library/Java/JavaVirtualMachines/1.6.0.jdk/Contents/Home,daemonRegistryDir=/Users/Vikramjeet/Documents/AndroidProjects/SimpleTodo/gradle/daemon,pid=11929,idleTimeout=10800000,daemonOpts=-XX:MaxPermSize=256m,-XX:+HeapDumpOnOutOfMemoryError,-Xmx1024m,-Dfile.encoding=UTF-8,-Duser.country=US,-Duser.language=en,-Duser.variant]
19:59:26.824 [DEBUG] [org.gradle.cache.internal.DefaultFileLockManager] Waiting to acquire exclusive lock on daemon addresses registry.
19:59:26.834 [DEBUG] [org.gradle.cache.internal.DefaultFileLockManager] Lock acquired.
19:59:26.859 [DEBUG] [org.gradle.cache.internal.DefaultFileLockManager] Releasing lock on daemon addresses registry.
19:59:26.862 [LIFECYCLE] [org.gradle.launcher.daemon.server.Daemon] Daemon server started.
19:59:26.866 [DEBUG] [org.gradle.launcher.daemon.bootstrap.DaemonStartupCommunication] Completed writing the daemon greeting. Closing streams...
19:59:26.866 [DEBUG] [org.gradle.launcher.daemon.server.Daemon] requestStopOnIdleTimeout(10800000 MILLISECONDS) called on daemon
19:59:26.867 [DEBUG] [org.gradle.launcher.daemon.server.DaemonStateCoordinator] Idle timeout: waiting for daemon to stop or be idle for 10800000ms
19:59:26.867 [DEBUG] [org.gradle.launcher.daemon.server.DaemonStateCoordinator] Daemon is idle, sleeping until state change or idle timeout at Mon Dec 15 22:59:26 PST 2014
19:59:26.894 [DEBUG] [org.gradle.messaging.remote.internal.inet.TcpIncomingConnector] Accepted connection from /127.0.0.1:54519 to /127.0.0.1:54518.
19:59:26.942 [DEBUG] [org.gradle.launcher.daemon.server.SynchronizedDispatchConnection] thread 15: received class org.gradle.launcher.daemon.protocol.Build
19:59:26.943 [DEBUG] [org.gradle.launcher.daemon.server.DefaultDaemonConnection] Received non-IO message from client: Build{id=9e771c74-6200-4e2c-9ed1-85db227af26d.1, currentDir=/Users/Vikramjeet/Documents/AndroidProjects/SimpleToDo}
19:59:26.943 [INFO] [org.gradle.launcher.daemon.server.DefaultIncomingConnectionHandler] Received command: Build{id=9e771c74-6200-4e2c-9ed1-85db227af26d.1, currentDir=/Users/Vikramjeet/Documents/AndroidProjects/SimpleToDo}.
19:59:26.944 [DEBUG] [org.gradle.launcher.daemon.server.DefaultIncomingConnectionHandler] Starting executing command: Build{id=9e771c74-6200-4e2c-9ed1-85db227af26d.1, currentDir=/Users/Vikramjeet/Documents/AndroidProjects/SimpleToDo} with connection: socket connection from /127.0.0.1:54518 to /127.0.0.1:54519.
19:59:26.953 [DEBUG] [org.gradle.launcher.daemon.server.DaemonStateCoordinator] Command execution: started DaemonCommandExecution[command = Build{id=9e771c74-6200-4e2c-9ed1-85db227af26d.1, currentDir=/Users/Vikramjeet/Documents/AndroidProjects/SimpleToDo}, connection = org.gradle.launcher.daemon.server.DefaultDaemonConnection@6273305c] after 0.0 minutes of idle
19:59:26.953 [INFO] [org.gradle.launcher.daemon.server.DomainRegistryUpdater] Marking the daemon as busy, address: [aa1b9985-fe39-4de0-8e43-018cb561f2ec port:54518, addresses:[/0:0:0:0:0:0:0:1, /127.0.0.1]]
19:59:26.954 [DEBUG] [org.gradle.launcher.daemon.registry.PersistentDaemonRegistry] Marking busy by address: [aa1b9985-fe39-4de0-8e43-018cb561f2ec port:54518, addresses:[/0:0:0:0:0:0:0:1, /127.0.0.1]]
19:59:26.955 [DEBUG] [org.gradle.cache.internal.DefaultFileLockManager] Waiting to acquire exclusive lock on daemon addresses registry.
19:59:26.956 [DEBUG] [org.gradle.cache.internal.DefaultFileLockManager] Lock acquired.
19:59:26.967 [DEBUG] [org.gradle.cache.internal.DefaultFileLockManager] Releasing lock on daemon addresses registry.
19:59:26.967 [DEBUG] [org.gradle.launcher.daemon.server.DaemonStateCoordinator] updating lastActivityAt to 1418702366967
19:59:26.968 [DEBUG] [org.gradle.launcher.daemon.server.DaemonStateCoordinator] Daemon is busy, sleeping until state changes.
19:59:26.969 [INFO] [org.gradle.launcher.daemon.server.exec.StartBuildOrRespondWithBusy] Daemon is about to start building Build{id=9e771c74-6200-4e2c-9ed1-85db227af26d.1, currentDir=/Users/Vikramjeet/Documents/AndroidProjects/SimpleToDo}. Dispatching build started information...
19:59:26.969 [DEBUG] [org.gradle.launcher.daemon.server.SynchronizedDispatchConnection] thread 17: dispatching class org.gradle.launcher.daemon.protocol.BuildStarted
19:59:26.974 [DEBUG] [org.gradle.launcher.daemon.server.exec.EstablishBuildEnvironment] Configuring env variables: {SHELL=/bin/bash, HOME=/Users/Vikramjeet, TMPDIR=/var/folders/gy/zqdwc_qd0y3c65fhbfyddf000000gn/T/, LOGNAME=Vikramjeet, Apple_PubSub_Socket_Render=/tmp/launch-DW9Gvw/Render, __CF_USER_TEXT_ENCODING=0x1F5:0:0, PATH=/usr/bin:/bin:/usr/sbin:/sbin, SSH_AUTH_SOCK=/tmp/launch-Zxi2lS/Listeners, __CHECKFIX1436934=1, USER=Vikramjeet}
19:59:26.984 [INFO] [org.gradle.launcher.daemon.server.exec.LogToClient] About to start relaying all logs to the client via the connection.
19:59:26.984 [INFO] [org.gradle.launcher.daemon.server.exec.LogToClient] The client will now receive all logging from the daemon (pid: 11929). The daemon log file: /Users/Vikramjeet/Documents/AndroidProjects/SimpleTodo/gradle/daemon/2.2.1/daemon-11929.out.log
19:59:26.988 [DEBUG] [org.gradle.launcher.daemon.server.exec.ExecuteBuild] The daemon has started executing the build.
19:59:26.989 [DEBUG] [org.gradle.launcher.daemon.server.SynchronizedDispatchConnection] thread 15: received class org.gradle.launcher.daemon.protocol.CloseInput
19:59:26.989 [INFO] [org.gradle.launcher.daemon.server.exec.ExecuteBuild] Executing build with daemon context: DefaultDaemonContext[uid=9e3e638f-1c85-44d8-ba93-494bd45ee015,javaHome=/System/Library/Java/JavaVirtualMachines/1.6.0.jdk/Contents/Home,daemonRegistryDir=/Users/Vikramjeet/Documents/AndroidProjects/SimpleTodo/gradle/daemon,pid=11929,idleTimeout=10800000,daemonOpts=-XX:MaxPermSize=256m,-XX:+HeapDumpOnOutOfMemoryError,-Xmx1024m,-Dfile.encoding=UTF-8,-Duser.country=US,-Duser.language=en,-Duser.variant]
19:59:26.989 [DEBUG] [org.gradle.launcher.daemon.server.DefaultDaemonConnection] Received IO message from client: CloseInput[id=9e771c74-6200-4e2c-9ed1-85db227af26d.2]
19:59:26.991 [INFO] [org.gradle.launcher.daemon.server.exec.ForwardClientInput] Closing daemon's stdin at end of input.
19:59:26.992 [INFO] [org.gradle.launcher.daemon.server.exec.ForwardClientInput] The daemon will no longer process any standard input.
19:59:27.539 [DEBUG] [org.gradle.internal.resource.transport.http.JavaSystemPropertiesHttpProxySettings] Found java system property 'http.nonProxyHosts': local|*.local|169.254/16|*.169.254/16. Will ignore proxy settings for these hosts.
19:59:27.632 [INFO] [org.gradle.tooling.internal.provider.DefaultPayloadClassLoaderRegistry] Creating ClassLoader 7f047142-8f67-4eb7-aed4-2cb1124d80a6 from [Spec classpath:[file:/Applications/Android%20Studio.app/Contents/plugins/gradle/lib/gradle-tooling-api-2.2.jar, file:/Applications/Android%20Studio.app/Contents/plugins/gradle/lib/guava-jdk5-17.0.jar, file:/Applications/Android%20Studio.app/Contents/plugins/gradle/lib/gradle-base-services-2.2.jar, file:/Applications/Android%20Studio.app/Contents/plugins/gradle/lib/gradle-tooling-extension-api.jar, file:/Applications/Android%20Studio.app/Contents/lib/openapi.jar, file:/Applications/Android%20Studio.app/Contents/plugins/android/lib/builder-model-1.0.0.jar, file:/Applications/Android%20Studio.app/Contents/plugins/google-cloud-tools/lib/gradle-appengine-builder-model-0.1.0.jar]] and [org.gradle.internal.classloader.FilteringClassLoader@4e84f566].
19:59:27.634 [DEBUG] [org.gradle.cache.internal.DefaultFileLockManager] Waiting to acquire exclusive lock on jars (/Users/Vikramjeet/Documents/AndroidProjects/SimpleToDo/gradle/caches/jars-1).
19:59:27.635 [DEBUG] [org.gradle.cache.internal.DefaultFileLockManager] Lock acquired.
19:59:27.637 [DEBUG] [org.gradle.cache.internal.locklistener.DefaultFileLockContentionHandler] Starting file lock listener thread.

BUILD SUCCESSFUL

Total time: 9.216 secs
19:59:34.651 [DEBUG] [org.gradle.api.internal.tasks.compile.daemon.CompilerDaemonManager] Stopping 0 compiler daemon(s).
19:59:34.651 [INFO] [org.gradle.api.internal.tasks.compile.daemon.CompilerDaemonManager] Stopped 0 compiler daemon(s).
19:59:34.652 [DEBUG] [org.gradle.cache.internal.DefaultCacheAccess] Cache Plugin Resolution Cache (/Users/Vikramjeet/Documents/AndroidProjects/SimpleToDo/gradle/caches/2.2.1/plugin-resolution) was closed 0 times.
19:59:34.653 [DEBUG] [org.gradle.cache.internal.btree.BTreePersistentIndexedCache] Closing cache module-metadata.bin (/Users/Vikramjeet/Documents/AndroidProjects/SimpleToDo/gradle/caches/modules-2/metadata-2.14/module-metadata.bin)
19:59:34.654 [DEBUG] [org.gradle.cache.internal.DefaultFileLockManager] Releasing lock on artifact cache (/Users/Vikramjeet/Documents/AndroidProjects/SimpleToDo/gradle/caches/modules-2).
19:59:34.655 [DEBUG] [org.gradle.cache.internal.DefaultFileLockManager] Releasing lock on jars (/Users/Vikramjeet/Documents/AndroidProjects/SimpleToDo/gradle/caches/jars-1).
19:59:34.656 [DEBUG] [org.gradle.cache.internal.DefaultFileLockManager] Releasing lock on initscript class cache for initialization script '/private/var/folders/gy/zqdwc_qd0y3c65fhbfyddf000000gn/T/asLocalRepo6580547231164157310.gradle' (/Users/Vikramjeet/Documents/AndroidProjects/SimpleToDo/gradle/caches/2.2.1/scripts/asLocalRepo6580547231164157310_ccdyw20y0tqy3ymtoy0vu8ecx/InitScript/initscript).
19:59:34.656 [DEBUG] [org.gradle.cache.internal.DefaultFileLockManager] Releasing lock on no_initscript class cache for initialization script '/private/var/folders/gy/zqdwc_qd0y3c65fhbfyddf000000gn/T/asLocalRepo6580547231164157310.gradle' (/Users/Vikramjeet/Documents/AndroidProjects/SimpleToDo/gradle/caches/2.2.1/scripts/asLocalRepo6580547231164157310_ccdyw20y0tqy3ymtoy0vu8ecx/InitScript/no_initscript).
19:59:34.657 [DEBUG] [org.gradle.cache.internal.DefaultFileLockManager] Releasing lock on buildscript class cache for settings file '/Users/Vikramjeet/Documents/AndroidProjects/SimpleToDo/settings.gradle' (/Users/Vikramjeet/Documents/AndroidProjects/SimpleToDo/gradle/caches/2.2.1/scripts/settings_2ksub8sug2juxkcbthlqept78/SettingsScript/buildscript).
19:59:34.658 [DEBUG] [org.gradle.cache.internal.DefaultFileLockManager] Releasing lock on no_buildscript class cache for settings file '/Users/Vikramjeet/Documents/AndroidProjects/SimpleToDo/settings.gradle' (/Users/Vikramjeet/Documents/AndroidProjects/SimpleToDo/gradle/caches/2.2.1/scripts/settings_2ksub8sug2juxkcbthlqept78/SettingsScript/no_buildscript).
19:59:34.658 [DEBUG] [org.gradle.cache.internal.DefaultFileLockManager] Releasing lock on buildscript class cache for build file '/Users/Vikramjeet/Documents/AndroidProjects/SimpleToDo/build.gradle' (/Users/Vikramjeet/Documents/AndroidProjects/SimpleToDo/gradle/caches/2.2.1/scripts/build_6x6g0yfrgfziqg4ywgsogn59p/ProjectScript/buildscript).
19:59:34.659 [DEBUG] [org.gradle.cache.internal.DefaultFileLockManager] Releasing lock on no_buildscript class cache for build file '/Users/Vikramjeet/Documents/AndroidProjects/SimpleToDo/build.gradle' (/Users/Vikramjeet/Documents/AndroidProjects/SimpleToDo/gradle/caches/2.2.1/scripts/build_6x6g0yfrgfziqg4ywgsogn59p/ProjectScript/no_buildscript).
19:59:34.659 [DEBUG] [org.gradle.cache.internal.DefaultFileLockManager] Releasing lock on buildscript class cache for build file '/Users/Vikramjeet/Documents/AndroidProjects/SimpleToDo/app/build.gradle' (/Users/Vikramjeet/Documents/AndroidProjects/SimpleToDo/gradle/caches/2.2.1/scripts/build_52nh8bbnxm23a3r1wvbuzil45/ProjectScript/buildscript).
19:59:34.659 [DEBUG] [org.gradle.cache.internal.DefaultFileLockManager] Releasing lock on no_buildscript class cache for build file '/Users/Vikramjeet/Documents/AndroidProjects/SimpleToDo/app/build.gradle' (/Users/Vikramjeet/Documents/AndroidProjects/SimpleToDo/gradle/caches/2.2.1/scripts/build_52nh8bbnxm23a3r1wvbuzil45/ProjectScript/no_buildscript).
19:59:34.667 [DEBUG] [org.gradle.api.internal.artifacts.ivyservice.ivyresolve.memcache.InMemoryCachedRepositoryFactory] In-memory dependency metadata cache closed. Repos cached: 20, cache instances: 4, modules served from cache: 47, artifacts: 29
19:59:34.669 [DEBUG] [org.gradle.api.internal.artifacts.ivyservice.resolveengine.store.CachedStoreFactory] Resolution result cache closed. Cache reads: 2, disk reads: 3 (avg: 0.0020 secs, total: 0.0070 secs)
19:59:34.670 [DEBUG] [org.gradle.api.internal.artifacts.ivyservice.resolveengine.store.CachedStoreFactory] Resolved configuration cache closed. Cache reads: 0, disk reads: 0 (avg: 0.0 secs, total: 0.0 secs)
19:59:34.671 [DEBUG] [org.gradle.api.internal.artifacts.ivyservice.resolveengine.store.ResolutionResultsStoreFactory] Deleted 2 resolution results binary files in 0.0020 secs
19:59:34.672 [DEBUG] [org.gradle.launcher.daemon.server.exec.ExecuteBuild] The daemon has finished executing the build.
19:59:34.907 [DEBUG] [org.gradle.launcher.daemon.server.DaemonStateCoordinator] Daemon is busy, sleeping until state changes.
19:59:34.910 [DEBUG] [org.gradle.launcher.daemon.server.DaemonStateCoordinator] Command execution: finished waiting for DaemonCommandExecution[command = Build{id=9e771c74-6200-4e2c-9ed1-85db227af26d.1, currentDir=/Users/Vikramjeet/Documents/AndroidProjects/SimpleToDo}, connection = org.gradle.launcher.daemon.server.DefaultDaemonConnection@6273305c]. Result org.gradle.launcher.daemon.server.DaemonStateCoordinator@6d3583e with state Running
19:59:34.911 [DEBUG] [org.gradle.launcher.daemon.server.DaemonStateCoordinator] Command execution: completed DaemonCommandExecution[command = Build{id=9e771c74-6200-4e2c-9ed1-85db227af26d.1, currentDir=/Users/Vikramjeet/Documents/AndroidProjects/SimpleToDo}, connection = org.gradle.launcher.daemon.server.DefaultDaemonConnection@6273305c]
19:59:34.911 [DEBUG] [org.gradle.launcher.daemon.server.DaemonStateCoordinator] updating lastActivityAt to 1418702374911
19:59:34.912 [INFO] [org.gradle.launcher.daemon.server.DomainRegistryUpdater] Marking the daemon as idle, address: [aa1b9985-fe39-4de0-8e43-018cb561f2ec port:54518, addresses:[/0:0:0:0:0:0:0:1, /127.0.0.1]]
19:59:34.913 [DEBUG] [org.gradle.launcher.daemon.registry.PersistentDaemonRegistry] Marking idle by address: [aa1b9985-fe39-4de0-8e43-018cb561f2ec port:54518, addresses:[/0:0:0:0:0:0:0:1, /127.0.0.1]]
19:59:34.914 [DEBUG] [org.gradle.cache.internal.DefaultFileLockManager] Waiting to acquire exclusive lock on daemon addresses registry.
19:59:34.915 [DEBUG] [org.gradle.cache.internal.DefaultFileLockManager] Lock acquired.
19:59:34.918 [DEBUG] [org.gradle.cache.internal.DefaultFileLockManager] Releasing lock on daemon addresses registry.
19:59:34.918 [DEBUG] [org.gradle.launcher.daemon.server.DaemonStateCoordinator] Daemon is idle, sleeping until state change or idle timeout at Mon Dec 15 22:59:34 PST 2014
19:59:34.918 [DEBUG] [org.gradle.launcher.daemon.server.exec.ReturnResult] Daemon is dispatching the build result: DaemonCommandResult[type=Success, value=org.gradle.tooling.internal.provider.BuildActionResult@6e6497de]
19:59:34.919 [DEBUG] [org.gradle.launcher.daemon.server.SynchronizedDispatchConnection] thread 14: dispatching class org.gradle.launcher.daemon.protocol.Success
19:59:34.934 [DEBUG] [org.gradle.launcher.daemon.server.DefaultIncomingConnectionHandler] Finishing executing command: Build{id=9e771c74-6200-4e2c-9ed1-85db227af26d.1, currentDir=/Users/Vikramjeet/Documents/AndroidProjects/SimpleToDo}
19:59:34.946 [DEBUG] [org.gradle.launcher.daemon.server.SynchronizedDispatchConnection] thread 15: received class org.gradle.launcher.daemon.protocol.Finished
19:59:34.947 [DEBUG] [org.gradle.launcher.daemon.server.DefaultDaemonConnection] Received non-IO message from client: org.gradle.launcher.daemon.protocol.Finished@440939dc
19:59:34.947 [DEBUG] [org.gradle.launcher.daemon.server.DefaultIncomingConnectionHandler] Received finished message: org.gradle.launcher.daemon.protocol.Finished@440939dc
19:59:34.947 [DEBUG] [org.gradle.launcher.daemon.server.SynchronizedDispatchConnection] thread 15: received null
19:59:34.948 [DEBUG] [org.gradle.launcher.daemon.server.SynchronizedDispatchConnection] thread 14: stopping connection
19:59:34.948 [DEBUG] [org.gradle.launcher.daemon.server.DefaultDaemonConnection] Received end-of-input from client.
19:59:34.951 [DEBUG] [org.gradle.launcher.daemon.server.SynchronizedDispatchConnection] thread 14: stopping connection
20:00:41.206 [DEBUG] [org.gradle.messaging.remote.internal.inet.TcpIncomingConnector] Accepted connection from /127.0.0.1:54587 to /127.0.0.1:54518.
20:00:41.212 [DEBUG] [org.gradle.launcher.daemon.server.SynchronizedDispatchConnection] thread 23: received class org.gradle.launcher.daemon.protocol.Build
20:00:41.212 [DEBUG] [org.gradle.launcher.daemon.server.DefaultDaemonConnection] Received non-IO message from client: Build{id=8614687f-7316-42ae-bdea-ee23147841d6.1, currentDir=/Users/Vikramjeet/Documents/AndroidProjects/SimpleToDo}
20:00:41.212 [INFO] [org.gradle.launcher.daemon.server.DefaultIncomingConnectionHandler] Received command: Build{id=8614687f-7316-42ae-bdea-ee23147841d6.1, currentDir=/Users/Vikramjeet/Documents/AndroidProjects/SimpleToDo}.
20:00:41.213 [DEBUG] [org.gradle.launcher.daemon.server.DefaultIncomingConnectionHandler] Starting executing command: Build{id=8614687f-7316-42ae-bdea-ee23147841d6.1, currentDir=/Users/Vikramjeet/Documents/AndroidProjects/SimpleToDo} with connection: socket connection from /127.0.0.1:54518 to /127.0.0.1:54587.
20:00:41.213 [DEBUG] [org.gradle.launcher.daemon.server.DaemonStateCoordinator] Command execution: started DaemonCommandExecution[command = Build{id=8614687f-7316-42ae-bdea-ee23147841d6.1, currentDir=/Users/Vikramjeet/Documents/AndroidProjects/SimpleToDo}, connection = org.gradle.launcher.daemon.server.DefaultDaemonConnection@228690e3] after 1.0 minutes of idle
20:00:41.213 [INFO] [org.gradle.launcher.daemon.server.DomainRegistryUpdater] Marking the daemon as busy, address: [aa1b9985-fe39-4de0-8e43-018cb561f2ec port:54518, addresses:[/0:0:0:0:0:0:0:1, /127.0.0.1]]
20:00:41.214 [DEBUG] [org.gradle.launcher.daemon.registry.PersistentDaemonRegistry] Marking busy by address: [aa1b9985-fe39-4de0-8e43-018cb561f2ec port:54518, addresses:[/0:0:0:0:0:0:0:1, /127.0.0.1]]
20:00:41.214 [DEBUG] [org.gradle.cache.internal.DefaultFileLockManager] Waiting to acquire exclusive lock on daemon addresses registry.
20:00:41.214 [DEBUG] [org.gradle.cache.internal.DefaultFileLockManager] Lock acquired.
20:00:41.217 [DEBUG] [org.gradle.cache.internal.DefaultFileLockManager] Releasing lock on daemon addresses registry.
20:00:41.217 [DEBUG] [org.gradle.launcher.daemon.server.DaemonStateCoordinator] updating lastActivityAt to 1418702441217
20:00:41.218 [DEBUG] [org.gradle.launcher.daemon.server.DaemonStateCoordinator] Daemon is busy, sleeping until state changes.
20:00:41.218 [INFO] [org.gradle.launcher.daemon.server.exec.StartBuildOrRespondWithBusy] Daemon is about to start building Build{id=8614687f-7316-42ae-bdea-ee23147841d6.1, currentDir=/Users/Vikramjeet/Documents/AndroidProjects/SimpleToDo}. Dispatching build started information...
20:00:41.218 [DEBUG] [org.gradle.launcher.daemon.server.SynchronizedDispatchConnection] thread 25: dispatching class org.gradle.launcher.daemon.protocol.BuildStarted
20:00:41.219 [DEBUG] [org.gradle.launcher.daemon.server.exec.EstablishBuildEnvironment] Configuring env variables: {SHELL=/bin/bash, HOME=/Users/Vikramjeet, TMPDIR=/var/folders/gy/zqdwc_qd0y3c65fhbfyddf000000gn/T/, LOGNAME=Vikramjeet, Apple_PubSub_Socket_Render=/tmp/launch-DW9Gvw/Render, __CF_USER_TEXT_ENCODING=0x1F5:0:0, PATH=/usr/bin:/bin:/usr/sbin:/sbin, SSH_AUTH_SOCK=/tmp/launch-Zxi2lS/Listeners, __CHECKFIX1436934=1, USER=Vikramjeet}
20:00:41.220 [INFO] [org.gradle.launcher.daemon.server.exec.LogToClient] About to start relaying all logs to the client via the connection.
20:00:41.220 [INFO] [org.gradle.launcher.daemon.server.exec.LogToClient] The client will now receive all logging from the daemon (pid: 11929). The daemon log file: /Users/Vikramjeet/Documents/AndroidProjects/SimpleTodo/gradle/daemon/2.2.1/daemon-11929.out.log
20:00:41.221 [DEBUG] [org.gradle.launcher.daemon.server.exec.ExecuteBuild] The daemon has started executing the build.
20:00:41.221 [INFO] [org.gradle.launcher.daemon.server.exec.ExecuteBuild] Executing build with daemon context: DefaultDaemonContext[uid=9e3e638f-1c85-44d8-ba93-494bd45ee015,javaHome=/System/Library/Java/JavaVirtualMachines/1.6.0.jdk/Contents/Home,daemonRegistryDir=/Users/Vikramjeet/Documents/AndroidProjects/SimpleTodo/gradle/daemon,pid=11929,idleTimeout=10800000,daemonOpts=-XX:MaxPermSize=256m,-XX:+HeapDumpOnOutOfMemoryError,-Xmx1024m,-Dfile.encoding=UTF-8,-Duser.country=US,-Duser.language=en,-Duser.variant]
20:00:41.224 [DEBUG] [org.gradle.launcher.daemon.server.SynchronizedDispatchConnection] thread 23: received class org.gradle.launcher.daemon.protocol.CloseInput
20:00:41.224 [DEBUG] [org.gradle.launcher.daemon.server.DefaultDaemonConnection] Received IO message from client: CloseInput[id=8614687f-7316-42ae-bdea-ee23147841d6.2]
20:00:41.224 [INFO] [org.gradle.launcher.daemon.server.exec.ForwardClientInput] Closing daemon's stdin at end of input.
20:00:41.225 [INFO] [org.gradle.launcher.daemon.server.exec.ForwardClientInput] The daemon will no longer process any standard input.
20:00:41.233 [DEBUG] [org.gradle.internal.resource.transport.http.JavaSystemPropertiesHttpProxySettings] Found java system property 'http.nonProxyHosts': local|*.local|169.254/16|*.169.254/16. Will ignore proxy settings for these hosts.

BUILD SUCCESSFUL

Total time: 1.35 secs
20:00:42.690 [DEBUG] [org.gradle.api.internal.tasks.compile.daemon.CompilerDaemonManager] Stopping 0 compiler daemon(s).
20:00:42.690 [INFO] [org.gradle.api.internal.tasks.compile.daemon.CompilerDaemonManager] Stopped 0 compiler daemon(s).
20:00:42.691 [DEBUG] [org.gradle.cache.internal.DefaultCacheAccess] Cache jars (/Users/Vikramjeet/Documents/AndroidProjects/SimpleToDo/gradle/caches/jars-1) was closed 0 times.
20:00:42.691 [DEBUG] [org.gradle.cache.internal.DefaultCacheAccess] Cache Plugin Resolution Cache (/Users/Vikramjeet/Documents/AndroidProjects/SimpleToDo/gradle/caches/2.2.1/plugin-resolution) was closed 0 times.
20:00:42.691 [DEBUG] [org.gradle.cache.internal.btree.BTreePersistentIndexedCache] Closing cache module-metadata.bin (/Users/Vikramjeet/Documents/AndroidProjects/SimpleToDo/gradle/caches/modules-2/metadata-2.14/module-metadata.bin)
20:00:42.692 [DEBUG] [org.gradle.cache.internal.DefaultFileLockManager] Releasing lock on artifact cache (/Users/Vikramjeet/Documents/AndroidProjects/SimpleToDo/gradle/caches/modules-2).
20:00:42.692 [DEBUG] [org.gradle.cache.internal.DefaultFileLockManager] Releasing lock on initscript class cache for initialization script '/private/var/folders/gy/zqdwc_qd0y3c65fhbfyddf000000gn/T/asLocalRepo520736520367031415.gradle' (/Users/Vikramjeet/Documents/AndroidProjects/SimpleToDo/gradle/caches/2.2.1/scripts/asLocalRepo520736520367031415_3n0c65uedjbri6h8k5fuexsr6/InitScript/initscript).
20:00:42.693 [DEBUG] [org.gradle.cache.internal.DefaultFileLockManager] Releasing lock on no_initscript class cache for initialization script '/private/var/folders/gy/zqdwc_qd0y3c65fhbfyddf000000gn/T/asLocalRepo520736520367031415.gradle' (/Users/Vikramjeet/Documents/AndroidProjects/SimpleToDo/gradle/caches/2.2.1/scripts/asLocalRepo520736520367031415_3n0c65uedjbri6h8k5fuexsr6/InitScript/no_initscript).
20:00:42.693 [DEBUG] [org.gradle.cache.internal.DefaultFileLockManager] Releasing lock on buildscript class cache for settings file '/Users/Vikramjeet/Documents/AndroidProjects/SimpleToDo/settings.gradle' (/Users/Vikramjeet/Documents/AndroidProjects/SimpleToDo/gradle/caches/2.2.1/scripts/settings_2ksub8sug2juxkcbthlqept78/SettingsScript/buildscript).
20:00:42.693 [DEBUG] [org.gradle.cache.internal.DefaultFileLockManager] Releasing lock on no_buildscript class cache for settings file '/Users/Vikramjeet/Documents/AndroidProjects/SimpleToDo/settings.gradle' (/Users/Vikramjeet/Documents/AndroidProjects/SimpleToDo/gradle/caches/2.2.1/scripts/settings_2ksub8sug2juxkcbthlqept78/SettingsScript/no_buildscript).
20:00:42.694 [DEBUG] [org.gradle.cache.internal.DefaultFileLockManager] Releasing lock on buildscript class cache for build file '/Users/Vikramjeet/Documents/AndroidProjects/SimpleToDo/build.gradle' (/Users/Vikramjeet/Documents/AndroidProjects/SimpleToDo/gradle/caches/2.2.1/scripts/build_6x6g0yfrgfziqg4ywgsogn59p/ProjectScript/buildscript).
20:00:42.694 [DEBUG] [org.gradle.cache.internal.DefaultFileLockManager] Releasing lock on no_buildscript class cache for build file '/Users/Vikramjeet/Documents/AndroidProjects/SimpleToDo/build.gradle' (/Users/Vikramjeet/Documents/AndroidProjects/SimpleToDo/gradle/caches/2.2.1/scripts/build_6x6g0yfrgfziqg4ywgsogn59p/ProjectScript/no_buildscript).
20:00:42.694 [DEBUG] [org.gradle.cache.internal.DefaultFileLockManager] Releasing lock on buildscript class cache for build file '/Users/Vikramjeet/Documents/AndroidProjects/SimpleToDo/app/build.gradle' (/Users/Vikramjeet/Documents/AndroidProjects/SimpleToDo/gradle/caches/2.2.1/scripts/build_52nh8bbnxm23a3r1wvbuzil45/ProjectScript/buildscript).
20:00:42.695 [DEBUG] [org.gradle.cache.internal.DefaultFileLockManager] Releasing lock on no_buildscript class cache for build file '/Users/Vikramjeet/Documents/AndroidProjects/SimpleToDo/app/build.gradle' (/Users/Vikramjeet/Documents/AndroidProjects/SimpleToDo/gradle/caches/2.2.1/scripts/build_52nh8bbnxm23a3r1wvbuzil45/ProjectScript/no_buildscript).
20:00:42.696 [DEBUG] [org.gradle.api.internal.artifacts.ivyservice.ivyresolve.memcache.InMemoryCachedRepositoryFactory] In-memory dependency metadata cache closed. Repos cached: 20, cache instances: 4, modules served from cache: 47, artifacts: 29
20:00:42.696 [DEBUG] [org.gradle.api.internal.artifacts.ivyservice.resolveengine.store.CachedStoreFactory] Resolution result cache closed. Cache reads: 2, disk reads: 3 (avg: 0.0 secs, total: 0.0010 secs)
20:00:42.697 [DEBUG] [org.gradle.api.internal.artifacts.ivyservice.resolveengine.store.CachedStoreFactory] Resolved configuration cache closed. Cache reads: 0, disk reads: 0 (avg: 0.0 secs, total: 0.0 secs)
20:00:42.697 [DEBUG] [org.gradle.api.internal.artifacts.ivyservice.resolveengine.store.ResolutionResultsStoreFactory] Deleted 2 resolution results binary files in 0.0010 secs
20:00:42.698 [DEBUG] [org.gradle.launcher.daemon.server.exec.ExecuteBuild] The daemon has finished executing the build.
20:00:42.699 [DEBUG] [org.gradle.launcher.daemon.server.DaemonStateCoordinator] Daemon is busy, sleeping until state changes.
20:00:42.699 [DEBUG] [org.gradle.launcher.daemon.server.DaemonStateCoordinator] Command execution: finished waiting for DaemonCommandExecution[command = Build{id=8614687f-7316-42ae-bdea-ee23147841d6.1, currentDir=/Users/Vikramjeet/Documents/AndroidProjects/SimpleToDo}, connection = org.gradle.launcher.daemon.server.DefaultDaemonConnection@228690e3]. Result org.gradle.launcher.daemon.server.DaemonStateCoordinator@6d3583e with state Running
20:00:42.700 [DEBUG] [org.gradle.launcher.daemon.server.DaemonStateCoordinator] Command execution: completed DaemonCommandExecution[command = Build{id=8614687f-7316-42ae-bdea-ee23147841d6.1, currentDir=/Users/Vikramjeet/Documents/AndroidProjects/SimpleToDo}, connection = org.gradle.launcher.daemon.server.DefaultDaemonConnection@228690e3]
20:00:42.700 [DEBUG] [org.gradle.launcher.daemon.server.DaemonStateCoordinator] updating lastActivityAt to 1418702442700
20:00:42.700 [INFO] [org.gradle.launcher.daemon.server.DomainRegistryUpdater] Marking the daemon as idle, address: [aa1b9985-fe39-4de0-8e43-018cb561f2ec port:54518, addresses:[/0:0:0:0:0:0:0:1, /127.0.0.1]]
20:00:42.700 [DEBUG] [org.gradle.launcher.daemon.registry.PersistentDaemonRegistry] Marking idle by address: [aa1b9985-fe39-4de0-8e43-018cb561f2ec port:54518, addresses:[/0:0:0:0:0:0:0:1, /127.0.0.1]]
20:00:42.701 [DEBUG] [org.gradle.cache.internal.DefaultFileLockManager] Waiting to acquire exclusive lock on daemon addresses registry.
20:00:42.701 [DEBUG] [org.gradle.cache.internal.DefaultFileLockManager] Lock acquired.
20:00:42.704 [DEBUG] [org.gradle.cache.internal.DefaultFileLockManager] Releasing lock on daemon addresses registry.
20:00:42.704 [DEBUG] [org.gradle.launcher.daemon.server.exec.ReturnResult] Daemon is dispatching the build result: DaemonCommandResult[type=Success, value=org.gradle.tooling.internal.provider.BuildActionResult@346b8cd1]
20:00:42.704 [DEBUG] [org.gradle.launcher.daemon.server.DaemonStateCoordinator] Daemon is idle, sleeping until state change or idle timeout at Mon Dec 15 23:00:42 PST 2014
20:00:42.704 [DEBUG] [org.gradle.launcher.daemon.server.SynchronizedDispatchConnection] thread 22: dispatching class org.gradle.launcher.daemon.protocol.Success
20:00:42.712 [DEBUG] [org.gradle.launcher.daemon.server.DefaultIncomingConnectionHandler] Finishing executing command: Build{id=8614687f-7316-42ae-bdea-ee23147841d6.1, currentDir=/Users/Vikramjeet/Documents/AndroidProjects/SimpleToDo}
20:00:42.715 [DEBUG] [org.gradle.launcher.daemon.server.SynchronizedDispatchConnection] thread 23: received class org.gradle.launcher.daemon.protocol.Finished
20:00:42.716 [DEBUG] [org.gradle.launcher.daemon.server.DefaultDaemonConnection] Received non-IO message from client: org.gradle.launcher.daemon.protocol.Finished@157dbcd4
20:00:42.716 [DEBUG] [org.gradle.launcher.daemon.server.SynchronizedDispatchConnection] thread 23: received null
20:00:42.716 [DEBUG] [org.gradle.launcher.daemon.server.DefaultDaemonConnection] Received end-of-input from client.
20:00:42.716 [DEBUG] [org.gradle.launcher.daemon.server.DefaultIncomingConnectionHandler] Received finished message: org.gradle.launcher.daemon.protocol.Finished@157dbcd4
20:00:42.717 [DEBUG] [org.gradle.launcher.daemon.server.SynchronizedDispatchConnection] thread 22: stopping connection
20:00:42.717 [DEBUG] [org.gradle.launcher.daemon.server.SynchronizedDispatchConnection] thread 22: stopping connection
20:00:57.166 [DEBUG] [org.gradle.messaging.remote.internal.inet.TcpIncomingConnector] Accepted connection from /127.0.0.1:54691 to /127.0.0.1:54518.
20:00:57.175 [DEBUG] [org.gradle.launcher.daemon.server.SynchronizedDispatchConnection] thread 27: received class org.gradle.launcher.daemon.protocol.Build
20:00:57.175 [DEBUG] [org.gradle.launcher.daemon.server.DefaultDaemonConnection] Received non-IO message from client: Build{id=6d51832f-0d83-4341-be93-b2d0913c7415.1, currentDir=/Users/Vikramjeet/Documents/AndroidProjects/SimpleToDo}
20:00:57.176 [INFO] [org.gradle.launcher.daemon.server.DefaultIncomingConnectionHandler] Received command: Build{id=6d51832f-0d83-4341-be93-b2d0913c7415.1, currentDir=/Users/Vikramjeet/Documents/AndroidProjects/SimpleToDo}.
20:00:57.176 [DEBUG] [org.gradle.launcher.daemon.server.DefaultIncomingConnectionHandler] Starting executing command: Build{id=6d51832f-0d83-4341-be93-b2d0913c7415.1, currentDir=/Users/Vikramjeet/Documents/AndroidProjects/SimpleToDo} with connection: socket connection from /127.0.0.1:54518 to /127.0.0.1:54691.
20:00:57.176 [DEBUG] [org.gradle.launcher.daemon.server.DaemonStateCoordinator] Command execution: started DaemonCommandExecution[command = Build{id=6d51832f-0d83-4341-be93-b2d0913c7415.1, currentDir=/Users/Vikramjeet/Documents/AndroidProjects/SimpleToDo}, connection = org.gradle.launcher.daemon.server.DefaultDaemonConnection@44d2b815] after 0.0 minutes of idle
20:00:57.177 [INFO] [org.gradle.launcher.daemon.server.DomainRegistryUpdater] Marking the daemon as busy, address: [aa1b9985-fe39-4de0-8e43-018cb561f2ec port:54518, addresses:[/0:0:0:0:0:0:0:1, /127.0.0.1]]
20:00:57.177 [DEBUG] [org.gradle.launcher.daemon.registry.PersistentDaemonRegistry] Marking busy by address: [aa1b9985-fe39-4de0-8e43-018cb561f2ec port:54518, addresses:[/0:0:0:0:0:0:0:1, /127.0.0.1]]
20:00:57.177 [DEBUG] [org.gradle.cache.internal.DefaultFileLockManager] Waiting to acquire exclusive lock on daemon addresses registry.
20:00:57.178 [DEBUG] [org.gradle.cache.internal.DefaultFileLockManager] Lock acquired.
20:00:57.180 [DEBUG] [org.gradle.cache.internal.DefaultFileLockManager] Releasing lock on daemon addresses registry.
20:00:57.181 [DEBUG] [org.gradle.launcher.daemon.server.DaemonStateCoordinator] updating lastActivityAt to 1418702457181
20:00:57.182 [DEBUG] [org.gradle.launcher.daemon.server.DaemonStateCoordinator] Daemon is busy, sleeping until state changes.
20:00:57.182 [INFO] [org.gradle.launcher.daemon.server.exec.StartBuildOrRespondWithBusy] Daemon is about to start building Build{id=6d51832f-0d83-4341-be93-b2d0913c7415.1, currentDir=/Users/Vikramjeet/Documents/AndroidProjects/SimpleToDo}. Dispatching build started information...
20:00:57.183 [DEBUG] [org.gradle.launcher.daemon.server.SynchronizedDispatchConnection] thread 25: dispatching class org.gradle.launcher.daemon.protocol.BuildStarted
20:00:57.184 [DEBUG] [org.gradle.launcher.daemon.server.exec.EstablishBuildEnvironment] Configuring env variables: {SHELL=/bin/bash, HOME=/Users/Vikramjeet, TMPDIR=/var/folders/gy/zqdwc_qd0y3c65fhbfyddf000000gn/T/, LOGNAME=Vikramjeet, Apple_PubSub_Socket_Render=/tmp/launch-DW9Gvw/Render, __CF_USER_TEXT_ENCODING=0x1F5:0:0, PATH=/usr/bin:/bin:/usr/sbin:/sbin, SSH_AUTH_SOCK=/tmp/launch-Zxi2lS/Listeners, __CHECKFIX1436934=1, USER=Vikramjeet}
20:00:57.184 [INFO] [org.gradle.launcher.daemon.server.exec.LogToClient] About to start relaying all logs to the client via the connection.
20:00:57.185 [INFO] [org.gradle.launcher.daemon.server.exec.LogToClient] The client will now receive all logging from the daemon (pid: 11929). The daemon log file: /Users/Vikramjeet/Documents/AndroidProjects/SimpleTodo/gradle/daemon/2.2.1/daemon-11929.out.log
20:00:57.185 [DEBUG] [org.gradle.launcher.daemon.server.exec.ExecuteBuild] The daemon has started executing the build.
20:00:57.185 [INFO] [org.gradle.launcher.daemon.server.exec.ExecuteBuild] Executing build with daemon context: DefaultDaemonContext[uid=9e3e638f-1c85-44d8-ba93-494bd45ee015,javaHome=/System/Library/Java/JavaVirtualMachines/1.6.0.jdk/Contents/Home,daemonRegistryDir=/Users/Vikramjeet/Documents/AndroidProjects/SimpleTodo/gradle/daemon,pid=11929,idleTimeout=10800000,daemonOpts=-XX:MaxPermSize=256m,-XX:+HeapDumpOnOutOfMemoryError,-Xmx1024m,-Dfile.encoding=UTF-8,-Duser.country=US,-Duser.language=en,-Duser.variant]
20:00:57.186 [DEBUG] [org.gradle.launcher.daemon.server.SynchronizedDispatchConnection] thread 27: received class org.gradle.launcher.daemon.protocol.CloseInput
20:00:57.187 [DEBUG] [org.gradle.launcher.daemon.server.DefaultDaemonConnection] Received IO message from client: CloseInput[id=6d51832f-0d83-4341-be93-b2d0913c7415.2]
20:00:57.187 [INFO] [org.gradle.launcher.daemon.server.exec.ForwardClientInput] Closing daemon's stdin at end of input.
20:00:57.187 [INFO] [org.gradle.launcher.daemon.server.exec.ForwardClientInput] The daemon will no longer process any standard input.
20:00:57.194 [DEBUG] [org.gradle.internal.resource.transport.http.JavaSystemPropertiesHttpProxySettings] Found java system property 'http.nonProxyHosts': local|*.local|169.254/16|*.169.254/16. Will ignore proxy settings for these hosts.
Configuration on demand is an incubating feature.
:app:preBuild
:app:compileDebugNdk UP-TO-DATE
:app:preDebugBuild
:app:checkDebugManifest
:app:preReleaseBuild
:app:prepareComAndroidSupportAppcompatV72103Library UP-TO-DATE
:app:prepareComAndroidSupportSupportV42103Library UP-TO-DATE
:app:prepareDebugDependencies
:app:compileDebugAidl UP-TO-DATE
:app:compileDebugRenderscript UP-TO-DATE
:app:generateDebugBuildConfig UP-TO-DATE
:app:generateDebugAssets UP-TO-DATE
:app:mergeDebugAssets UP-TO-DATE
:app:generateDebugResValues UP-TO-DATE
:app:generateDebugResources UP-TO-DATE
:app:mergeDebugResources UP-TO-DATE
:app:processDebugManifest UP-TO-DATE
:app:processDebugResources UP-TO-DATE
:app:generateDebugSources UP-TO-DATE
:app:compileDebugJavawarning: android/os/Bundle.class(android/os:Bundle.class): major version 51 is newer than 50, the highest major version supported by this compiler.
It is recommended that the compiler be upgraded.
warning: android/support/v7/app/ActionBarActivity.class(android/support/v7/app:ActionBarActivity.class): major version 51 is newer than 50, the highest major version supported by this compiler.
It is recommended that the compiler be upgraded.
warning: android/view/Menu.class(android/view:Menu.class): major version 51 is newer than 50, the highest major version supported by this compiler.
It is recommended that the compiler be upgraded.
warning: android/view/MenuItem.class(android/view:MenuItem.class): major version 51 is newer than 50, the highest major version supported by this compiler.
It is recommended that the compiler be upgraded.
warning: android/view/View.class(android/view:View.class): major version 51 is newer than 50, the highest major version supported by this compiler.
It is recommended that the compiler be upgraded.
warning: android/widget/AdapterView.class(android/widget:AdapterView.class): major version 51 is newer than 50, the highest major version supported by this compiler.
It is recommended that the compiler be upgraded.
warning: android/widget/ArrayAdapter.class(android/widget:ArrayAdapter.class): major version 51 is newer than 50, the highest major version supported by this compiler.
It is recommended that the compiler be upgraded.
warning: android/widget/EditText.class(android/widget:EditText.class): major version 51 is newer than 50, the highest major version supported by this compiler.
It is recommended that the compiler be upgraded.
warning: android/widget/ListView.class(android/widget:ListView.class): major version 51 is newer than 50, the highest major version supported by this compiler.
It is recommended that the compiler be upgraded.
warning: java/io/IOException.class(java/io:IOException.class): major version 51 is newer than 50, the highest major version supported by this compiler.
It is recommended that the compiler be upgraded.
warning: java/util/ArrayList.class(java/util:ArrayList.class): major version 51 is newer than 50, the highest major version supported by this compiler.
It is recommended that the compiler be upgraded.
warning: android/support/v7/app/ActionBar.class(android/support/v7/app:ActionBar.class): major version 51 is newer than 50, the highest major version supported by this compiler.
It is recommended that the compiler be upgraded.
warning: android/support/v7/app/ActionBar$Callback.class(android/support/v7/app:ActionBar$Callback.class): major version 51 is newer than 50, the highest major version supported by this compiler.
It is recommended that the compiler be upgraded.
warning: java/lang/Object.class(java/lang:Object.class): major version 51 is newer than 50, the highest major version supported by this compiler.
It is recommended that the compiler be upgraded.
warning: java/lang/Iterable.class(java/lang:Iterable.class): major version 51 is newer than 50, the highest major version supported by this compiler.
It is recommended that the compiler be upgraded.
warning: android/support/v4/widget/DrawerLayoutImpl.class(android/support/v4/widget:DrawerLayoutImpl.class): major version 51 is newer than 50, the highest major version supported by this compiler.
It is recommended that the compiler be upgraded.
warning: android/view/ViewGroup.class(android/view:ViewGroup.class): major version 51 is newer than 50, the highest major version supported by this compiler.
It is recommended that the compiler be upgraded.
warning: android/view/ViewParent.class(android/view:ViewParent.class): major version 51 is newer than 50, the highest major version supported by this compiler.
It is recommended that the compiler be upgraded.
warning: android/view/ViewManager.class(android/view:ViewManager.class): major version 51 is newer than 50, the highest major version supported by this compiler.
It is recommended that the compiler be upgraded.
warning: android/graphics/drawable/Drawable.class(android/graphics/drawable:Drawable.class): major version 51 is newer than 50, the highest major version supported by this compiler.
It is recommended that the compiler be upgraded.
warning: android/graphics/drawable/Drawable$Callback.class(android/graphics/drawable:Drawable$Callback.class): major version 51 is newer than 50, the highest major version supported by this compiler.
It is recommended that the compiler be upgraded.
warning: android/view/KeyEvent.class(android/view:KeyEvent.class): major version 51 is newer than 50, the highest major version supported by this compiler.
It is recommended that the compiler be upgraded.
warning: android/view/KeyEvent$Callback.class(android/view:KeyEvent$Callback.class): major version 51 is newer than 50, the highest major version supported by this compiler.
It is recommended that the compiler be upgraded.
warning: android/os/Parcelable.class(android/os:Parcelable.class): major version 51 is newer than 50, the highest major version supported by this compiler.
It is recommended that the compiler be upgraded.
warning: android/view/InputEvent.class(android/view:InputEvent.class): major version 51 is newer than 50, the highest major version supported by this compiler.
It is recommended that the compiler be upgraded.
warning: android/view/accessibility/AccessibilityEventSource.class(android/view/accessibility:AccessibilityEventSource.class): major version 51 is newer than 50, the highest major version supported by this compiler.
It is recommended that the compiler be upgraded.
warning: android/support/v7/app/ActionBarDrawerToggle.class(android/support/v7/app:ActionBarDrawerToggle.class): major version 51 is newer than 50, the highest major version supported by this compiler.
It is recommended that the compiler be upgraded.
warning: android/support/v7/app/ActionBarDrawerToggle$TmpDelegateProvider.class(android/support/v7/app:ActionBarDrawerToggle$TmpDelegateProvider.class): major version 51 is newer than 50, the highest major version supported by this compiler.
It is recommended that the compiler be upgraded.
warning: android/app/Activity.class(android/app:Activity.class): major version 51 is newer than 50, the highest major version supported by this compiler.
It is recommended that the compiler be upgraded.
warning: android/view/LayoutInflater.class(android/view:LayoutInflater.class): major version 51 is newer than 50, the highest major version supported by this compiler.
It is recommended that the compiler be upgraded.
warning: android/view/LayoutInflater$Factory2.class(android/view:LayoutInflater$Factory2.class): major version 51 is newer than 50, the highest major version supported by this compiler.
It is recommended that the compiler be upgraded.
warning: android/view/LayoutInflater$Factory.class(android/view:LayoutInflater$Factory.class): major version 51 is newer than 50, the highest major version supported by this compiler.
It is recommended that the compiler be upgraded.
warning: android/view/Window.class(android/view:Window.class): major version 51 is newer than 50, the highest major version supported by this compiler.
It is recommended that the compiler be upgraded.
warning: android/view/Window$Callback.class(android/view:Window$Callback.class): major version 51 is newer than 50, the highest major version supported by this compiler.
It is recommended that the compiler be upgraded.
warning: android/view/View$OnCreateContextMenuListener.class(android/view:View$OnCreateContextMenuListener.class): major version 51 is newer than 50, the highest major version supported by this compiler.
It is recommended that the compiler be upgraded.
warning: android/content/ComponentCallbacks2.class(android/content:ComponentCallbacks2.class): major version 51 is newer than 50, the highest major version supported by this compiler.
It is recommended that the compiler be upgraded.
warning: android/content/ComponentCallbacks.class(android/content:ComponentCallbacks.class): major version 51 is newer than 50, the highest major version supported by this compiler.
It is recommended that the compiler be upgraded.
warning: android/view/ContextThemeWrapper.class(android/view:ContextThemeWrapper.class): major version 51 is newer than 50, the highest major version supported by this compiler.
It is recommended that the compiler be upgraded.
warning: android/content/ContextWrapper.class(android/content:ContextWrapper.class): major version 51 is newer than 50, the highest major version supported by this compiler.
It is recommended that the compiler be upgraded.
warning: android/content/Context.class(android/content:Context.class): major version 51 is newer than 50, the highest major version supported by this compiler.
It is recommended that the compiler be upgraded.
warning: java/lang/String.class(java/lang:String.class): major version 51 is newer than 50, the highest major version supported by this compiler.
It is recommended that the compiler be upgraded.
warning: android/view/ViewDebug.class(android/view:ViewDebug.class): major version 51 is newer than 50, the highest major version supported by this compiler.
It is recommended that the compiler be upgraded.
warning: android/view/ViewDebug$ExportedProperty.class(android/view:ViewDebug$ExportedProperty.class): major version 51 is newer than 50, the highest major version supported by this compiler.
It is recommended that the compiler be upgraded.
warning: android/view/ViewDebug$IntToString.class(android/view:ViewDebug$IntToString.class): major version 51 is newer than 50, the highest major version supported by this compiler.
It is recommended that the compiler be upgraded.
warning: java/lang/Override.class(java/lang:Override.class): major version 51 is newer than 50, the highest major version supported by this compiler.
It is recommended that the compiler be upgraded.
warning: java/lang/annotation/Annotation.class(java/lang/annotation:Annotation.class): major version 51 is newer than 50, the highest major version supported by this compiler.
It is recommended that the compiler be upgraded.
warning: java/lang/annotation/Target.class(java/lang/annotation:Target.class): major version 51 is newer than 50, the highest major version supported by this compiler.
It is recommended that the compiler be upgraded.
warning: java/lang/annotation/ElementType.class(java/lang/annotation:ElementType.class): major version 51 is newer than 50, the highest major version supported by this compiler.
It is recommended that the compiler be upgraded.
warning: java/lang/annotation/Retention.class(java/lang/annotation:Retention.class): major version 51 is newer than 50, the highest major version supported by this compiler.
It is recommended that the compiler be upgraded.
warning: java/lang/annotation/RetentionPolicy.class(java/lang/annotation:RetentionPolicy.class): major version 51 is newer than 50, the highest major version supported by this compiler.
It is recommended that the compiler be upgraded.
warning: java/lang/Error.class(java/lang:Error.class): major version 51 is newer than 50, the highest major version supported by this compiler.
It is recommended that the compiler be upgraded.
warning: android/content/pm/PackageManager.class(android/content/pm:PackageManager.class): major version 51 is newer than 50, the highest major version supported by this compiler.
It is recommended that the compiler be upgraded.
warning: android/content/pm/PackageManager$NameNotFoundException.class(android/content/pm:PackageManager$NameNotFoundException.class): major version 51 is newer than 50, the highest major version supported by this compiler.
It is recommended that the compiler be upgraded.
warning: android/util/AndroidException.class(android/util:AndroidException.class): major version 51 is newer than 50, the highest major version supported by this compiler.
It is recommended that the compiler be upgraded.
warning: java/lang/Exception.class(java/lang:Exception.class): major version 51 is newer than 50, the highest major version supported by this compiler.
It is recommended that the compiler be upgraded.
warning: java/lang/Throwable.class(java/lang:Throwable.class): major version 51 is newer than 50, the highest major version supported by this compiler.
It is recommended that the compiler be upgraded.
warning: java/lang/RuntimeException.class(java/lang:RuntimeException.class): major version 51 is newer than 50, the highest major version supported by this compiler.
It is recommended that the compiler be upgraded.
warning: android/content/IntentSender.class(android/content:IntentSender.class): major version 51 is newer than 50, the highest major version supported by this compiler.
It is recommended that the compiler be upgraded.
warning: android/content/IntentSender$SendIntentException.class(android/content:IntentSender$SendIntentException.class): major version 51 is newer than 50, the highest major version supported by this compiler.
It is recommended that the compiler be upgraded.
warning: java/io/FileNotFoundException.class(java/io:FileNotFoundException.class): major version 51 is newer than 50, the highest major version supported by this compiler.
It is recommended that the compiler be upgraded.
warning: android/widget/AbsListView.class(android/widget:AbsListView.class): major version 51 is newer than 50, the highest major version supported by this compiler.
It is recommended that the compiler be upgraded.
warning: java/util/Collection.class(java/util:Collection.class): major version 51 is newer than 50, the highest major version supported by this compiler.
It is recommended that the compiler be upgraded.
warning: java/util/AbstractList.class(java/util:AbstractList.class): major version 51 is newer than 50, the highest major version supported by this compiler.
It is recommended that the compiler be upgraded.
warning: java/util/AbstractCollection.class(java/util:AbstractCollection.class): major version 51 is newer than 50, the highest major version supported by this compiler.
It is recommended that the compiler be upgraded.
warning: android/R.class(android:R.class): major version 51 is newer than 50, the highest major version supported by this compiler.
It is recommended that the compiler be upgraded.
warning: android/R$layout.class(android:R$layout.class): major version 51 is newer than 50, the highest major version supported by this compiler.
It is recommended that the compiler be upgraded.
warning: java/util/List.class(java/util:List.class): major version 51 is newer than 50, the highest major version supported by this compiler.
It is recommended that the compiler be upgraded.
warning: android/widget/BaseAdapter.class(android/widget:BaseAdapter.class): major version 51 is newer than 50, the highest major version supported by this compiler.
It is recommended that the compiler be upgraded.
warning: android/widget/ListAdapter.class(android/widget:ListAdapter.class): major version 51 is newer than 50, the highest major version supported by this compiler.
It is recommended that the compiler be upgraded.
warning: android/view/MenuInflater.class(android/view:MenuInflater.class): major version 51 is newer than 50, the highest major version supported by this compiler.
It is recommended that the compiler be upgraded.
warning: android/widget/TextView.class(android/widget:TextView.class): major version 51 is newer than 50, the highest major version supported by this compiler.
It is recommended that the compiler be upgraded.
warning: android/text/Editable.class(android/text:Editable.class): major version 51 is newer than 50, the highest major version supported by this compiler.
It is recommended that the compiler be upgraded.
warning: java/lang/CharSequence.class(java/lang:CharSequence.class): major version 51 is newer than 50, the highest major version supported by this compiler.
It is recommended that the compiler be upgraded.
warning: android/text/GetChars.class(android/text:GetChars.class): major version 51 is newer than 50, the highest major version supported by this compiler.
It is recommended that the compiler be upgraded.
warning: android/text/Spannable.class(android/text:Spannable.class): major version 51 is newer than 50, the highest major version supported by this compiler.
It is recommended that the compiler be upgraded.
warning: android/text/Spanned.class(android/text:Spanned.class): major version 51 is newer than 50, the highest major version supported by this compiler.
It is recommended that the compiler be upgraded.
warning: java/lang/Appendable.class(java/lang:Appendable.class): major version 51 is newer than 50, the highest major version supported by this compiler.
It is recommended that the compiler be upgraded.
warning: java/io/Serializable.class(java/io:Serializable.class): major version 51 is newer than 50, the highest major version supported by this compiler.
It is recommended that the compiler be upgraded.
warning: java/lang/Comparable.class(java/lang:Comparable.class): major version 51 is newer than 50, the highest major version supported by this compiler.
It is recommended that the compiler be upgraded.
warning: android/widget/AdapterView$OnItemLongClickListener.class(android/widget:AdapterView$OnItemLongClickListener.class): major version 51 is newer than 50, the highest major version supported by this compiler.
It is recommended that the compiler be upgraded.
/Users/Vikramjeet/Documents/AndroidProjects/SimpleToDo/app/src/main/java/com/example/vikramjeet/simpletodo/ToDoActivity.java:87: cannot find symbol
symbol  : class File
location: class com.example.vikramjeet.simpletodo.ToDoActivity
        File filesDir = getFilesDir();
        ^
warning: java/io/File.class(java/io:File.class): major version 51 is newer than 50, the highest major version supported by this compiler.
It is recommended that the compiler be upgraded.
/Users/Vikramjeet/Documents/AndroidProjects/SimpleToDo/app/src/main/java/com/example/vikramjeet/simpletodo/ToDoActivity.java:88: cannot find symbol
symbol  : class File
location: class com.example.vikramjeet.simpletodo.ToDoActivity
        File todoFile = new File(filesDir, "todo.txt");
        ^
/Users/Vikramjeet/Documents/AndroidProjects/SimpleToDo/app/src/main/java/com/example/vikramjeet/simpletodo/ToDoActivity.java:88: cannot find symbol
symbol  : class File
location: class com.example.vikramjeet.simpletodo.ToDoActivity
        File todoFile = new File(filesDir, "todo.txt");
                            ^
/Users/Vikramjeet/Documents/AndroidProjects/SimpleToDo/app/src/main/java/com/example/vikramjeet/simpletodo/ToDoActivity.java:90: cannot find symbol
symbol  : variable FileUtils
location: class com.example.vikramjeet.simpletodo.ToDoActivity
            items = new ArrayList<String>(FileUtils.readLines(todoFile));
                                          ^
warning: java/lang/Boolean.class(java/lang:Boolean.class): major version 51 is newer than 50, the highest major version supported by this compiler.
It is recommended that the compiler be upgraded.
4 errors
82 warnings
 FAILED

FAILURE: Build failed with an exception.

* What went wrong:
Execution failed for task ':app:compileDebugJava'.
> Compilation failed; see the compiler error output for details.

* Try:
Run with --stacktrace option to get the stack trace. Run with --info or --debug option to get more log output.

BUILD FAILED

Total time: 2.072 secs
20:00:59.228 [DEBUG] [org.gradle.api.internal.tasks.compile.daemon.CompilerDaemonManager] Stopping 0 compiler daemon(s).
20:00:59.228 [INFO] [org.gradle.api.internal.tasks.compile.daemon.CompilerDaemonManager] Stopped 0 compiler daemon(s).
20:00:59.229 [DEBUG] [org.gradle.cache.internal.btree.BTreePersistentIndexedCache] Closing cache module-metadata.bin (/Users/Vikramjeet/Documents/AndroidProjects/SimpleToDo/gradle/caches/modules-2/metadata-2.14/module-metadata.bin)
20:00:59.229 [DEBUG] [org.gradle.cache.internal.DefaultFileLockManager] Releasing lock on artifact cache (/Users/Vikramjeet/Documents/AndroidProjects/SimpleToDo/gradle/caches/modules-2).
20:00:59.229 [DEBUG] [org.gradle.cache.internal.DefaultCacheAccess] Cache Plugin Resolution Cache (/Users/Vikramjeet/Documents/AndroidProjects/SimpleToDo/gradle/caches/2.2.1/plugin-resolution) was closed 0 times.
20:00:59.230 [DEBUG] [org.gradle.cache.internal.DefaultFileLockManager] Releasing lock on initscript class cache for initialization script '/private/var/folders/gy/zqdwc_qd0y3c65fhbfyddf000000gn/T/asLocalRepo3320476490096332218.gradle' (/Users/Vikramjeet/Documents/AndroidProjects/SimpleToDo/gradle/caches/2.2.1/scripts/asLocalRepo3320476490096332218_19mucnpondi23uvzjtovay143/InitScript/initscript).
20:00:59.230 [DEBUG] [org.gradle.cache.internal.DefaultFileLockManager] Releasing lock on no_initscript class cache for initialization script '/private/var/folders/gy/zqdwc_qd0y3c65fhbfyddf000000gn/T/asLocalRepo3320476490096332218.gradle' (/Users/Vikramjeet/Documents/AndroidProjects/SimpleToDo/gradle/caches/2.2.1/scripts/asLocalRepo3320476490096332218_19mucnpondi23uvzjtovay143/InitScript/no_initscript).
20:00:59.230 [DEBUG] [org.gradle.cache.internal.DefaultFileLockManager] Releasing lock on buildscript class cache for settings file '/Users/Vikramjeet/Documents/AndroidProjects/SimpleToDo/settings.gradle' (/Users/Vikramjeet/Documents/AndroidProjects/SimpleToDo/gradle/caches/2.2.1/scripts/settings_2ksub8sug2juxkcbthlqept78/SettingsScript/buildscript).
20:00:59.231 [DEBUG] [org.gradle.cache.internal.DefaultFileLockManager] Releasing lock on no_buildscript class cache for settings file '/Users/Vikramjeet/Documents/AndroidProjects/SimpleToDo/settings.gradle' (/Users/Vikramjeet/Documents/AndroidProjects/SimpleToDo/gradle/caches/2.2.1/scripts/settings_2ksub8sug2juxkcbthlqept78/SettingsScript/no_buildscript).
20:00:59.231 [DEBUG] [org.gradle.cache.internal.DefaultFileLockManager] Releasing lock on buildscript class cache for build file '/Users/Vikramjeet/Documents/AndroidProjects/SimpleToDo/build.gradle' (/Users/Vikramjeet/Documents/AndroidProjects/SimpleToDo/gradle/caches/2.2.1/scripts/build_6x6g0yfrgfziqg4ywgsogn59p/ProjectScript/buildscript).
20:00:59.231 [DEBUG] [org.gradle.cache.internal.DefaultFileLockManager] Releasing lock on no_buildscript class cache for build file '/Users/Vikramjeet/Documents/AndroidProjects/SimpleToDo/build.gradle' (/Users/Vikramjeet/Documents/AndroidProjects/SimpleToDo/gradle/caches/2.2.1/scripts/build_6x6g0yfrgfziqg4ywgsogn59p/ProjectScript/no_buildscript).
20:00:59.232 [DEBUG] [org.gradle.cache.internal.DefaultFileLockManager] Releasing lock on buildscript class cache for build file '/Users/Vikramjeet/Documents/AndroidProjects/SimpleToDo/app/build.gradle' (/Users/Vikramjeet/Documents/AndroidProjects/SimpleToDo/gradle/caches/2.2.1/scripts/build_52nh8bbnxm23a3r1wvbuzil45/ProjectScript/buildscript).
20:00:59.232 [DEBUG] [org.gradle.cache.internal.DefaultFileLockManager] Releasing lock on no_buildscript class cache for build file '/Users/Vikramjeet/Documents/AndroidProjects/SimpleToDo/app/build.gradle' (/Users/Vikramjeet/Documents/AndroidProjects/SimpleToDo/gradle/caches/2.2.1/scripts/build_52nh8bbnxm23a3r1wvbuzil45/ProjectScript/no_buildscript).
20:00:59.233 [DEBUG] [org.gradle.cache.internal.btree.BTreePersistentIndexedCache] Closing cache taskArtifacts.bin (/Users/Vikramjeet/Documents/AndroidProjects/SimpleToDo/.gradle/2.2.1/taskArtifacts/taskArtifacts.bin)
20:00:59.233 [DEBUG] [org.gradle.cache.internal.btree.BTreePersistentIndexedCache] Closing cache fileSnapshots.bin (/Users/Vikramjeet/Documents/AndroidProjects/SimpleToDo/.gradle/2.2.1/taskArtifacts/fileSnapshots.bin)
20:00:59.234 [DEBUG] [org.gradle.cache.internal.btree.BTreePersistentIndexedCache] Closing cache fileHashes.bin (/Users/Vikramjeet/Documents/AndroidProjects/SimpleToDo/.gradle/2.2.1/taskArtifacts/fileHashes.bin)
20:00:59.234 [DEBUG] [org.gradle.cache.internal.btree.BTreePersistentIndexedCache] Closing cache outputFileStates.bin (/Users/Vikramjeet/Documents/AndroidProjects/SimpleToDo/.gradle/2.2.1/taskArtifacts/outputFileStates.bin)
20:00:59.234 [DEBUG] [org.gradle.cache.internal.DefaultFileLockManager] Releasing lock on task history cache (/Users/Vikramjeet/Documents/AndroidProjects/SimpleToDo/.gradle/2.2.1/taskArtifacts).
20:00:59.235 [DEBUG] [org.gradle.api.internal.artifacts.ivyservice.ivyresolve.memcache.InMemoryCachedRepositoryFactory] In-memory dependency metadata cache closed. Repos cached: 14, cache instances: 4, modules served from cache: 35, artifacts: 26
20:00:59.235 [DEBUG] [org.gradle.api.internal.artifacts.ivyservice.resolveengine.store.CachedStoreFactory] Resolution result cache closed. Cache reads: 0, disk reads: 2 (avg: 0.0 secs, total: 0.0 secs)
20:00:59.236 [DEBUG] [org.gradle.api.internal.artifacts.ivyservice.resolveengine.store.CachedStoreFactory] Resolved configuration cache closed. Cache reads: 0, disk reads: 0 (avg: 0.0 secs, total: 0.0 secs)
20:00:59.237 [DEBUG] [org.gradle.api.internal.artifacts.ivyservice.resolveengine.store.ResolutionResultsStoreFactory] Deleted 2 resolution results binary files in 0.0020 secs
20:00:59.237 [DEBUG] [org.gradle.launcher.daemon.server.exec.ExecuteBuild] The daemon has finished executing the build.
20:00:59.238 [DEBUG] [org.gradle.launcher.daemon.server.DaemonStateCoordinator] Command execution: finished waiting for DaemonCommandExecution[command = Build{id=6d51832f-0d83-4341-be93-b2d0913c7415.1, currentDir=/Users/Vikramjeet/Documents/AndroidProjects/SimpleToDo}, connection = org.gradle.launcher.daemon.server.DefaultDaemonConnection@44d2b815]. Result org.gradle.launcher.daemon.server.DaemonStateCoordinator@6d3583e with state Running
20:00:59.238 [DEBUG] [org.gradle.launcher.daemon.server.DaemonStateCoordinator] Command execution: completed DaemonCommandExecution[command = Build{id=6d51832f-0d83-4341-be93-b2d0913c7415.1, currentDir=/Users/Vikramjeet/Documents/AndroidProjects/SimpleToDo}, connection = org.gradle.launcher.daemon.server.DefaultDaemonConnection@44d2b815]
20:00:59.239 [DEBUG] [org.gradle.launcher.daemon.server.DaemonStateCoordinator] updating lastActivityAt to 1418702459239
20:00:59.239 [INFO] [org.gradle.launcher.daemon.server.DomainRegistryUpdater] Marking the daemon as idle, address: [aa1b9985-fe39-4de0-8e43-018cb561f2ec port:54518, addresses:[/0:0:0:0:0:0:0:1, /127.0.0.1]]
20:00:59.239 [DEBUG] [org.gradle.launcher.daemon.registry.PersistentDaemonRegistry] Marking idle by address: [aa1b9985-fe39-4de0-8e43-018cb561f2ec port:54518, addresses:[/0:0:0:0:0:0:0:1, /127.0.0.1]]
20:00:59.240 [DEBUG] [org.gradle.cache.internal.DefaultFileLockManager] Waiting to acquire exclusive lock on daemon addresses registry.
20:00:59.240 [DEBUG] [org.gradle.cache.internal.DefaultFileLockManager] Lock acquired.
20:00:59.242 [DEBUG] [org.gradle.cache.internal.DefaultFileLockManager] Releasing lock on daemon addresses registry.
20:00:59.242 [DEBUG] [org.gradle.launcher.daemon.server.DaemonStateCoordinator] Daemon is idle, sleeping until state change or idle timeout at Mon Dec 15 23:00:59 PST 2014
20:00:59.242 [DEBUG] [org.gradle.launcher.daemon.server.exec.ReturnResult] Daemon is dispatching the build result: DaemonCommandResult[type=CommandFailure, value=org.gradle.launcher.exec.ReportedException: org.gradle.internal.exceptions.LocationAwareException: Execution failed for task ':app:compileDebugJava'.]
20:00:59.243 [DEBUG] [org.gradle.launcher.daemon.server.SynchronizedDispatchConnection] thread 22: dispatching class org.gradle.launcher.daemon.protocol.CommandFailure
20:00:59.268 [DEBUG] [org.gradle.launcher.daemon.server.DefaultIncomingConnectionHandler] Finishing executing command: Build{id=6d51832f-0d83-4341-be93-b2d0913c7415.1, currentDir=/Users/Vikramjeet/Documents/AndroidProjects/SimpleToDo}
20:00:59.293 [DEBUG] [org.gradle.launcher.daemon.server.SynchronizedDispatchConnection] thread 27: received class org.gradle.launcher.daemon.protocol.Finished
20:00:59.293 [DEBUG] [org.gradle.launcher.daemon.server.DefaultDaemonConnection] Received non-IO message from client: org.gradle.launcher.daemon.protocol.Finished@7761ef2b
20:00:59.294 [DEBUG] [org.gradle.launcher.daemon.server.DefaultIncomingConnectionHandler] Received finished message: org.gradle.launcher.daemon.protocol.Finished@7761ef2b
20:00:59.294 [DEBUG] [org.gradle.launcher.daemon.server.SynchronizedDispatchConnection] thread 27: received null
20:00:59.295 [DEBUG] [org.gradle.launcher.daemon.server.DefaultDaemonConnection] Received end-of-input from client.
20:00:59.294 [DEBUG] [org.gradle.launcher.daemon.server.SynchronizedDispatchConnection] thread 22: stopping connection
20:00:59.299 [DEBUG] [org.gradle.launcher.daemon.server.SynchronizedDispatchConnection] thread 22: stopping connection
20:03:31.535 [DEBUG] [org.gradle.messaging.remote.internal.inet.TcpIncomingConnector] Accepted connection from /127.0.0.1:54779 to /127.0.0.1:54518.
20:03:31.541 [DEBUG] [org.gradle.launcher.daemon.server.SynchronizedDispatchConnection] thread 31: received class org.gradle.launcher.daemon.protocol.Build
20:03:31.541 [DEBUG] [org.gradle.launcher.daemon.server.DefaultDaemonConnection] Received non-IO message from client: Build{id=3e362dd8-40b4-4077-a82d-cbde04f76161.1, currentDir=/Users/Vikramjeet/Documents/AndroidProjects/SimpleToDo}
20:03:31.541 [INFO] [org.gradle.launcher.daemon.server.DefaultIncomingConnectionHandler] Received command: Build{id=3e362dd8-40b4-4077-a82d-cbde04f76161.1, currentDir=/Users/Vikramjeet/Documents/AndroidProjects/SimpleToDo}.
20:03:31.542 [DEBUG] [org.gradle.launcher.daemon.server.DefaultIncomingConnectionHandler] Starting executing command: Build{id=3e362dd8-40b4-4077-a82d-cbde04f76161.1, currentDir=/Users/Vikramjeet/Documents/AndroidProjects/SimpleToDo} with connection: socket connection from /127.0.0.1:54518 to /127.0.0.1:54779.
20:03:31.542 [DEBUG] [org.gradle.launcher.daemon.server.DaemonStateCoordinator] Command execution: started DaemonCommandExecution[command = Build{id=3e362dd8-40b4-4077-a82d-cbde04f76161.1, currentDir=/Users/Vikramjeet/Documents/AndroidProjects/SimpleToDo}, connection = org.gradle.launcher.daemon.server.DefaultDaemonConnection@244aaf0d] after 2.0 minutes of idle
20:03:31.542 [INFO] [org.gradle.launcher.daemon.server.DomainRegistryUpdater] Marking the daemon as busy, address: [aa1b9985-fe39-4de0-8e43-018cb561f2ec port:54518, addresses:[/0:0:0:0:0:0:0:1, /127.0.0.1]]
20:03:31.543 [DEBUG] [org.gradle.launcher.daemon.registry.PersistentDaemonRegistry] Marking busy by address: [aa1b9985-fe39-4de0-8e43-018cb561f2ec port:54518, addresses:[/0:0:0:0:0:0:0:1, /127.0.0.1]]
20:03:31.543 [DEBUG] [org.gradle.cache.internal.DefaultFileLockManager] Waiting to acquire exclusive lock on daemon addresses registry.
20:03:31.543 [DEBUG] [org.gradle.cache.internal.DefaultFileLockManager] Lock acquired.
20:03:31.546 [DEBUG] [org.gradle.cache.internal.DefaultFileLockManager] Releasing lock on daemon addresses registry.
20:03:31.546 [DEBUG] [org.gradle.launcher.daemon.server.DaemonStateCoordinator] updating lastActivityAt to 1418702611546
20:03:31.547 [DEBUG] [org.gradle.launcher.daemon.server.DaemonStateCoordinator] Daemon is busy, sleeping until state changes.
20:03:31.547 [INFO] [org.gradle.launcher.daemon.server.exec.StartBuildOrRespondWithBusy] Daemon is about to start building Build{id=3e362dd8-40b4-4077-a82d-cbde04f76161.1, currentDir=/Users/Vikramjeet/Documents/AndroidProjects/SimpleToDo}. Dispatching build started information...
20:03:31.547 [DEBUG] [org.gradle.launcher.daemon.server.SynchronizedDispatchConnection] thread 33: dispatching class org.gradle.launcher.daemon.protocol.BuildStarted
20:03:31.548 [DEBUG] [org.gradle.launcher.daemon.server.exec.EstablishBuildEnvironment] Configuring env variables: {SHELL=/bin/bash, HOME=/Users/Vikramjeet, TMPDIR=/var/folders/gy/zqdwc_qd0y3c65fhbfyddf000000gn/T/, LOGNAME=Vikramjeet, Apple_PubSub_Socket_Render=/tmp/launch-DW9Gvw/Render, __CF_USER_TEXT_ENCODING=0x1F5:0:0, PATH=/usr/bin:/bin:/usr/sbin:/sbin, SSH_AUTH_SOCK=/tmp/launch-Zxi2lS/Listeners, __CHECKFIX1436934=1, USER=Vikramjeet}
20:03:31.549 [INFO] [org.gradle.launcher.daemon.server.exec.LogToClient] About to start relaying all logs to the client via the connection.
20:03:31.549 [INFO] [org.gradle.launcher.daemon.server.exec.LogToClient] The client will now receive all logging from the daemon (pid: 11929). The daemon log file: /Users/Vikramjeet/Documents/AndroidProjects/SimpleTodo/gradle/daemon/2.2.1/daemon-11929.out.log
20:03:31.549 [DEBUG] [org.gradle.launcher.daemon.server.exec.ExecuteBuild] The daemon has started executing the build.
20:03:31.550 [INFO] [org.gradle.launcher.daemon.server.exec.ExecuteBuild] Executing build with daemon context: DefaultDaemonContext[uid=9e3e638f-1c85-44d8-ba93-494bd45ee015,javaHome=/System/Library/Java/JavaVirtualMachines/1.6.0.jdk/Contents/Home,daemonRegistryDir=/Users/Vikramjeet/Documents/AndroidProjects/SimpleTodo/gradle/daemon,pid=11929,idleTimeout=10800000,daemonOpts=-XX:MaxPermSize=256m,-XX:+HeapDumpOnOutOfMemoryError,-Xmx1024m,-Dfile.encoding=UTF-8,-Duser.country=US,-Duser.language=en,-Duser.variant]
20:03:31.552 [DEBUG] [org.gradle.launcher.daemon.server.SynchronizedDispatchConnection] thread 31: received class org.gradle.launcher.daemon.protocol.CloseInput
20:03:31.552 [DEBUG] [org.gradle.launcher.daemon.server.DefaultDaemonConnection] Received IO message from client: CloseInput[id=3e362dd8-40b4-4077-a82d-cbde04f76161.2]
20:03:31.553 [INFO] [org.gradle.launcher.daemon.server.exec.ForwardClientInput] Closing daemon's stdin at end of input.
20:03:31.553 [INFO] [org.gradle.launcher.daemon.server.exec.ForwardClientInput] The daemon will no longer process any standard input.
20:03:31.559 [DEBUG] [org.gradle.internal.resource.transport.http.JavaSystemPropertiesHttpProxySettings] Found java system property 'http.nonProxyHosts': local|*.local|169.254/16|*.169.254/16. Will ignore proxy settings for these hosts.

BUILD SUCCESSFUL

Total time: 1.059 secs
20:03:32.709 [DEBUG] [org.gradle.api.internal.tasks.compile.daemon.CompilerDaemonManager] Stopping 0 compiler daemon(s).
20:03:32.709 [INFO] [org.gradle.api.internal.tasks.compile.daemon.CompilerDaemonManager] Stopped 0 compiler daemon(s).
20:03:32.710 [DEBUG] [org.gradle.cache.internal.DefaultCacheAccess] Cache jars (/Users/Vikramjeet/Documents/AndroidProjects/SimpleToDo/gradle/caches/jars-1) was closed 0 times.
20:03:32.710 [DEBUG] [org.gradle.cache.internal.DefaultFileLockManager] Releasing lock on initscript class cache for initialization script '/private/var/folders/gy/zqdwc_qd0y3c65fhbfyddf000000gn/T/asLocalRepo8734200740124665078.gradle' (/Users/Vikramjeet/Documents/AndroidProjects/SimpleToDo/gradle/caches/2.2.1/scripts/asLocalRepo8734200740124665078_3z7h7l6xv2rax5kllv8q2nq0q/InitScript/initscript).
20:03:32.711 [DEBUG] [org.gradle.cache.internal.DefaultFileLockManager] Releasing lock on no_initscript class cache for initialization script '/private/var/folders/gy/zqdwc_qd0y3c65fhbfyddf000000gn/T/asLocalRepo8734200740124665078.gradle' (/Users/Vikramjeet/Documents/AndroidProjects/SimpleToDo/gradle/caches/2.2.1/scripts/asLocalRepo8734200740124665078_3z7h7l6xv2rax5kllv8q2nq0q/InitScript/no_initscript).
20:03:32.711 [DEBUG] [org.gradle.cache.internal.DefaultFileLockManager] Releasing lock on buildscript class cache for settings file '/Users/Vikramjeet/Documents/AndroidProjects/SimpleToDo/settings.gradle' (/Users/Vikramjeet/Documents/AndroidProjects/SimpleToDo/gradle/caches/2.2.1/scripts/settings_2ksub8sug2juxkcbthlqept78/SettingsScript/buildscript).
20:03:32.712 [DEBUG] [org.gradle.cache.internal.DefaultFileLockManager] Releasing lock on no_buildscript class cache for settings file '/Users/Vikramjeet/Documents/AndroidProjects/SimpleToDo/settings.gradle' (/Users/Vikramjeet/Documents/AndroidProjects/SimpleToDo/gradle/caches/2.2.1/scripts/settings_2ksub8sug2juxkcbthlqept78/SettingsScript/no_buildscript).
20:03:32.713 [DEBUG] [org.gradle.cache.internal.DefaultFileLockManager] Releasing lock on buildscript class cache for build file '/Users/Vikramjeet/Documents/AndroidProjects/SimpleToDo/build.gradle' (/Users/Vikramjeet/Documents/AndroidProjects/SimpleToDo/gradle/caches/2.2.1/scripts/build_6x6g0yfrgfziqg4ywgsogn59p/ProjectScript/buildscript).
20:03:32.713 [DEBUG] [org.gradle.cache.internal.DefaultFileLockManager] Releasing lock on no_buildscript class cache for build file '/Users/Vikramjeet/Documents/AndroidProjects/SimpleToDo/build.gradle' (/Users/Vikramjeet/Documents/AndroidProjects/SimpleToDo/gradle/caches/2.2.1/scripts/build_6x6g0yfrgfziqg4ywgsogn59p/ProjectScript/no_buildscript).
20:03:32.714 [DEBUG] [org.gradle.cache.internal.DefaultFileLockManager] Releasing lock on buildscript class cache for build file '/Users/Vikramjeet/Documents/AndroidProjects/SimpleToDo/app/build.gradle' (/Users/Vikramjeet/Documents/AndroidProjects/SimpleToDo/gradle/caches/2.2.1/scripts/build_52nh8bbnxm23a3r1wvbuzil45/ProjectScript/buildscript).
20:03:32.714 [DEBUG] [org.gradle.cache.internal.DefaultFileLockManager] Releasing lock on no_buildscript class cache for build file '/Users/Vikramjeet/Documents/AndroidProjects/SimpleToDo/app/build.gradle' (/Users/Vikramjeet/Documents/AndroidProjects/SimpleToDo/gradle/caches/2.2.1/scripts/build_52nh8bbnxm23a3r1wvbuzil45/ProjectScript/no_buildscript).
20:03:32.715 [DEBUG] [org.gradle.cache.internal.DefaultCacheAccess] Cache Plugin Resolution Cache (/Users/Vikramjeet/Documents/AndroidProjects/SimpleToDo/gradle/caches/2.2.1/plugin-resolution) was closed 0 times.
20:03:32.715 [DEBUG] [org.gradle.cache.internal.btree.BTreePersistentIndexedCache] Closing cache module-metadata.bin (/Users/Vikramjeet/Documents/AndroidProjects/SimpleToDo/gradle/caches/modules-2/metadata-2.14/module-metadata.bin)
20:03:32.715 [DEBUG] [org.gradle.cache.internal.DefaultFileLockManager] Releasing lock on artifact cache (/Users/Vikramjeet/Documents/AndroidProjects/SimpleToDo/gradle/caches/modules-2).
20:03:32.716 [DEBUG] [org.gradle.api.internal.artifacts.ivyservice.ivyresolve.memcache.InMemoryCachedRepositoryFactory] In-memory dependency metadata cache closed. Repos cached: 20, cache instances: 4, modules served from cache: 47, artifacts: 29
20:03:32.717 [DEBUG] [org.gradle.api.internal.artifacts.ivyservice.resolveengine.store.CachedStoreFactory] Resolution result cache closed. Cache reads: 2, disk reads: 3 (avg: 0.0 secs, total: 0.0 secs)
20:03:32.718 [DEBUG] [org.gradle.api.internal.artifacts.ivyservice.resolveengine.store.CachedStoreFactory] Resolved configuration cache closed. Cache reads: 0, disk reads: 0 (avg: 0.0 secs, total: 0.0 secs)
20:03:32.718 [DEBUG] [org.gradle.api.internal.artifacts.ivyservice.resolveengine.store.ResolutionResultsStoreFactory] Deleted 2 resolution results binary files in 0.0010 secs
20:03:32.719 [DEBUG] [org.gradle.launcher.daemon.server.exec.ExecuteBuild] The daemon has finished executing the build.
20:03:33.065 [DEBUG] [org.gradle.launcher.daemon.server.DaemonStateCoordinator] Daemon is busy, sleeping until state changes.
20:03:33.066 [DEBUG] [org.gradle.launcher.daemon.server.DaemonStateCoordinator] Command execution: finished waiting for DaemonCommandExecution[command = Build{id=3e362dd8-40b4-4077-a82d-cbde04f76161.1, currentDir=/Users/Vikramjeet/Documents/AndroidProjects/SimpleToDo}, connection = org.gradle.launcher.daemon.server.DefaultDaemonConnection@244aaf0d]. Result org.gradle.launcher.daemon.server.DaemonStateCoordinator@6d3583e with state Running
20:03:33.066 [DEBUG] [org.gradle.launcher.daemon.server.DaemonStateCoordinator] Command execution: completed DaemonCommandExecution[command = Build{id=3e362dd8-40b4-4077-a82d-cbde04f76161.1, currentDir=/Users/Vikramjeet/Documents/AndroidProjects/SimpleToDo}, connection = org.gradle.launcher.daemon.server.DefaultDaemonConnection@244aaf0d]
20:03:33.066 [DEBUG] [org.gradle.launcher.daemon.server.DaemonStateCoordinator] updating lastActivityAt to 1418702613066
20:03:33.066 [INFO] [org.gradle.launcher.daemon.server.DomainRegistryUpdater] Marking the daemon as idle, address: [aa1b9985-fe39-4de0-8e43-018cb561f2ec port:54518, addresses:[/0:0:0:0:0:0:0:1, /127.0.0.1]]
20:03:33.067 [DEBUG] [org.gradle.launcher.daemon.registry.PersistentDaemonRegistry] Marking idle by address: [aa1b9985-fe39-4de0-8e43-018cb561f2ec port:54518, addresses:[/0:0:0:0:0:0:0:1, /127.0.0.1]]
20:03:33.067 [DEBUG] [org.gradle.cache.internal.DefaultFileLockManager] Waiting to acquire exclusive lock on daemon addresses registry.
20:03:33.067 [DEBUG] [org.gradle.cache.internal.DefaultFileLockManager] Lock acquired.
20:03:33.069 [DEBUG] [org.gradle.cache.internal.DefaultFileLockManager] Releasing lock on daemon addresses registry.
20:03:33.070 [DEBUG] [org.gradle.launcher.daemon.server.exec.ReturnResult] Daemon is dispatching the build result: DaemonCommandResult[type=Success, value=org.gradle.tooling.internal.provider.BuildActionResult@5e2d4712]
20:03:33.070 [DEBUG] [org.gradle.launcher.daemon.server.DaemonStateCoordinator] Daemon is idle, sleeping until state change or idle timeout at Mon Dec 15 23:03:33 PST 2014
20:03:33.070 [DEBUG] [org.gradle.launcher.daemon.server.SynchronizedDispatchConnection] thread 30: dispatching class org.gradle.launcher.daemon.protocol.Success
20:03:33.074 [DEBUG] [org.gradle.launcher.daemon.server.DefaultIncomingConnectionHandler] Finishing executing command: Build{id=3e362dd8-40b4-4077-a82d-cbde04f76161.1, currentDir=/Users/Vikramjeet/Documents/AndroidProjects/SimpleToDo}
20:03:33.078 [DEBUG] [org.gradle.launcher.daemon.server.SynchronizedDispatchConnection] thread 31: received class org.gradle.launcher.daemon.protocol.Finished
20:03:33.079 [DEBUG] [org.gradle.launcher.daemon.server.DefaultDaemonConnection] Received non-IO message from client: org.gradle.launcher.daemon.protocol.Finished@63203b59
20:03:33.079 [DEBUG] [org.gradle.launcher.daemon.server.DefaultIncomingConnectionHandler] Received finished message: org.gradle.launcher.daemon.protocol.Finished@63203b59
20:03:33.079 [DEBUG] [org.gradle.launcher.daemon.server.SynchronizedDispatchConnection] thread 31: received null
20:03:33.080 [DEBUG] [org.gradle.launcher.daemon.server.DefaultDaemonConnection] Received end-of-input from client.
20:03:33.079 [DEBUG] [org.gradle.launcher.daemon.server.SynchronizedDispatchConnection] thread 30: stopping connection
20:03:33.081 [DEBUG] [org.gradle.launcher.daemon.server.SynchronizedDispatchConnection] thread 30: stopping connection
20:03:36.726 [DEBUG] [org.gradle.messaging.remote.internal.inet.TcpIncomingConnector] Accepted connection from /127.0.0.1:54781 to /127.0.0.1:54518.
20:03:36.732 [DEBUG] [org.gradle.launcher.daemon.server.SynchronizedDispatchConnection] thread 35: received class org.gradle.launcher.daemon.protocol.Build
20:03:36.732 [DEBUG] [org.gradle.launcher.daemon.server.DefaultDaemonConnection] Received non-IO message from client: Build{id=432db867-d1cd-47a3-a5d6-52f464adb4f0.1, currentDir=/Users/Vikramjeet/Documents/AndroidProjects/SimpleToDo}
20:03:36.732 [INFO] [org.gradle.launcher.daemon.server.DefaultIncomingConnectionHandler] Received command: Build{id=432db867-d1cd-47a3-a5d6-52f464adb4f0.1, currentDir=/Users/Vikramjeet/Documents/AndroidProjects/SimpleToDo}.
20:03:36.733 [DEBUG] [org.gradle.launcher.daemon.server.DefaultIncomingConnectionHandler] Starting executing command: Build{id=432db867-d1cd-47a3-a5d6-52f464adb4f0.1, currentDir=/Users/Vikramjeet/Documents/AndroidProjects/SimpleToDo} with connection: socket connection from /127.0.0.1:54518 to /127.0.0.1:54781.
20:03:36.733 [DEBUG] [org.gradle.launcher.daemon.server.DaemonStateCoordinator] Command execution: started DaemonCommandExecution[command = Build{id=432db867-d1cd-47a3-a5d6-52f464adb4f0.1, currentDir=/Users/Vikramjeet/Documents/AndroidProjects/SimpleToDo}, connection = org.gradle.launcher.daemon.server.DefaultDaemonConnection@5c356519] after 0.0 minutes of idle
20:03:36.733 [INFO] [org.gradle.launcher.daemon.server.DomainRegistryUpdater] Marking the daemon as busy, address: [aa1b9985-fe39-4de0-8e43-018cb561f2ec port:54518, addresses:[/0:0:0:0:0:0:0:1, /127.0.0.1]]
20:03:36.734 [DEBUG] [org.gradle.launcher.daemon.registry.PersistentDaemonRegistry] Marking busy by address: [aa1b9985-fe39-4de0-8e43-018cb561f2ec port:54518, addresses:[/0:0:0:0:0:0:0:1, /127.0.0.1]]
20:03:36.734 [DEBUG] [org.gradle.cache.internal.DefaultFileLockManager] Waiting to acquire exclusive lock on daemon addresses registry.
20:03:36.734 [DEBUG] [org.gradle.cache.internal.DefaultFileLockManager] Lock acquired.
20:03:36.736 [DEBUG] [org.gradle.cache.internal.DefaultFileLockManager] Releasing lock on daemon addresses registry.
20:03:36.737 [DEBUG] [org.gradle.launcher.daemon.server.DaemonStateCoordinator] updating lastActivityAt to 1418702616737
20:03:36.737 [DEBUG] [org.gradle.launcher.daemon.server.DaemonStateCoordinator] Daemon is busy, sleeping until state changes.
20:03:36.737 [INFO] [org.gradle.launcher.daemon.server.exec.StartBuildOrRespondWithBusy] Daemon is about to start building Build{id=432db867-d1cd-47a3-a5d6-52f464adb4f0.1, currentDir=/Users/Vikramjeet/Documents/AndroidProjects/SimpleToDo}. Dispatching build started information...
20:03:36.738 [DEBUG] [org.gradle.launcher.daemon.server.SynchronizedDispatchConnection] thread 33: dispatching class org.gradle.launcher.daemon.protocol.BuildStarted
20:03:36.739 [DEBUG] [org.gradle.launcher.daemon.server.exec.EstablishBuildEnvironment] Configuring env variables: {SHELL=/bin/bash, HOME=/Users/Vikramjeet, TMPDIR=/var/folders/gy/zqdwc_qd0y3c65fhbfyddf000000gn/T/, LOGNAME=Vikramjeet, Apple_PubSub_Socket_Render=/tmp/launch-DW9Gvw/Render, __CF_USER_TEXT_ENCODING=0x1F5:0:0, PATH=/usr/bin:/bin:/usr/sbin:/sbin, SSH_AUTH_SOCK=/tmp/launch-Zxi2lS/Listeners, __CHECKFIX1436934=1, USER=Vikramjeet}
20:03:36.739 [INFO] [org.gradle.launcher.daemon.server.exec.LogToClient] About to start relaying all logs to the client via the connection.
20:03:36.739 [INFO] [org.gradle.launcher.daemon.server.exec.LogToClient] The client will now receive all logging from the daemon (pid: 11929). The daemon log file: /Users/Vikramjeet/Documents/AndroidProjects/SimpleTodo/gradle/daemon/2.2.1/daemon-11929.out.log
20:03:36.740 [DEBUG] [org.gradle.launcher.daemon.server.exec.ExecuteBuild] The daemon has started executing the build.
20:03:36.740 [INFO] [org.gradle.launcher.daemon.server.exec.ExecuteBuild] Executing build with daemon context: DefaultDaemonContext[uid=9e3e638f-1c85-44d8-ba93-494bd45ee015,javaHome=/System/Library/Java/JavaVirtualMachines/1.6.0.jdk/Contents/Home,daemonRegistryDir=/Users/Vikramjeet/Documents/AndroidProjects/SimpleTodo/gradle/daemon,pid=11929,idleTimeout=10800000,daemonOpts=-XX:MaxPermSize=256m,-XX:+HeapDumpOnOutOfMemoryError,-Xmx1024m,-Dfile.encoding=UTF-8,-Duser.country=US,-Duser.language=en,-Duser.variant]
20:03:36.741 [DEBUG] [org.gradle.launcher.daemon.server.SynchronizedDispatchConnection] thread 35: received class org.gradle.launcher.daemon.protocol.CloseInput
20:03:36.741 [DEBUG] [org.gradle.launcher.daemon.server.DefaultDaemonConnection] Received IO message from client: CloseInput[id=432db867-d1cd-47a3-a5d6-52f464adb4f0.2]
20:03:36.741 [INFO] [org.gradle.launcher.daemon.server.exec.ForwardClientInput] Closing daemon's stdin at end of input.
20:03:36.742 [INFO] [org.gradle.launcher.daemon.server.exec.ForwardClientInput] The daemon will no longer process any standard input.
20:03:36.748 [DEBUG] [org.gradle.internal.resource.transport.http.JavaSystemPropertiesHttpProxySettings] Found java system property 'http.nonProxyHosts': local|*.local|169.254/16|*.169.254/16. Will ignore proxy settings for these hosts.

BUILD SUCCESSFUL

Total time: 0.953 secs
20:03:37.787 [DEBUG] [org.gradle.api.internal.tasks.compile.daemon.CompilerDaemonManager] Stopping 0 compiler daemon(s).
20:03:37.787 [INFO] [org.gradle.api.internal.tasks.compile.daemon.CompilerDaemonManager] Stopped 0 compiler daemon(s).
20:03:37.787 [DEBUG] [org.gradle.cache.internal.DefaultCacheAccess] Cache jars (/Users/Vikramjeet/Documents/AndroidProjects/SimpleToDo/gradle/caches/jars-1) was closed 0 times.
20:03:37.788 [DEBUG] [org.gradle.cache.internal.DefaultFileLockManager] Releasing lock on initscript class cache for initialization script '/private/var/folders/gy/zqdwc_qd0y3c65fhbfyddf000000gn/T/asLocalRepo5621966504940555356.gradle' (/Users/Vikramjeet/Documents/AndroidProjects/SimpleToDo/gradle/caches/2.2.1/scripts/asLocalRepo5621966504940555356_6uu11c6agob52a0tre2x8rqtx/InitScript/initscript).
20:03:37.788 [DEBUG] [org.gradle.cache.internal.DefaultFileLockManager] Releasing lock on no_initscript class cache for initialization script '/private/var/folders/gy/zqdwc_qd0y3c65fhbfyddf000000gn/T/asLocalRepo5621966504940555356.gradle' (/Users/Vikramjeet/Documents/AndroidProjects/SimpleToDo/gradle/caches/2.2.1/scripts/asLocalRepo5621966504940555356_6uu11c6agob52a0tre2x8rqtx/InitScript/no_initscript).
20:03:37.788 [DEBUG] [org.gradle.cache.internal.DefaultFileLockManager] Releasing lock on buildscript class cache for settings file '/Users/Vikramjeet/Documents/AndroidProjects/SimpleToDo/settings.gradle' (/Users/Vikramjeet/Documents/AndroidProjects/SimpleToDo/gradle/caches/2.2.1/scripts/settings_2ksub8sug2juxkcbthlqept78/SettingsScript/buildscript).
20:03:37.788 [DEBUG] [org.gradle.cache.internal.DefaultFileLockManager] Releasing lock on no_buildscript class cache for settings file '/Users/Vikramjeet/Documents/AndroidProjects/SimpleToDo/settings.gradle' (/Users/Vikramjeet/Documents/AndroidProjects/SimpleToDo/gradle/caches/2.2.1/scripts/settings_2ksub8sug2juxkcbthlqept78/SettingsScript/no_buildscript).
20:03:37.789 [DEBUG] [org.gradle.cache.internal.DefaultFileLockManager] Releasing lock on buildscript class cache for build file '/Users/Vikramjeet/Documents/AndroidProjects/SimpleToDo/build.gradle' (/Users/Vikramjeet/Documents/AndroidProjects/SimpleToDo/gradle/caches/2.2.1/scripts/build_6x6g0yfrgfziqg4ywgsogn59p/ProjectScript/buildscript).
20:03:37.789 [DEBUG] [org.gradle.cache.internal.DefaultFileLockManager] Releasing lock on no_buildscript class cache for build file '/Users/Vikramjeet/Documents/AndroidProjects/SimpleToDo/build.gradle' (/Users/Vikramjeet/Documents/AndroidProjects/SimpleToDo/gradle/caches/2.2.1/scripts/build_6x6g0yfrgfziqg4ywgsogn59p/ProjectScript/no_buildscript).
20:03:37.789 [DEBUG] [org.gradle.cache.internal.DefaultFileLockManager] Releasing lock on buildscript class cache for build file '/Users/Vikramjeet/Documents/AndroidProjects/SimpleToDo/app/build.gradle' (/Users/Vikramjeet/Documents/AndroidProjects/SimpleToDo/gradle/caches/2.2.1/scripts/build_52nh8bbnxm23a3r1wvbuzil45/ProjectScript/buildscript).
20:03:37.790 [DEBUG] [org.gradle.cache.internal.DefaultFileLockManager] Releasing lock on no_buildscript class cache for build file '/Users/Vikramjeet/Documents/AndroidProjects/SimpleToDo/app/build.gradle' (/Users/Vikramjeet/Documents/AndroidProjects/SimpleToDo/gradle/caches/2.2.1/scripts/build_52nh8bbnxm23a3r1wvbuzil45/ProjectScript/no_buildscript).
20:03:37.790 [DEBUG] [org.gradle.cache.internal.btree.BTreePersistentIndexedCache] Closing cache module-metadata.bin (/Users/Vikramjeet/Documents/AndroidProjects/SimpleToDo/gradle/caches/modules-2/metadata-2.14/module-metadata.bin)
20:03:37.790 [DEBUG] [org.gradle.cache.internal.DefaultFileLockManager] Releasing lock on artifact cache (/Users/Vikramjeet/Documents/AndroidProjects/SimpleToDo/gradle/caches/modules-2).
20:03:37.791 [DEBUG] [org.gradle.cache.internal.DefaultCacheAccess] Cache Plugin Resolution Cache (/Users/Vikramjeet/Documents/AndroidProjects/SimpleToDo/gradle/caches/2.2.1/plugin-resolution) was closed 0 times.
20:03:37.792 [DEBUG] [org.gradle.api.internal.artifacts.ivyservice.ivyresolve.memcache.InMemoryCachedRepositoryFactory] In-memory dependency metadata cache closed. Repos cached: 20, cache instances: 4, modules served from cache: 47, artifacts: 29
20:03:37.793 [DEBUG] [org.gradle.api.internal.artifacts.ivyservice.resolveengine.store.CachedStoreFactory] Resolution result cache closed. Cache reads: 2, disk reads: 3 (avg: 0.0 secs, total: 0.0 secs)
20:03:37.793 [DEBUG] [org.gradle.api.internal.artifacts.ivyservice.resolveengine.store.CachedStoreFactory] Resolved configuration cache closed. Cache reads: 0, disk reads: 0 (avg: 0.0 secs, total: 0.0 secs)
20:03:37.794 [DEBUG] [org.gradle.api.internal.artifacts.ivyservice.resolveengine.store.ResolutionResultsStoreFactory] Deleted 2 resolution results binary files in 0.0010 secs
20:03:37.794 [DEBUG] [org.gradle.launcher.daemon.server.exec.ExecuteBuild] The daemon has finished executing the build.
20:03:37.795 [DEBUG] [org.gradle.launcher.daemon.server.DaemonStateCoordinator] Command execution: finished waiting for DaemonCommandExecution[command = Build{id=432db867-d1cd-47a3-a5d6-52f464adb4f0.1, currentDir=/Users/Vikramjeet/Documents/AndroidProjects/SimpleToDo}, connection = org.gradle.launcher.daemon.server.DefaultDaemonConnection@5c356519]. Result org.gradle.launcher.daemon.server.DaemonStateCoordinator@6d3583e with state Running
20:03:37.795 [DEBUG] [org.gradle.launcher.daemon.server.DaemonStateCoordinator] Command execution: completed DaemonCommandExecution[command = Build{id=432db867-d1cd-47a3-a5d6-52f464adb4f0.1, currentDir=/Users/Vikramjeet/Documents/AndroidProjects/SimpleToDo}, connection = org.gradle.launcher.daemon.server.DefaultDaemonConnection@5c356519]
20:03:37.795 [DEBUG] [org.gradle.launcher.daemon.server.DaemonStateCoordinator] updating lastActivityAt to 1418702617795
20:03:37.795 [INFO] [org.gradle.launcher.daemon.server.DomainRegistryUpdater] Marking the daemon as idle, address: [aa1b9985-fe39-4de0-8e43-018cb561f2ec port:54518, addresses:[/0:0:0:0:0:0:0:1, /127.0.0.1]]
20:03:37.796 [DEBUG] [org.gradle.launcher.daemon.registry.PersistentDaemonRegistry] Marking idle by address: [aa1b9985-fe39-4de0-8e43-018cb561f2ec port:54518, addresses:[/0:0:0:0:0:0:0:1, /127.0.0.1]]
20:03:37.796 [DEBUG] [org.gradle.cache.internal.DefaultFileLockManager] Waiting to acquire exclusive lock on daemon addresses registry.
20:03:37.796 [DEBUG] [org.gradle.cache.internal.DefaultFileLockManager] Lock acquired.
20:03:37.798 [DEBUG] [org.gradle.cache.internal.DefaultFileLockManager] Releasing lock on daemon addresses registry.
20:03:37.798 [DEBUG] [org.gradle.launcher.daemon.server.exec.ReturnResult] Daemon is dispatching the build result: DaemonCommandResult[type=Success, value=org.gradle.tooling.internal.provider.BuildActionResult@3ce3eda6]
20:03:37.798 [DEBUG] [org.gradle.launcher.daemon.server.DaemonStateCoordinator] Daemon is idle, sleeping until state change or idle timeout at Mon Dec 15 23:03:37 PST 2014
20:03:37.799 [DEBUG] [org.gradle.launcher.daemon.server.SynchronizedDispatchConnection] thread 30: dispatching class org.gradle.launcher.daemon.protocol.Success
20:03:37.803 [DEBUG] [org.gradle.launcher.daemon.server.DefaultIncomingConnectionHandler] Finishing executing command: Build{id=432db867-d1cd-47a3-a5d6-52f464adb4f0.1, currentDir=/Users/Vikramjeet/Documents/AndroidProjects/SimpleToDo}
20:03:37.805 [DEBUG] [org.gradle.launcher.daemon.server.SynchronizedDispatchConnection] thread 35: received class org.gradle.launcher.daemon.protocol.Finished
20:03:37.805 [DEBUG] [org.gradle.launcher.daemon.server.DefaultDaemonConnection] Received non-IO message from client: org.gradle.launcher.daemon.protocol.Finished@4e97264f
20:03:37.806 [DEBUG] [org.gradle.launcher.daemon.server.DefaultIncomingConnectionHandler] Received finished message: org.gradle.launcher.daemon.protocol.Finished@4e97264f
20:03:37.806 [DEBUG] [org.gradle.launcher.daemon.server.SynchronizedDispatchConnection] thread 35: received null
20:03:37.806 [DEBUG] [org.gradle.launcher.daemon.server.SynchronizedDispatchConnection] thread 30: stopping connection
20:03:37.806 [DEBUG] [org.gradle.launcher.daemon.server.DefaultDaemonConnection] Received end-of-input from client.
20:03:37.809 [DEBUG] [org.gradle.launcher.daemon.server.SynchronizedDispatchConnection] thread 30: stopping connection
20:03:42.961 [DEBUG] [org.gradle.messaging.remote.internal.inet.TcpIncomingConnector] Accepted connection from /127.0.0.1:54783 to /127.0.0.1:54518.
20:03:42.963 [DEBUG] [org.gradle.launcher.daemon.server.SynchronizedDispatchConnection] thread 38: received class org.gradle.launcher.daemon.protocol.StopWhenIdle
20:03:42.963 [DEBUG] [org.gradle.launcher.daemon.server.DefaultDaemonConnection] Received non-IO message from client: StopWhenIdle[id=4a6a88e9-e134-404e-99b5-556609665e75.1]
20:03:42.963 [INFO] [org.gradle.launcher.daemon.server.DefaultIncomingConnectionHandler] Received command: StopWhenIdle[id=4a6a88e9-e134-404e-99b5-556609665e75.1].
20:03:42.963 [DEBUG] [org.gradle.launcher.daemon.server.DefaultIncomingConnectionHandler] Starting executing command: StopWhenIdle[id=4a6a88e9-e134-404e-99b5-556609665e75.1] with connection: socket connection from /127.0.0.1:54518 to /127.0.0.1:54783.
20:03:42.964 [DEBUG] [org.gradle.launcher.daemon.server.DaemonStateCoordinator] Stop as soon as idle requested. The daemon is busy: false
20:03:42.964 [DEBUG] [org.gradle.launcher.daemon.server.DaemonStateCoordinator] Marking daemon stopped due to stop requested and daemon idle. The daemon is running a build: false
20:03:42.964 [DEBUG] [org.gradle.launcher.daemon.server.SynchronizedDispatchConnection] thread 30: dispatching class org.gradle.launcher.daemon.protocol.Success
20:03:42.964 [DEBUG] [org.gradle.launcher.daemon.server.DaemonStateCoordinator] Idle timeout: daemon has stopped.
20:03:42.964 [DEBUG] [org.gradle.launcher.daemon.server.DefaultIncomingConnectionHandler] Finishing executing command: StopWhenIdle[id=4a6a88e9-e134-404e-99b5-556609665e75.1]
20:03:42.965 [DEBUG] [org.gradle.launcher.daemon.server.SynchronizedDispatchConnection] thread 38: received class org.gradle.launcher.daemon.protocol.Finished
20:03:42.965 [DEBUG] [org.gradle.launcher.daemon.server.Daemon] stop() called on daemon
20:03:42.965 [DEBUG] [org.gradle.launcher.daemon.server.DefaultDaemonConnection] Received non-IO message from client: org.gradle.launcher.daemon.protocol.Finished@29f5cf83
20:03:42.965 [INFO] [org.gradle.launcher.daemon.server.Daemon] Stop requested. Daemon is removing its presence from the registry...
20:03:42.966 [DEBUG] [org.gradle.launcher.daemon.server.SynchronizedDispatchConnection] thread 38: received null
20:03:42.966 [DEBUG] [org.gradle.launcher.daemon.server.DefaultDaemonConnection] Received end-of-input from client.
20:03:42.966 [DEBUG] [org.gradle.launcher.daemon.server.DefaultIncomingConnectionHandler] Received finished message: org.gradle.launcher.daemon.protocol.Finished@29f5cf83
20:03:42.966 [DEBUG] [org.gradle.launcher.daemon.server.DomainRegistryUpdater] Removing our presence to clients, eg. removing this address from the registry: [aa1b9985-fe39-4de0-8e43-018cb561f2ec port:54518, addresses:[/0:0:0:0:0:0:0:1, /127.0.0.1]]
20:03:42.967 [DEBUG] [org.gradle.launcher.daemon.server.SynchronizedDispatchConnection] thread 30: stopping connection
20:03:42.967 [DEBUG] [org.gradle.launcher.daemon.registry.PersistentDaemonRegistry] Removing daemon address: [aa1b9985-fe39-4de0-8e43-018cb561f2ec port:54518, addresses:[/0:0:0:0:0:0:0:1, /127.0.0.1]]
20:03:42.968 [DEBUG] [org.gradle.launcher.daemon.server.SynchronizedDispatchConnection] thread 30: stopping connection
20:03:42.968 [DEBUG] [org.gradle.cache.internal.DefaultFileLockManager] Waiting to acquire exclusive lock on daemon addresses registry.
20:03:42.969 [DEBUG] [org.gradle.cache.internal.DefaultFileLockManager] Lock acquired.
20:03:42.970 [DEBUG] [org.gradle.cache.internal.DefaultFileLockManager] Releasing lock on daemon addresses registry.
20:03:42.970 [DEBUG] [org.gradle.launcher.daemon.server.DomainRegistryUpdater] Address removed from registry.
Daemon vm is shutting down... The daemon has exited normally or was terminated in response to a user interrupt.
20:03:42.972 [DEBUG] [org.gradle.launcher.daemon.registry.PersistentDaemonRegistry] Removing daemon address: [aa1b9985-fe39-4de0-8e43-018cb561f2ec port:54518, addresses:[/0:0:0:0:0:0:0:1, /127.0.0.1]]
20:03:42.972 [DEBUG] [org.gradle.cache.internal.DefaultFileLockManager] Waiting to acquire exclusive lock on daemon addresses registry.
20:03:42.972 [DEBUG] [org.gradle.cache.internal.DefaultFileLockManager] Lock acquired.
20:03:42.973 [DEBUG] [org.gradle.cache.internal.DefaultFileLockManager] Releasing lock on daemon addresses registry.
